[ 2017-04-28T16:53:38+08:00 ] 127.0.0.1 127.0.0.1 GET /admin/index/index.html
[ log ] www.yzncms.com/admin/index/index.html [运行时间：0.030001s][吞吐率：33.33req/s] [内存消耗：395.43kb] [文件加载：47]
[ info ] [ LANG ] E:\yzncms\thinkphp\lang\zh-cn.php
[ info ] [ ROUTE ] array (
  'type' => 'module',
  'module' => 
  array (
    0 => 'admin',
    1 => 'index',
    2 => 'index',
  ),
)
[ info ] [ HEADER ] array (
  'host' => 'www.yzncms.com',
  'connection' => 'keep-alive',
  'cache-control' => 'max-age=0',
  'accept' => 'text/html,application/xhtml+xml,application/xml;q=0.9,image/webp,*/*;q=0.8',
  'upgrade-insecure-requests' => '1',
  'user-agent' => 'Mozilla/5.0 (Windows NT 6.1; WOW64) AppleWebKit/537.36 (KHTML, like Gecko) Chrome/45.0.2454.101 Safari/537.36',
  'accept-encoding' => 'gzip, deflate, sdch',
  'accept-language' => 'zh-CN,zh;q=0.8',
  'cookie' => 'thinkphp_show_page_trace=0|0; PHPSESSID=am8q78jpas25ocm1ogltqtopr2; thinkphp_show_page_trace=0|0; workspaceParam=%2FAdmin%2Fmanager%2Findex%2Fmenuid%2F12.html',
)
[ info ] [ PARAM ] array (
)
[ info ] [ SESSION ] INIT array (
  'id' => '',
  'var_session_id' => '',
  'prefix' => 'think',
  'type' => '',
  'auto_start' => true,
)
[ info ] [ CACHE ] INIT File
[ info ] [ RUN ] app\admin\controller\Index->index[ E:\yzncms\apps\admin\controller\Index.php ]
[ info ] [ DB ] INIT mysql
[ info ] [ LOG ] INIT File
[ sql ] [ DB ] CONNECT:[ UseTime:0.001000s ] mysql:dbname=yzncms;host=127.0.0.1;charset=utf8
[ sql ] [ SQL ] SHOW COLUMNS FROM `yzn_menu` [ RunTime:0.015001s ]
[ sql ] [ SQL ] SELECT * FROM `yzn_menu` WHERE  `pid` = 0  AND `status` = 1 ORDER BY listorder ASC,id ASC [ RunTime:0.001000s ]

---------------------------------------------------------------
[ 2017-04-28T16:53:38+08:00 ] 127.0.0.1 127.0.0.1 GET /admin/index/index.html
[ log ] www.yzncms.com/admin/index/index.html [运行时间：0.030002s][吞吐率：33.33req/s] [内存消耗：393.74kb] [文件加载：47]
[ info ] [ LANG ] E:\yzncms\thinkphp\lang\zh-cn.php
[ info ] [ ROUTE ] array (
  'type' => 'module',
  'module' => 
  array (
    0 => 'admin',
    1 => 'index',
    2 => 'index',
  ),
)
[ info ] [ HEADER ] array (
  'host' => 'www.yzncms.com',
  'connection' => 'keep-alive',
  'cache-control' => 'max-age=0',
  'accept' => 'text/html,application/xhtml+xml,application/xml;q=0.9,image/webp,*/*;q=0.8',
  'upgrade-insecure-requests' => '1',
  'user-agent' => 'Mozilla/5.0 (Windows NT 6.1; WOW64) AppleWebKit/537.36 (KHTML, like Gecko) Chrome/45.0.2454.101 Safari/537.36',
  'accept-encoding' => 'gzip, deflate, sdch',
  'accept-language' => 'zh-CN,zh;q=0.8',
  'cookie' => 'thinkphp_show_page_trace=0|0; PHPSESSID=am8q78jpas25ocm1ogltqtopr2; thinkphp_show_page_trace=0|0; workspaceParam=%2FAdmin%2Fmanager%2Findex%2Fmenuid%2F12.html',
)
[ info ] [ PARAM ] array (
)
[ info ] [ SESSION ] INIT array (
  'id' => '',
  'var_session_id' => '',
  'prefix' => 'think',
  'type' => '',
  'auto_start' => true,
)
[ info ] [ CACHE ] INIT File
[ info ] [ RUN ] app\admin\controller\Index->index[ E:\yzncms\apps\admin\controller\Index.php ]
[ info ] [ DB ] INIT mysql
[ info ] [ LOG ] INIT File
[ sql ] [ DB ] CONNECT:[ UseTime:0.001000s ] mysql:dbname=yzncms;host=127.0.0.1;charset=utf8
[ sql ] [ SQL ] SHOW COLUMNS FROM `yzn_menu` [ RunTime:0.014000s ]
[ sql ] [ SQL ] SELECT * FROM `yzn_menu` WHERE  `pid` = 0  AND `status` = 1 ORDER BY listorder ASC,id ASC [ RunTime:0.001000s ]

---------------------------------------------------------------
[ 2017-04-28T16:54:55+08:00 ] 127.0.0.1 127.0.0.1 GET /admin/index/index.html
[ log ] www.yzncms.com/admin/index/index.html [运行时间：0.040003s][吞吐率：25.00req/s] [内存消耗：392.79kb] [文件加载：54]
[ info ] [ LANG ] E:\yzncms\thinkphp\lang\zh-cn.php
[ info ] [ ROUTE ] array (
  'type' => 'module',
  'module' => 
  array (
    0 => 'admin',
    1 => 'index',
    2 => 'index',
  ),
)
[ info ] [ HEADER ] array (
  'host' => 'www.yzncms.com',
  'connection' => 'keep-alive',
  'cache-control' => 'max-age=0',
  'accept' => 'text/html,application/xhtml+xml,application/xml;q=0.9,image/webp,*/*;q=0.8',
  'upgrade-insecure-requests' => '1',
  'user-agent' => 'Mozilla/5.0 (Windows NT 6.1; WOW64) AppleWebKit/537.36 (KHTML, like Gecko) Chrome/45.0.2454.101 Safari/537.36',
  'accept-encoding' => 'gzip, deflate, sdch',
  'accept-language' => 'zh-CN,zh;q=0.8',
  'cookie' => 'thinkphp_show_page_trace=0|0; PHPSESSID=am8q78jpas25ocm1ogltqtopr2; thinkphp_show_page_trace=0|0; workspaceParam=%2FAdmin%2Fmanager%2Findex%2Fmenuid%2F12.html',
)
[ info ] [ PARAM ] array (
)
[ info ] [ SESSION ] INIT array (
  'id' => '',
  'var_session_id' => '',
  'prefix' => 'think',
  'type' => '',
  'auto_start' => true,
)
[ info ] [ CACHE ] INIT File
[ info ] [ RUN ] app\admin\controller\Index->index[ E:\yzncms\apps\admin\controller\Index.php ]
[ info ] [ DB ] INIT mysql
[ info ] [ LOG ] INIT File
[ sql ] [ DB ] CONNECT:[ UseTime:0.001000s ] mysql:dbname=yzncms;host=127.0.0.1;charset=utf8
[ sql ] [ SQL ] SHOW COLUMNS FROM `yzn_menu` [ RunTime:0.014001s ]
[ sql ] [ SQL ] SELECT * FROM `yzn_menu` WHERE  `pid` = 0  AND `status` = 1 ORDER BY listorder ASC,id ASC [ RunTime:0.001000s ]
[ error ] [8]未定义变量: ret[E:\yzncms\apps\admin\model\Menu.php:107]

---------------------------------------------------------------
[ 2017-04-28T16:54:56+08:00 ] 127.0.0.1 127.0.0.1 GET /admin/index/index.html
[ log ] www.yzncms.com/admin/index/index.html [运行时间：0.032002s][吞吐率：31.25req/s] [内存消耗：391.05kb] [文件加载：54]
[ info ] [ LANG ] E:\yzncms\thinkphp\lang\zh-cn.php
[ info ] [ ROUTE ] array (
  'type' => 'module',
  'module' => 
  array (
    0 => 'admin',
    1 => 'index',
    2 => 'index',
  ),
)
[ info ] [ HEADER ] array (
  'host' => 'www.yzncms.com',
  'connection' => 'keep-alive',
  'cache-control' => 'max-age=0',
  'accept' => 'text/html,application/xhtml+xml,application/xml;q=0.9,image/webp,*/*;q=0.8',
  'upgrade-insecure-requests' => '1',
  'user-agent' => 'Mozilla/5.0 (Windows NT 6.1; WOW64) AppleWebKit/537.36 (KHTML, like Gecko) Chrome/45.0.2454.101 Safari/537.36',
  'accept-encoding' => 'gzip, deflate, sdch',
  'accept-language' => 'zh-CN,zh;q=0.8',
  'cookie' => 'thinkphp_show_page_trace=0|0; PHPSESSID=am8q78jpas25ocm1ogltqtopr2; thinkphp_show_page_trace=0|0; workspaceParam=%2FAdmin%2Fmanager%2Findex%2Fmenuid%2F12.html',
)
[ info ] [ PARAM ] array (
)
[ info ] [ SESSION ] INIT array (
  'id' => '',
  'var_session_id' => '',
  'prefix' => 'think',
  'type' => '',
  'auto_start' => true,
)
[ info ] [ CACHE ] INIT File
[ info ] [ RUN ] app\admin\controller\Index->index[ E:\yzncms\apps\admin\controller\Index.php ]
[ info ] [ DB ] INIT mysql
[ info ] [ LOG ] INIT File
[ sql ] [ DB ] CONNECT:[ UseTime:0.001000s ] mysql:dbname=yzncms;host=127.0.0.1;charset=utf8
[ sql ] [ SQL ] SHOW COLUMNS FROM `yzn_menu` [ RunTime:0.014001s ]
[ sql ] [ SQL ] SELECT * FROM `yzn_menu` WHERE  `pid` = 0  AND `status` = 1 ORDER BY listorder ASC,id ASC [ RunTime:0.001000s ]
[ error ] [8]未定义变量: ret[E:\yzncms\apps\admin\model\Menu.php:107]

---------------------------------------------------------------
[ 2017-04-28T16:54:56+08:00 ] 127.0.0.1 127.0.0.1 GET /admin/index/index.html
[ log ] www.yzncms.com/admin/index/index.html [运行时间：0.032002s][吞吐率：31.25req/s] [内存消耗：391.05kb] [文件加载：54]
[ info ] [ LANG ] E:\yzncms\thinkphp\lang\zh-cn.php
[ info ] [ ROUTE ] array (
  'type' => 'module',
  'module' => 
  array (
    0 => 'admin',
    1 => 'index',
    2 => 'index',
  ),
)
[ info ] [ HEADER ] array (
  'host' => 'www.yzncms.com',
  'connection' => 'keep-alive',
  'cache-control' => 'max-age=0',
  'accept' => 'text/html,application/xhtml+xml,application/xml;q=0.9,image/webp,*/*;q=0.8',
  'upgrade-insecure-requests' => '1',
  'user-agent' => 'Mozilla/5.0 (Windows NT 6.1; WOW64) AppleWebKit/537.36 (KHTML, like Gecko) Chrome/45.0.2454.101 Safari/537.36',
  'accept-encoding' => 'gzip, deflate, sdch',
  'accept-language' => 'zh-CN,zh;q=0.8',
  'cookie' => 'thinkphp_show_page_trace=0|0; PHPSESSID=am8q78jpas25ocm1ogltqtopr2; thinkphp_show_page_trace=0|0; workspaceParam=%2FAdmin%2Fmanager%2Findex%2Fmenuid%2F12.html',
)
[ info ] [ PARAM ] array (
)
[ info ] [ SESSION ] INIT array (
  'id' => '',
  'var_session_id' => '',
  'prefix' => 'think',
  'type' => '',
  'auto_start' => true,
)
[ info ] [ CACHE ] INIT File
[ info ] [ RUN ] app\admin\controller\Index->index[ E:\yzncms\apps\admin\controller\Index.php ]
[ info ] [ DB ] INIT mysql
[ info ] [ LOG ] INIT File
[ sql ] [ DB ] CONNECT:[ UseTime:0.001000s ] mysql:dbname=yzncms;host=127.0.0.1;charset=utf8
[ sql ] [ SQL ] SHOW COLUMNS FROM `yzn_menu` [ RunTime:0.015001s ]
[ sql ] [ SQL ] SELECT * FROM `yzn_menu` WHERE  `pid` = 0  AND `status` = 1 ORDER BY listorder ASC,id ASC [ RunTime:0.000000s ]
[ error ] [8]未定义变量: ret[E:\yzncms\apps\admin\model\Menu.php:107]

---------------------------------------------------------------
[ 2017-04-28T16:54:57+08:00 ] 127.0.0.1 127.0.0.1 GET /admin/index/index.html
[ log ] www.yzncms.com/admin/index/index.html [运行时间：0.025002s][吞吐率：40.00req/s] [内存消耗：391.05kb] [文件加载：54]
[ info ] [ LANG ] E:\yzncms\thinkphp\lang\zh-cn.php
[ info ] [ ROUTE ] array (
  'type' => 'module',
  'module' => 
  array (
    0 => 'admin',
    1 => 'index',
    2 => 'index',
  ),
)
[ info ] [ HEADER ] array (
  'host' => 'www.yzncms.com',
  'connection' => 'keep-alive',
  'cache-control' => 'max-age=0',
  'accept' => 'text/html,application/xhtml+xml,application/xml;q=0.9,image/webp,*/*;q=0.8',
  'upgrade-insecure-requests' => '1',
  'user-agent' => 'Mozilla/5.0 (Windows NT 6.1; WOW64) AppleWebKit/537.36 (KHTML, like Gecko) Chrome/45.0.2454.101 Safari/537.36',
  'accept-encoding' => 'gzip, deflate, sdch',
  'accept-language' => 'zh-CN,zh;q=0.8',
  'cookie' => 'thinkphp_show_page_trace=0|0; PHPSESSID=am8q78jpas25ocm1ogltqtopr2; thinkphp_show_page_trace=0|0; workspaceParam=%2FAdmin%2Fmanager%2Findex%2Fmenuid%2F12.html',
)
[ info ] [ PARAM ] array (
)
[ info ] [ SESSION ] INIT array (
  'id' => '',
  'var_session_id' => '',
  'prefix' => 'think',
  'type' => '',
  'auto_start' => true,
)
[ info ] [ CACHE ] INIT File
[ info ] [ RUN ] app\admin\controller\Index->index[ E:\yzncms\apps\admin\controller\Index.php ]
[ info ] [ DB ] INIT mysql
[ info ] [ LOG ] INIT File
[ sql ] [ DB ] CONNECT:[ UseTime:0.001000s ] mysql:dbname=yzncms;host=127.0.0.1;charset=utf8
[ sql ] [ SQL ] SHOW COLUMNS FROM `yzn_menu` [ RunTime:0.012000s ]
[ sql ] [ SQL ] SELECT * FROM `yzn_menu` WHERE  `pid` = 0  AND `status` = 1 ORDER BY listorder ASC,id ASC [ RunTime:0.001000s ]
[ error ] [8]未定义变量: ret[E:\yzncms\apps\admin\model\Menu.php:107]

---------------------------------------------------------------
[ 2017-04-28T16:54:57+08:00 ] 127.0.0.1 127.0.0.1 GET /admin/index/index.html
[ log ] www.yzncms.com/admin/index/index.html [运行时间：0.030002s][吞吐率：33.33req/s] [内存消耗：391.05kb] [文件加载：54]
[ info ] [ LANG ] E:\yzncms\thinkphp\lang\zh-cn.php
[ info ] [ ROUTE ] array (
  'type' => 'module',
  'module' => 
  array (
    0 => 'admin',
    1 => 'index',
    2 => 'index',
  ),
)
[ info ] [ HEADER ] array (
  'host' => 'www.yzncms.com',
  'connection' => 'keep-alive',
  'cache-control' => 'max-age=0',
  'accept' => 'text/html,application/xhtml+xml,application/xml;q=0.9,image/webp,*/*;q=0.8',
  'upgrade-insecure-requests' => '1',
  'user-agent' => 'Mozilla/5.0 (Windows NT 6.1; WOW64) AppleWebKit/537.36 (KHTML, like Gecko) Chrome/45.0.2454.101 Safari/537.36',
  'accept-encoding' => 'gzip, deflate, sdch',
  'accept-language' => 'zh-CN,zh;q=0.8',
  'cookie' => 'thinkphp_show_page_trace=0|0; PHPSESSID=am8q78jpas25ocm1ogltqtopr2; thinkphp_show_page_trace=0|0; workspaceParam=%2FAdmin%2Fmanager%2Findex%2Fmenuid%2F12.html',
)
[ info ] [ PARAM ] array (
)
[ info ] [ SESSION ] INIT array (
  'id' => '',
  'var_session_id' => '',
  'prefix' => 'think',
  'type' => '',
  'auto_start' => true,
)
[ info ] [ CACHE ] INIT File
[ info ] [ RUN ] app\admin\controller\Index->index[ E:\yzncms\apps\admin\controller\Index.php ]
[ info ] [ DB ] INIT mysql
[ info ] [ LOG ] INIT File
[ sql ] [ DB ] CONNECT:[ UseTime:0.001000s ] mysql:dbname=yzncms;host=127.0.0.1;charset=utf8
[ sql ] [ SQL ] SHOW COLUMNS FROM `yzn_menu` [ RunTime:0.013001s ]
[ sql ] [ SQL ] SELECT * FROM `yzn_menu` WHERE  `pid` = 0  AND `status` = 1 ORDER BY listorder ASC,id ASC [ RunTime:0.001000s ]
[ error ] [8]未定义变量: ret[E:\yzncms\apps\admin\model\Menu.php:107]

---------------------------------------------------------------
[ 2017-04-28T16:54:57+08:00 ] 127.0.0.1 127.0.0.1 GET /admin/index/index.html
[ log ] www.yzncms.com/admin/index/index.html [运行时间：0.029001s][吞吐率：34.48req/s] [内存消耗：391.05kb] [文件加载：54]
[ info ] [ LANG ] E:\yzncms\thinkphp\lang\zh-cn.php
[ info ] [ ROUTE ] array (
  'type' => 'module',
  'module' => 
  array (
    0 => 'admin',
    1 => 'index',
    2 => 'index',
  ),
)
[ info ] [ HEADER ] array (
  'host' => 'www.yzncms.com',
  'connection' => 'keep-alive',
  'cache-control' => 'max-age=0',
  'accept' => 'text/html,application/xhtml+xml,application/xml;q=0.9,image/webp,*/*;q=0.8',
  'upgrade-insecure-requests' => '1',
  'user-agent' => 'Mozilla/5.0 (Windows NT 6.1; WOW64) AppleWebKit/537.36 (KHTML, like Gecko) Chrome/45.0.2454.101 Safari/537.36',
  'accept-encoding' => 'gzip, deflate, sdch',
  'accept-language' => 'zh-CN,zh;q=0.8',
  'cookie' => 'thinkphp_show_page_trace=0|0; PHPSESSID=am8q78jpas25ocm1ogltqtopr2; thinkphp_show_page_trace=0|0; workspaceParam=%2FAdmin%2Fmanager%2Findex%2Fmenuid%2F12.html',
)
[ info ] [ PARAM ] array (
)
[ info ] [ SESSION ] INIT array (
  'id' => '',
  'var_session_id' => '',
  'prefix' => 'think',
  'type' => '',
  'auto_start' => true,
)
[ info ] [ CACHE ] INIT File
[ info ] [ RUN ] app\admin\controller\Index->index[ E:\yzncms\apps\admin\controller\Index.php ]
[ info ] [ DB ] INIT mysql
[ info ] [ LOG ] INIT File
[ sql ] [ DB ] CONNECT:[ UseTime:0.001000s ] mysql:dbname=yzncms;host=127.0.0.1;charset=utf8
[ sql ] [ SQL ] SHOW COLUMNS FROM `yzn_menu` [ RunTime:0.015001s ]
[ sql ] [ SQL ] SELECT * FROM `yzn_menu` WHERE  `pid` = 0  AND `status` = 1 ORDER BY listorder ASC,id ASC [ RunTime:0.001000s ]
[ error ] [8]未定义变量: ret[E:\yzncms\apps\admin\model\Menu.php:107]

---------------------------------------------------------------
[ 2017-04-28T16:54:57+08:00 ] 127.0.0.1 127.0.0.1 GET /admin/index/index.html
[ log ] www.yzncms.com/admin/index/index.html [运行时间：0.020001s][吞吐率：50.00req/s] [内存消耗：391.05kb] [文件加载：54]
[ info ] [ LANG ] E:\yzncms\thinkphp\lang\zh-cn.php
[ info ] [ ROUTE ] array (
  'type' => 'module',
  'module' => 
  array (
    0 => 'admin',
    1 => 'index',
    2 => 'index',
  ),
)
[ info ] [ HEADER ] array (
  'host' => 'www.yzncms.com',
  'connection' => 'keep-alive',
  'cache-control' => 'max-age=0',
  'accept' => 'text/html,application/xhtml+xml,application/xml;q=0.9,image/webp,*/*;q=0.8',
  'upgrade-insecure-requests' => '1',
  'user-agent' => 'Mozilla/5.0 (Windows NT 6.1; WOW64) AppleWebKit/537.36 (KHTML, like Gecko) Chrome/45.0.2454.101 Safari/537.36',
  'accept-encoding' => 'gzip, deflate, sdch',
  'accept-language' => 'zh-CN,zh;q=0.8',
  'cookie' => 'thinkphp_show_page_trace=0|0; PHPSESSID=am8q78jpas25ocm1ogltqtopr2; thinkphp_show_page_trace=0|0; workspaceParam=%2FAdmin%2Fmanager%2Findex%2Fmenuid%2F12.html',
)
[ info ] [ PARAM ] array (
)
[ info ] [ SESSION ] INIT array (
  'id' => '',
  'var_session_id' => '',
  'prefix' => 'think',
  'type' => '',
  'auto_start' => true,
)
[ info ] [ CACHE ] INIT File
[ info ] [ RUN ] app\admin\controller\Index->index[ E:\yzncms\apps\admin\controller\Index.php ]
[ info ] [ DB ] INIT mysql
[ info ] [ LOG ] INIT File
[ sql ] [ DB ] CONNECT:[ UseTime:0.001000s ] mysql:dbname=yzncms;host=127.0.0.1;charset=utf8
[ sql ] [ SQL ] SHOW COLUMNS FROM `yzn_menu` [ RunTime:0.008001s ]
[ sql ] [ SQL ] SELECT * FROM `yzn_menu` WHERE  `pid` = 0  AND `status` = 1 ORDER BY listorder ASC,id ASC [ RunTime:0.000000s ]
[ error ] [8]未定义变量: ret[E:\yzncms\apps\admin\model\Menu.php:107]

---------------------------------------------------------------
[ 2017-04-28T16:54:57+08:00 ] 127.0.0.1 127.0.0.1 GET /admin/index/index.html
[ log ] www.yzncms.com/admin/index/index.html [运行时间：0.032002s][吞吐率：31.25req/s] [内存消耗：391.05kb] [文件加载：54]
[ info ] [ LANG ] E:\yzncms\thinkphp\lang\zh-cn.php
[ info ] [ ROUTE ] array (
  'type' => 'module',
  'module' => 
  array (
    0 => 'admin',
    1 => 'index',
    2 => 'index',
  ),
)
[ info ] [ HEADER ] array (
  'host' => 'www.yzncms.com',
  'connection' => 'keep-alive',
  'cache-control' => 'max-age=0',
  'accept' => 'text/html,application/xhtml+xml,application/xml;q=0.9,image/webp,*/*;q=0.8',
  'upgrade-insecure-requests' => '1',
  'user-agent' => 'Mozilla/5.0 (Windows NT 6.1; WOW64) AppleWebKit/537.36 (KHTML, like Gecko) Chrome/45.0.2454.101 Safari/537.36',
  'accept-encoding' => 'gzip, deflate, sdch',
  'accept-language' => 'zh-CN,zh;q=0.8',
  'cookie' => 'thinkphp_show_page_trace=0|0; PHPSESSID=am8q78jpas25ocm1ogltqtopr2; thinkphp_show_page_trace=0|0; workspaceParam=%2FAdmin%2Fmanager%2Findex%2Fmenuid%2F12.html',
)
[ info ] [ PARAM ] array (
)
[ info ] [ SESSION ] INIT array (
  'id' => '',
  'var_session_id' => '',
  'prefix' => 'think',
  'type' => '',
  'auto_start' => true,
)
[ info ] [ CACHE ] INIT File
[ info ] [ RUN ] app\admin\controller\Index->index[ E:\yzncms\apps\admin\controller\Index.php ]
[ info ] [ DB ] INIT mysql
[ info ] [ LOG ] INIT File
[ sql ] [ DB ] CONNECT:[ UseTime:0.001000s ] mysql:dbname=yzncms;host=127.0.0.1;charset=utf8
[ sql ] [ SQL ] SHOW COLUMNS FROM `yzn_menu` [ RunTime:0.014001s ]
[ sql ] [ SQL ] SELECT * FROM `yzn_menu` WHERE  `pid` = 0  AND `status` = 1 ORDER BY listorder ASC,id ASC [ RunTime:0.001000s ]
[ error ] [8]未定义变量: ret[E:\yzncms\apps\admin\model\Menu.php:107]

---------------------------------------------------------------
