---------------------------------------------------------------
[ 2017-06-20T17:41:09+08:00 ] 127.0.0.1 127.0.0.1 GET /
[ info ] www.yzncms.com/ [运行时间：0.077005s][吞吐率：12.99req/s] [内存消耗：1,105.29kb] [文件加载：29]
[ info ] [ LANG ] E:\yzncms\thinkphp\lang\zh-cn.php
[ info ] [ ROUTE ] array (
  'type' => 'module',
  'module' => 
  array (
    0 => '',
    1 => NULL,
    2 => NULL,
  ),
)
[ info ] [ HEADER ] array (
  'host' => 'www.yzncms.com',
  'connection' => 'keep-alive',
  'accept' => 'text/html,application/xhtml+xml,application/xml;q=0.9,image/webp,*/*;q=0.8',
  'upgrade-insecure-requests' => '1',
  'user-agent' => 'Mozilla/5.0 (Windows NT 6.1; WOW64) AppleWebKit/537.36 (KHTML, like Gecko) Chrome/45.0.2454.101 Safari/537.36',
  'accept-encoding' => 'gzip, deflate, sdch',
  'accept-language' => 'zh-CN,zh;q=0.8',
  'cookie' => 'bgColorSelectorPosition=0; workspaceParam=%2FAdmin%2Fauth_manager%2Findex%2Fmenuid%2F19.html',
)
[ info ] [ PARAM ] array (
)
[ info ] [ RUN ] app\home\controller\Index->index[ E:\yzncms\apps\home\controller\Index.php ]
[ info ] [ LOG ] INIT File
---------------------------------------------------------------
[ 2017-06-20T17:41:12+08:00 ] 127.0.0.1 127.0.0.1 GET /admin
[ info ] www.yzncms.com/admin [运行时间：0.122205s][吞吐率：8.18req/s] [内存消耗：1,696.50kb] [文件加载：45]
[ info ] [ LANG ] E:\yzncms\thinkphp\lang\zh-cn.php
[ info ] [ ROUTE ] array (
  'type' => 'module',
  'module' => 
  array (
    0 => 'admin',
    1 => NULL,
    2 => NULL,
  ),
)
[ info ] [ HEADER ] array (
  'host' => 'www.yzncms.com',
  'connection' => 'keep-alive',
  'accept' => 'text/html,application/xhtml+xml,application/xml;q=0.9,image/webp,*/*;q=0.8',
  'upgrade-insecure-requests' => '1',
  'user-agent' => 'Mozilla/5.0 (Windows NT 6.1; WOW64) AppleWebKit/537.36 (KHTML, like Gecko) Chrome/45.0.2454.101 Safari/537.36',
  'accept-encoding' => 'gzip, deflate, sdch',
  'accept-language' => 'zh-CN,zh;q=0.8',
  'cookie' => 'bgColorSelectorPosition=0; workspaceParam=%2FAdmin%2Fauth_manager%2Findex%2Fmenuid%2F19.html; thinkphp_show_page_trace=0|0',
)
[ info ] [ PARAM ] array (
)
[ info ] [ SESSION ] INIT array (
  'id' => '',
  'var_session_id' => '',
  'prefix' => 'think',
  'type' => '',
  'auto_start' => true,
)
[ info ] [ VIEW ] E:\yzncms/apps/admin\view\public\dispatch_jump.tpl [ array (
  0 => 'code',
  1 => 'msg',
  2 => 'data',
  3 => 'url',
  4 => 'wait',
) ]
[ info ] [ LOG ] INIT File
---------------------------------------------------------------
[ 2017-06-20T17:41:14+08:00 ] 127.0.0.1 127.0.0.1 GET /admin/index/login.html
[ info ] www.yzncms.com/admin/index/login.html [运行时间：0.080203s][吞吐率：12.47req/s] [内存消耗：1,695.16kb] [文件加载：44]
[ info ] [ LANG ] E:\yzncms\thinkphp\lang\zh-cn.php
[ info ] [ ROUTE ] array (
  'type' => 'module',
  'module' => 
  array (
    0 => 'admin',
    1 => 'index',
    2 => 'login',
  ),
)
[ info ] [ HEADER ] array (
  'host' => 'www.yzncms.com',
  'connection' => 'keep-alive',
  'accept' => 'text/html,application/xhtml+xml,application/xml;q=0.9,image/webp,*/*;q=0.8',
  'upgrade-insecure-requests' => '1',
  'user-agent' => 'Mozilla/5.0 (Windows NT 6.1; WOW64) AppleWebKit/537.36 (KHTML, like Gecko) Chrome/45.0.2454.101 Safari/537.36',
  'referer' => 'http://www.yzncms.com/admin',
  'accept-encoding' => 'gzip, deflate, sdch',
  'accept-language' => 'zh-CN,zh;q=0.8',
  'cookie' => 'bgColorSelectorPosition=0; workspaceParam=%2FAdmin%2Fauth_manager%2Findex%2Fmenuid%2F19.html; PHPSESSID=pkg0lo7fetq35uh0iav4jinvo4; thinkphp_show_page_trace=0|0',
)
[ info ] [ PARAM ] array (
)
[ info ] [ SESSION ] INIT array (
  'id' => '',
  'var_session_id' => '',
  'prefix' => 'think',
  'type' => '',
  'auto_start' => true,
)
[ info ] [ RUN ] app\admin\controller\Index->login[ E:\yzncms\apps\admin\controller\Index.php ]
[ info ] [ VIEW ] E:\yzncms/apps/admin\view\login.html [ array (
) ]
[ info ] [ LOG ] INIT File
---------------------------------------------------------------
[ 2017-06-20T17:41:14+08:00 ] 127.0.0.1 127.0.0.1 GET /admin/index/getverify.html
[ info ] www.yzncms.com/admin/index/getverify.html [运行时间：0.048003s][吞吐率：20.83req/s] [内存消耗：1,542.91kb] [文件加载：41]
[ info ] [ LANG ] E:\yzncms\thinkphp\lang\zh-cn.php
[ info ] [ ROUTE ] array (
  'type' => 'module',
  'module' => 
  array (
    0 => 'admin',
    1 => 'index',
    2 => 'getverify',
  ),
)
[ info ] [ HEADER ] array (
  'host' => 'www.yzncms.com',
  'connection' => 'keep-alive',
  'accept' => 'image/webp,image/*,*/*;q=0.8',
  'user-agent' => 'Mozilla/5.0 (Windows NT 6.1; WOW64) AppleWebKit/537.36 (KHTML, like Gecko) Chrome/45.0.2454.101 Safari/537.36',
  'referer' => 'http://www.yzncms.com/admin/index/login.html',
  'accept-encoding' => 'gzip, deflate, sdch',
  'accept-language' => 'zh-CN,zh;q=0.8',
  'cookie' => 'bgColorSelectorPosition=0; workspaceParam=%2FAdmin%2Fauth_manager%2Findex%2Fmenuid%2F19.html; PHPSESSID=pkg0lo7fetq35uh0iav4jinvo4; thinkphp_show_page_trace=0|0',
)
[ info ] [ PARAM ] array (
)
[ info ] [ SESSION ] INIT array (
  'id' => '',
  'var_session_id' => '',
  'prefix' => 'think',
  'type' => '',
  'auto_start' => true,
)
[ info ] [ RUN ] app\admin\controller\Index->getVerify[ E:\yzncms\apps\admin\controller\Index.php ]
[ info ] [ LOG ] INIT File
---------------------------------------------------------------
[ 2017-06-20T17:41:21+08:00 ] 127.0.0.1 127.0.0.1 GET /admin/index/getverify.html?0.3780274009332061
[ info ] www.yzncms.com/admin/index/getverify.html?0.3780274009332061 [运行时间：0.037002s][吞吐率：27.03req/s] [内存消耗：1,543.55kb] [文件加载：41]
[ info ] [ LANG ] E:\yzncms\thinkphp\lang\zh-cn.php
[ info ] [ ROUTE ] array (
  'type' => 'module',
  'module' => 
  array (
    0 => 'admin',
    1 => 'index',
    2 => 'getverify',
  ),
)
[ info ] [ HEADER ] array (
  'host' => 'www.yzncms.com',
  'connection' => 'keep-alive',
  'accept' => 'image/webp,image/*,*/*;q=0.8',
  'user-agent' => 'Mozilla/5.0 (Windows NT 6.1; WOW64) AppleWebKit/537.36 (KHTML, like Gecko) Chrome/45.0.2454.101 Safari/537.36',
  'referer' => 'http://www.yzncms.com/admin/index/login.html',
  'accept-encoding' => 'gzip, deflate, sdch',
  'accept-language' => 'zh-CN,zh;q=0.8',
  'cookie' => 'thinkphp_show_page_trace=0|0; bgColorSelectorPosition=0; workspaceParam=%2FAdmin%2Fauth_manager%2Findex%2Fmenuid%2F19.html; PHPSESSID=pkg0lo7fetq35uh0iav4jinvo4; thinkphp_show_page_trace=0|0',
)
[ info ] [ PARAM ] array (
  '0_3780274009332061' => '',
)
[ info ] [ SESSION ] INIT array (
  'id' => '',
  'var_session_id' => '',
  'prefix' => 'think',
  'type' => '',
  'auto_start' => true,
)
[ info ] [ RUN ] app\admin\controller\Index->getVerify[ E:\yzncms\apps\admin\controller\Index.php ]
[ info ] [ LOG ] INIT File
---------------------------------------------------------------
[ 2017-06-20T17:41:32+08:00 ] 127.0.0.1 127.0.0.1 POST /admin/index/login.html
[ info ] www.yzncms.com/admin/index/login.html [运行时间：0.086005s][吞吐率：11.63req/s] [内存消耗：2,877.45kb] [文件加载：55]
[ info ] [ LANG ] E:\yzncms\thinkphp\lang\zh-cn.php
[ info ] [ ROUTE ] array (
  'type' => 'module',
  'module' => 
  array (
    0 => 'admin',
    1 => 'index',
    2 => 'login',
  ),
)
[ info ] [ HEADER ] array (
  'host' => 'www.yzncms.com',
  'connection' => 'keep-alive',
  'content-length' => '43',
  'cache-control' => 'max-age=0',
  'accept' => 'text/html,application/xhtml+xml,application/xml;q=0.9,image/webp,*/*;q=0.8',
  'origin' => 'http://www.yzncms.com',
  'upgrade-insecure-requests' => '1',
  'user-agent' => 'Mozilla/5.0 (Windows NT 6.1; WOW64) AppleWebKit/537.36 (KHTML, like Gecko) Chrome/45.0.2454.101 Safari/537.36',
  'content-type' => 'application/x-www-form-urlencoded',
  'referer' => 'http://www.yzncms.com/admin/index/login.html',
  'accept-encoding' => 'gzip, deflate',
  'accept-language' => 'zh-CN,zh;q=0.8',
  'cookie' => 'thinkphp_show_page_trace=0|0; bgColorSelectorPosition=0; workspaceParam=%2FAdmin%2Fauth_manager%2Findex%2Fmenuid%2F19.html; PHPSESSID=pkg0lo7fetq35uh0iav4jinvo4; thinkphp_show_page_trace=0|0',
)
[ info ] [ PARAM ] array (
  'username' => 'admin',
  'password' => '123456',
  'captcha' => 'muwk',
)
[ info ] [ SESSION ] INIT array (
  'id' => '',
  'var_session_id' => '',
  'prefix' => 'think',
  'type' => '',
  'auto_start' => true,
)
[ info ] [ RUN ] app\admin\controller\Index->login[ E:\yzncms\apps\admin\controller\Index.php ]
[ info ] [ DB ] INIT mysql
[ info ] [ CACHE ] INIT File
[ info ] [ VIEW ] E:\yzncms/apps/admin\view\public\dispatch_jump.tpl [ array (
  0 => 'code',
  1 => 'msg',
  2 => 'data',
  3 => 'url',
  4 => 'wait',
) ]
[ info ] [ LOG ] INIT File
[ sql ] [ DB ] CONNECT:[ UseTime:0.001000s ] mysql:dbname=yzncms;host=127.0.0.1;charset=utf8
[ sql ] [ SQL ] SHOW COLUMNS FROM `yzn_admin` [ RunTime:0.010001s ]
[ sql ] [ SQL ] SELECT * FROM `yzn_admin` WHERE  `username` = 'admin' LIMIT 1 [ RunTime:0.000000s ]
[ sql ] [ SQL ] SHOW COLUMNS FROM `yzn_action` [ RunTime:0.007000s ]
[ sql ] [ SQL ] SELECT * FROM `yzn_action` WHERE  `name` = 'user_login' LIMIT 1 [ RunTime:0.001000s ]
[ sql ] [ SQL ] SELECT `username` FROM `yzn_admin` WHERE  `userid` = 1 LIMIT 1 [ RunTime:0.000000s ]
[ sql ] [ SQL ] SHOW COLUMNS FROM `yzn_action_log` [ RunTime:0.007000s ]
[ sql ] [ SQL ] INSERT INTO `yzn_action_log` (`action_id` , `user_id` , `action_ip` , `model` , `record_id` , `create_time` , `remark`) VALUES (1 , 1 , 2130706433 , 'member' , 1 , 1497951692 , 'admin在2017-06-20 17:41登录了后台') [ RunTime:0.001000s ]
[ sql ] [ SQL ] UPDATE `yzn_admin`  SET `last_login_time`=1497951692,`last_login_ip`=2130706433  WHERE  `userid` = 1 [ RunTime:0.000000s ]
---------------------------------------------------------------
[ 2017-06-20T17:41:33+08:00 ] 127.0.0.1 127.0.0.1 GET /admin/index/index.html
[ info ] www.yzncms.com/admin/index/index.html [运行时间：0.171209s][吞吐率：5.84req/s] [内存消耗：2,929.27kb] [文件加载：58]
[ info ] [ LANG ] E:\yzncms\thinkphp\lang\zh-cn.php
[ info ] [ ROUTE ] array (
  'type' => 'module',
  'module' => 
  array (
    0 => 'admin',
    1 => 'index',
    2 => 'index',
  ),
)
[ info ] [ HEADER ] array (
  'host' => 'www.yzncms.com',
  'connection' => 'keep-alive',
  'accept' => 'text/html,application/xhtml+xml,application/xml;q=0.9,image/webp,*/*;q=0.8',
  'upgrade-insecure-requests' => '1',
  'user-agent' => 'Mozilla/5.0 (Windows NT 6.1; WOW64) AppleWebKit/537.36 (KHTML, like Gecko) Chrome/45.0.2454.101 Safari/537.36',
  'referer' => 'http://www.yzncms.com/admin/index/login.html',
  'accept-encoding' => 'gzip, deflate, sdch',
  'accept-language' => 'zh-CN,zh;q=0.8',
  'cookie' => 'thinkphp_show_page_trace=0|0; bgColorSelectorPosition=0; workspaceParam=%2FAdmin%2Fauth_manager%2Findex%2Fmenuid%2F19.html; PHPSESSID=pkg0lo7fetq35uh0iav4jinvo4; thinkphp_show_page_trace=0|0',
)
[ info ] [ PARAM ] array (
)
[ info ] [ SESSION ] INIT array (
  'id' => '',
  'var_session_id' => '',
  'prefix' => 'think',
  'type' => '',
  'auto_start' => true,
)
[ info ] [ CACHE ] INIT File
[ info ] [ DB ] INIT mysql
[ info ] [ RUN ] app\admin\controller\Index->index[ E:\yzncms\apps\admin\controller\Index.php ]
[ info ] [ VIEW ] E:\yzncms/apps/admin\view\index\index.html [ array (
  0 => '__MENU__',
  1 => 'role_name',
  2 => '__ADMIN_PANEL__',
) ]
[ info ] [ LOG ] INIT File
[ sql ] [ DB ] CONNECT:[ UseTime:0.001000s ] mysql:dbname=yzncms;host=127.0.0.1;charset=utf8
[ sql ] [ SQL ] SHOW COLUMNS FROM `yzn_config` [ RunTime:0.009001s ]
[ sql ] [ SQL ] SELECT `name`,`value` FROM `yzn_config` [ RunTime:0.000000s ]
[ sql ] [ SQL ] SHOW COLUMNS FROM `yzn_menu` [ RunTime:0.009001s ]
[ sql ] [ SQL ] SELECT * FROM `yzn_menu` WHERE  `pid` = 0  AND `status` = 1 ORDER BY listorder ASC,id ASC [ RunTime:0.000000s ]
[ sql ] [ SQL ] SELECT * FROM `yzn_menu` WHERE  `pid` = 26  AND `status` = 1 ORDER BY listorder ASC,id ASC [ RunTime:0.001000s ]
[ sql ] [ SQL ] SELECT * FROM `yzn_menu` WHERE  `pid` = 1  AND `status` = 1 ORDER BY listorder ASC,id ASC [ RunTime:0.000000s ]
[ sql ] [ SQL ] SELECT * FROM `yzn_menu` WHERE  `pid` = 10  AND `status` = 1 ORDER BY listorder ASC,id ASC [ RunTime:0.001000s ]
[ sql ] [ SQL ] SELECT * FROM `yzn_menu` WHERE  `pid` = 5  AND `status` = 1 ORDER BY listorder ASC,id ASC [ RunTime:0.001000s ]
[ sql ] [ SQL ] SELECT * FROM `yzn_menu` WHERE  `pid` = 9  AND `status` = 1 ORDER BY listorder ASC,id ASC [ RunTime:0.000000s ]
[ sql ] [ SQL ] SELECT * FROM `yzn_menu` WHERE  `pid` = 19  AND `status` = 1 ORDER BY listorder ASC,id ASC [ RunTime:0.000000s ]
[ sql ] [ SQL ] SELECT * FROM `yzn_menu` WHERE  `pid` = 15  AND `status` = 1 ORDER BY listorder ASC,id ASC [ RunTime:0.000000s ]
[ sql ] [ SQL ] SELECT * FROM `yzn_menu` WHERE  `pid` = 6  AND `status` = 1 ORDER BY listorder ASC,id ASC [ RunTime:0.001000s ]
[ sql ] [ SQL ] SELECT * FROM `yzn_menu` WHERE  `pid` = 12  AND `status` = 1 ORDER BY listorder ASC,id ASC [ RunTime:0.001000s ]
[ sql ] [ SQL ] SELECT * FROM `yzn_menu` WHERE  `pid` = 16  AND `status` = 1 ORDER BY listorder ASC,id ASC [ RunTime:0.000000s ]
[ sql ] [ SQL ] SELECT * FROM `yzn_menu` WHERE  `pid` = 17  AND `status` = 1 ORDER BY listorder ASC,id ASC [ RunTime:0.000000s ]
[ sql ] [ SQL ] SELECT * FROM `yzn_menu` WHERE  `pid` = 18  AND `status` = 1 ORDER BY listorder ASC,id ASC [ RunTime:0.000000s ]
[ sql ] [ SQL ] SELECT * FROM `yzn_menu` WHERE  `pid` = 2  AND `status` = 1 ORDER BY listorder ASC,id ASC [ RunTime:0.000000s ]
[ sql ] [ SQL ] SHOW COLUMNS FROM `yzn_auth_group` [ RunTime:0.009000s ]
[ sql ] [ SQL ] SELECT `title` FROM `yzn_auth_group` WHERE  `id` = 1 LIMIT 1 [ RunTime:0.001000s ]
[ sql ] [ SQL ] SHOW COLUMNS FROM `yzn_admin_panel` [ RunTime:0.008001s ]
[ sql ] [ SQL ] SELECT * FROM `yzn_admin_panel` WHERE  `userid` = 1 [ RunTime:0.000000s ]
---------------------------------------------------------------
[ 2017-06-20T17:41:33+08:00 ] 127.0.0.1 127.0.0.1 GET /static/css/images/ui-bg_flat_75_ffffff_40x100.png
[ info ] www.yzncms.com/static/css/images/ui-bg_flat_75_ffffff_40x100.png [运行时间：0.021001s][吞吐率：47.62req/s] [内存消耗：1,125.43kb] [文件加载：31]
[ info ] [ LANG ] E:\yzncms\thinkphp\lang\zh-cn.php
[ info ] [ ROUTE ] array (
  'type' => 'module',
  'module' => 
  array (
    0 => 'static',
    1 => 'css',
    2 => 'images',
  ),
)
[ info ] [ HEADER ] array (
  'host' => 'www.yzncms.com',
  'connection' => 'keep-alive',
  'accept' => 'image/webp,image/*,*/*;q=0.8',
  'user-agent' => 'Mozilla/5.0 (Windows NT 6.1; WOW64) AppleWebKit/537.36 (KHTML, like Gecko) Chrome/45.0.2454.101 Safari/537.36',
  'referer' => 'http://www.yzncms.com/static/css/jquery-ui.min.css',
  'accept-encoding' => 'gzip, deflate, sdch',
  'accept-language' => 'zh-CN,zh;q=0.8',
  'cookie' => 'bgColorSelectorPosition=0; workspaceParam=%2FAdmin%2Fauth_manager%2Findex%2Fmenuid%2F19.html; PHPSESSID=pkg0lo7fetq35uh0iav4jinvo4; thinkphp_show_page_trace=0|0',
)
[ info ] [ PARAM ] array (
)
[ info ] [ LOG ] INIT File
---------------------------------------------------------------
[ 2017-06-20T17:41:33+08:00 ] 127.0.0.1 127.0.0.1 GET /Admin/auth_manager/index/menuid/19.html
[ info ] www.yzncms.com/Admin/auth_manager/index/menuid/19.html [运行时间：0.077005s][吞吐率：12.99req/s] [内存消耗：2,580.77kb] [文件加载：54]
[ info ] [ LANG ] E:\yzncms\thinkphp\lang\zh-cn.php
[ info ] [ ROUTE ] array (
  'type' => 'module',
  'module' => 
  array (
    0 => 'Admin',
    1 => 'auth_manager',
    2 => 'index',
  ),
)
[ info ] [ HEADER ] array (
  'host' => 'www.yzncms.com',
  'connection' => 'keep-alive',
  'accept' => 'text/html,application/xhtml+xml,application/xml;q=0.9,image/webp,*/*;q=0.8',
  'upgrade-insecure-requests' => '1',
  'user-agent' => 'Mozilla/5.0 (Windows NT 6.1; WOW64) AppleWebKit/537.36 (KHTML, like Gecko) Chrome/45.0.2454.101 Safari/537.36',
  'referer' => 'http://www.yzncms.com/admin/index/index.html',
  'accept-encoding' => 'gzip, deflate, sdch',
  'accept-language' => 'zh-CN,zh;q=0.8',
  'cookie' => 'bgColorSelectorPosition=0; PHPSESSID=pkg0lo7fetq35uh0iav4jinvo4; thinkphp_show_page_trace=0|0; workspaceParam=%2FAdmin%2Fauth_manager%2Findex%2Fmenuid%2F19.html',
)
[ info ] [ PARAM ] array (
  'menuid' => '19',
)
[ info ] [ SESSION ] INIT array (
  'id' => '',
  'var_session_id' => '',
  'prefix' => 'think',
  'type' => '',
  'auto_start' => true,
)
[ info ] [ CACHE ] INIT File
[ info ] [ RUN ] app\admin\Controller\AuthManager->index[ E:\yzncms\apps\admin\controller\AuthManager.php ]
[ info ] [ DB ] INIT mysql
[ info ] [ VIEW ] E:\yzncms/apps/admin\view\auth_manager\index.html [ array (
  0 => '_page',
  1 => '_total',
  2 => '_list',
) ]
[ info ] [ LOG ] INIT File
[ sql ] [ DB ] CONNECT:[ UseTime:0.000000s ] mysql:dbname=yzncms;host=127.0.0.1;charset=utf8
[ sql ] [ SQL ] SHOW COLUMNS FROM `yzn_auth_group` [ RunTime:0.007001s ]
[ sql ] [ SQL ] SELECT COUNT(*) AS tp_count FROM `yzn_auth_group` WHERE  `module` = 'admin' LIMIT 1 [ RunTime:0.000000s ]
[ sql ] [ SQL ] SELECT COUNT(*) AS tp_count FROM `yzn_auth_group` WHERE  `module` = 'admin' LIMIT 1 [ RunTime:0.000000s ]
[ sql ] [ SQL ] SELECT `id`,`module`,`type`,`title`,`description`,`status`,`rules` FROM `yzn_auth_group` WHERE  `module` = 'admin' ORDER BY id asc LIMIT 0,10 [ RunTime:0.000000s ]
---------------------------------------------------------------
[ 2017-06-20T17:41:37+08:00 ] 127.0.0.1 127.0.0.1 GET /Admin/action/actionlog/menuid/15.html
[ info ] www.yzncms.com/Admin/action/actionlog/menuid/15.html [运行时间：0.100605s][吞吐率：9.94req/s] [内存消耗：2,817.99kb] [文件加载：55]
[ info ] [ LANG ] E:\yzncms\thinkphp\lang\zh-cn.php
[ info ] [ ROUTE ] array (
  'type' => 'module',
  'module' => 
  array (
    0 => 'Admin',
    1 => 'action',
    2 => 'actionlog',
  ),
)
[ info ] [ HEADER ] array (
  'host' => 'www.yzncms.com',
  'connection' => 'keep-alive',
  'accept' => 'text/html,application/xhtml+xml,application/xml;q=0.9,image/webp,*/*;q=0.8',
  'upgrade-insecure-requests' => '1',
  'user-agent' => 'Mozilla/5.0 (Windows NT 6.1; WOW64) AppleWebKit/537.36 (KHTML, like Gecko) Chrome/45.0.2454.101 Safari/537.36',
  'referer' => 'http://www.yzncms.com/admin/index/index.html',
  'accept-encoding' => 'gzip, deflate, sdch',
  'accept-language' => 'zh-CN,zh;q=0.8',
  'cookie' => 'bgColorSelectorPosition=0; PHPSESSID=pkg0lo7fetq35uh0iav4jinvo4; thinkphp_show_page_trace=0|0; workspaceParam=%2FAdmin%2Faction%2Factionlog%2Fmenuid%2F15.html; menuid=15',
)
[ info ] [ PARAM ] array (
  'menuid' => '15',
)
[ info ] [ SESSION ] INIT array (
  'id' => '',
  'var_session_id' => '',
  'prefix' => 'think',
  'type' => '',
  'auto_start' => true,
)
[ info ] [ CACHE ] INIT File
[ info ] [ RUN ] app\admin\controller\Action->actionLog[ E:\yzncms\apps\admin\controller\Action.php ]
[ info ] [ VIEW ] E:\yzncms/apps/admin\view\action\actionlog.html [ array (
) ]
[ info ] [ DB ] INIT mysql
[ info ] [ LOG ] INIT File
[ sql ] [ DB ] CONNECT:[ UseTime:0.001000s ] mysql:dbname=yzncms;host=127.0.0.1;charset=utf8
[ sql ] [ SQL ] SHOW COLUMNS FROM `yzn_menu` [ RunTime:0.007000s ]
[ sql ] [ SQL ] SELECT * FROM `yzn_menu` WHERE  `pid` = 15  AND `status` = 1 ORDER BY listorder ASC,id ASC [ RunTime:0.000000s ]
[ sql ] [ SQL ] SELECT * FROM `yzn_menu` WHERE  `id` = 15 LIMIT 1 [ RunTime:0.000000s ]
---------------------------------------------------------------
[ 2017-06-20T17:41:37+08:00 ] 127.0.0.1 127.0.0.1 POST /admin/action/get_xml.html
[ info ] www.yzncms.com/admin/action/get_xml.html [运行时间：0.067004s][吞吐率：14.92req/s] [内存消耗：2,343.06kb] [文件加载：47]
[ info ] [ LANG ] E:\yzncms\thinkphp\lang\zh-cn.php
[ info ] [ ROUTE ] array (
  'type' => 'module',
  'module' => 
  array (
    0 => 'admin',
    1 => 'action',
    2 => 'get_xml',
  ),
)
[ info ] [ HEADER ] array (
  'host' => 'www.yzncms.com',
  'connection' => 'keep-alive',
  'content-length' => '65',
  'accept' => 'application/xml, text/xml, */*; q=0.01',
  'origin' => 'http://www.yzncms.com',
  'x-requested-with' => 'XMLHttpRequest',
  'user-agent' => 'Mozilla/5.0 (Windows NT 6.1; WOW64) AppleWebKit/537.36 (KHTML, like Gecko) Chrome/45.0.2454.101 Safari/537.36',
  'content-type' => 'application/x-www-form-urlencoded; charset=UTF-8',
  'referer' => 'http://www.yzncms.com/Admin/action/actionlog/menuid/15.html',
  'accept-encoding' => 'gzip, deflate',
  'accept-language' => 'zh-CN,zh;q=0.8',
  'cookie' => 'bgColorSelectorPosition=0; PHPSESSID=pkg0lo7fetq35uh0iav4jinvo4; thinkphp_show_page_trace=0|0; workspaceParam=%2FAdmin%2Faction%2Factionlog%2Fmenuid%2F15.html; menuid=15',
)
[ info ] [ PARAM ] array (
  'curpage' => '1',
  'rp' => '15',
  'sortname' => 'id',
  'sortorder' => 'desc',
  'query' => '',
  'qtype' => 'action_id',
)
[ info ] [ SESSION ] INIT array (
  'id' => '',
  'var_session_id' => '',
  'prefix' => 'think',
  'type' => '',
  'auto_start' => true,
)
[ info ] [ CACHE ] INIT File
[ info ] [ RUN ] app\admin\controller\Action->get_xml[ E:\yzncms\apps\admin\controller\Action.php ]
[ info ] [ DB ] INIT mysql
[ info ] [ LOG ] INIT File
[ sql ] [ DB ] CONNECT:[ UseTime:0.001000s ] mysql:dbname=yzncms;host=127.0.0.1;charset=utf8
[ sql ] [ SQL ] SHOW COLUMNS FROM `yzn_action_log` [ RunTime:0.007000s ]
[ sql ] [ SQL ] SELECT COUNT(*) AS tp_count FROM `yzn_action_log` LIMIT 1 [ RunTime:0.000000s ]
[ sql ] [ SQL ] SELECT COUNT(*) AS tp_count FROM `yzn_action_log` LIMIT 1 [ RunTime:0.000000s ]
[ sql ] [ SQL ] SELECT `id`,`action_id`,`user_id`,`action_ip`,`model`,`record_id`,`remark`,`create_time` FROM `yzn_action_log` ORDER BY `id` desc LIMIT 0,15 [ RunTime:0.001000s ]
[ sql ] [ SQL ] SHOW COLUMNS FROM `yzn_admin` [ RunTime:0.007001s ]
[ sql ] [ SQL ] SELECT `username` FROM `yzn_admin` WHERE  `userid` = 1 LIMIT 1 [ RunTime:0.000000s ]
[ sql ] [ SQL ] SELECT `username` FROM `yzn_admin` WHERE  `userid` = 1 LIMIT 1 [ RunTime:0.000000s ]
[ sql ] [ SQL ] SELECT `username` FROM `yzn_admin` WHERE  `userid` = 1 LIMIT 1 [ RunTime:0.000000s ]
[ sql ] [ SQL ] SELECT `username` FROM `yzn_admin` WHERE  `userid` = 1 LIMIT 1 [ RunTime:0.000000s ]
[ sql ] [ SQL ] SELECT `username` FROM `yzn_admin` WHERE  `userid` = 1 LIMIT 1 [ RunTime:0.000000s ]
[ sql ] [ SQL ] SELECT `username` FROM `yzn_admin` WHERE  `userid` = 1 LIMIT 1 [ RunTime:0.000000s ]
[ sql ] [ SQL ] SELECT `username` FROM `yzn_admin` WHERE  `userid` = 1 LIMIT 1 [ RunTime:0.000000s ]
[ sql ] [ SQL ] SELECT `username` FROM `yzn_admin` WHERE  `userid` = 1 LIMIT 1 [ RunTime:0.000000s ]
[ sql ] [ SQL ] SELECT `username` FROM `yzn_admin` WHERE  `userid` = 1 LIMIT 1 [ RunTime:0.000000s ]
[ sql ] [ SQL ] SELECT `username` FROM `yzn_admin` WHERE  `userid` = 1 LIMIT 1 [ RunTime:0.000000s ]
[ sql ] [ SQL ] SELECT `username` FROM `yzn_admin` WHERE  `userid` = 1 LIMIT 1 [ RunTime:0.000000s ]
[ sql ] [ SQL ] SELECT `username` FROM `yzn_admin` WHERE  `userid` = 2 LIMIT 1 [ RunTime:0.000000s ]
[ sql ] [ SQL ] SELECT `username` FROM `yzn_admin` WHERE  `userid` = 1 LIMIT 1 [ RunTime:0.000000s ]
[ sql ] [ SQL ] SELECT `username` FROM `yzn_admin` WHERE  `userid` = 2 LIMIT 1 [ RunTime:0.000000s ]
[ sql ] [ SQL ] SELECT `username` FROM `yzn_admin` WHERE  `userid` = 1 LIMIT 1 [ RunTime:0.000000s ]
---------------------------------------------------------------
[ 2017-06-20T17:41:39+08:00 ] 127.0.0.1 127.0.0.1 GET /admin/action/remove.html?type=ago
[ info ] www.yzncms.com/admin/action/remove.html?type=ago [运行时间：0.065202s][吞吐率：15.34req/s] [内存消耗：2,218.13kb] [文件加载：48]
[ info ] [ LANG ] E:\yzncms\thinkphp\lang\zh-cn.php
[ info ] [ ROUTE ] array (
  'type' => 'module',
  'module' => 
  array (
    0 => 'admin',
    1 => 'action',
    2 => 'remove',
  ),
)
[ info ] [ HEADER ] array (
  'host' => 'www.yzncms.com',
  'connection' => 'keep-alive',
  'accept' => 'application/json, text/javascript, */*; q=0.01',
  'x-requested-with' => 'XMLHttpRequest',
  'user-agent' => 'Mozilla/5.0 (Windows NT 6.1; WOW64) AppleWebKit/537.36 (KHTML, like Gecko) Chrome/45.0.2454.101 Safari/537.36',
  'referer' => 'http://www.yzncms.com/Admin/action/actionlog/menuid/15.html',
  'accept-encoding' => 'gzip, deflate, sdch',
  'accept-language' => 'zh-CN,zh;q=0.8',
  'cookie' => 'bgColorSelectorPosition=0; PHPSESSID=pkg0lo7fetq35uh0iav4jinvo4; thinkphp_show_page_trace=0|0; workspaceParam=%2FAdmin%2Faction%2Factionlog%2Fmenuid%2F15.html; menuid=15',
)
[ info ] [ PARAM ] array (
  'type' => 'ago',
)
[ info ] [ SESSION ] INIT array (
  'id' => '',
  'var_session_id' => '',
  'prefix' => 'think',
  'type' => '',
  'auto_start' => true,
)
[ info ] [ CACHE ] INIT File
[ info ] [ RUN ] app\admin\controller\Action->remove[ E:\yzncms\apps\admin\controller\Action.php ]
[ info ] [ DB ] INIT mysql
[ info ] [ LOG ] INIT File
[ sql ] [ DB ] CONNECT:[ UseTime:0.001000s ] mysql:dbname=yzncms;host=127.0.0.1;charset=utf8
[ sql ] [ SQL ] SHOW COLUMNS FROM `yzn_action_log` [ RunTime:0.007000s ]
[ sql ] [ SQL ] DELETE FROM `yzn_action_log`    WHERE  `create_time` < 1495359699 [ RunTime:0.000000s ]
---------------------------------------------------------------
[ 2017-06-20T17:41:41+08:00 ] 127.0.0.1 127.0.0.1 GET /Admin/auth_manager/index/menuid/19.html
[ info ] www.yzncms.com/Admin/auth_manager/index/menuid/19.html [运行时间：0.076202s][吞吐率：13.12req/s] [内存消耗：2,424.48kb] [文件加载：52]
[ info ] [ LANG ] E:\yzncms\thinkphp\lang\zh-cn.php
[ info ] [ ROUTE ] array (
  'type' => 'module',
  'module' => 
  array (
    0 => 'Admin',
    1 => 'auth_manager',
    2 => 'index',
  ),
)
[ info ] [ HEADER ] array (
  'host' => 'www.yzncms.com',
  'connection' => 'keep-alive',
  'accept' => 'text/html,application/xhtml+xml,application/xml;q=0.9,image/webp,*/*;q=0.8',
  'upgrade-insecure-requests' => '1',
  'user-agent' => 'Mozilla/5.0 (Windows NT 6.1; WOW64) AppleWebKit/537.36 (KHTML, like Gecko) Chrome/45.0.2454.101 Safari/537.36',
  'referer' => 'http://www.yzncms.com/admin/index/index.html',
  'accept-encoding' => 'gzip, deflate, sdch',
  'accept-language' => 'zh-CN,zh;q=0.8',
  'cookie' => 'thinkphp_show_page_trace=0|0; bgColorSelectorPosition=0; PHPSESSID=pkg0lo7fetq35uh0iav4jinvo4; thinkphp_show_page_trace=0|0; workspaceParam=%2FAdmin%2Fauth_manager%2Findex%2Fmenuid%2F19.html; menuid=19',
)
[ info ] [ PARAM ] array (
  'menuid' => '19',
)
[ info ] [ SESSION ] INIT array (
  'id' => '',
  'var_session_id' => '',
  'prefix' => 'think',
  'type' => '',
  'auto_start' => true,
)
[ info ] [ CACHE ] INIT File
[ info ] [ RUN ] app\admin\Controller\AuthManager->index[ E:\yzncms\apps\admin\controller\AuthManager.php ]
[ info ] [ DB ] INIT mysql
[ info ] [ VIEW ] E:\yzncms/apps/admin\view\auth_manager\index.html [ array (
  0 => '_page',
  1 => '_total',
  2 => '_list',
) ]
[ info ] [ LOG ] INIT File
[ sql ] [ DB ] CONNECT:[ UseTime:0.001000s ] mysql:dbname=yzncms;host=127.0.0.1;charset=utf8
[ sql ] [ SQL ] SHOW COLUMNS FROM `yzn_auth_group` [ RunTime:0.007001s ]
[ sql ] [ SQL ] SELECT COUNT(*) AS tp_count FROM `yzn_auth_group` WHERE  `module` = 'admin' LIMIT 1 [ RunTime:0.000000s ]
[ sql ] [ SQL ] SELECT COUNT(*) AS tp_count FROM `yzn_auth_group` WHERE  `module` = 'admin' LIMIT 1 [ RunTime:0.000000s ]
[ sql ] [ SQL ] SELECT `id`,`module`,`type`,`title`,`description`,`status`,`rules` FROM `yzn_auth_group` WHERE  `module` = 'admin' ORDER BY id asc LIMIT 0,10 [ RunTime:0.001000s ]
---------------------------------------------------------------
[ 2017-06-20T17:41:43+08:00 ] 127.0.0.1 127.0.0.1 GET /Admin/config/index/menuid/5.html
[ info ] www.yzncms.com/Admin/config/index/menuid/5.html [运行时间：0.108205s][吞吐率：9.24req/s] [内存消耗：2,872.02kb] [文件加载：56]
[ info ] [ LANG ] E:\yzncms\thinkphp\lang\zh-cn.php
[ info ] [ ROUTE ] array (
  'type' => 'module',
  'module' => 
  array (
    0 => 'Admin',
    1 => 'config',
    2 => 'index',
  ),
)
[ info ] [ HEADER ] array (
  'host' => 'www.yzncms.com',
  'connection' => 'keep-alive',
  'accept' => 'text/html,application/xhtml+xml,application/xml;q=0.9,image/webp,*/*;q=0.8',
  'upgrade-insecure-requests' => '1',
  'user-agent' => 'Mozilla/5.0 (Windows NT 6.1; WOW64) AppleWebKit/537.36 (KHTML, like Gecko) Chrome/45.0.2454.101 Safari/537.36',
  'referer' => 'http://www.yzncms.com/admin/index/index.html',
  'accept-encoding' => 'gzip, deflate, sdch',
  'accept-language' => 'zh-CN,zh;q=0.8',
  'cookie' => 'bgColorSelectorPosition=0; PHPSESSID=pkg0lo7fetq35uh0iav4jinvo4; thinkphp_show_page_trace=0|0; workspaceParam=%2FAdmin%2Fconfig%2Findex%2Fmenuid%2F5.html; menuid=5',
)
[ info ] [ PARAM ] array (
  'menuid' => '5',
)
[ info ] [ SESSION ] INIT array (
  'id' => '',
  'var_session_id' => '',
  'prefix' => 'think',
  'type' => '',
  'auto_start' => true,
)
[ info ] [ CACHE ] INIT File
[ info ] [ DB ] INIT mysql
[ info ] [ RUN ] app\admin\controller\Config->index[ E:\yzncms\apps\admin\controller\Config.php ]
[ info ] [ VIEW ] E:\yzncms/apps/admin\view\config\index.html [ array (
  0 => 'Site',
) ]
[ info ] [ LOG ] INIT File
[ sql ] [ DB ] CONNECT:[ UseTime:0.001000s ] mysql:dbname=yzncms;host=127.0.0.1;charset=utf8
[ sql ] [ SQL ] SHOW COLUMNS FROM `yzn_config` [ RunTime:0.008000s ]
[ sql ] [ SQL ] SELECT `name`,`value` FROM `yzn_config` [ RunTime:0.000000s ]
[ sql ] [ SQL ] SHOW COLUMNS FROM `yzn_menu` [ RunTime:0.007000s ]
[ sql ] [ SQL ] SELECT * FROM `yzn_menu` WHERE  `pid` = 5  AND `status` = 1 ORDER BY listorder ASC,id ASC [ RunTime:0.000000s ]
[ sql ] [ SQL ] SELECT * FROM `yzn_menu` WHERE  `id` = 5 LIMIT 1 [ RunTime:0.000000s ]
---------------------------------------------------------------
[ 2017-06-20T17:42:08+08:00 ] 127.0.0.1 127.0.0.1 GET /Admin/config/index/menuid/5.html
[ info ] www.yzncms.com/Admin/config/index/menuid/5.html [运行时间：0.100605s][吞吐率：9.94req/s] [内存消耗：2,719.23kb] [文件加载：54]
[ info ] [ LANG ] E:\yzncms\thinkphp\lang\zh-cn.php
[ info ] [ ROUTE ] array (
  'type' => 'module',
  'module' => 
  array (
    0 => 'Admin',
    1 => 'config',
    2 => 'index',
  ),
)
[ info ] [ HEADER ] array (
  'host' => 'www.yzncms.com',
  'connection' => 'keep-alive',
  'accept' => 'text/html,application/xhtml+xml,application/xml;q=0.9,image/webp,*/*;q=0.8',
  'upgrade-insecure-requests' => '1',
  'user-agent' => 'Mozilla/5.0 (Windows NT 6.1; WOW64) AppleWebKit/537.36 (KHTML, like Gecko) Chrome/45.0.2454.101 Safari/537.36',
  'referer' => 'http://www.yzncms.com/admin/index/index.html',
  'accept-encoding' => 'gzip, deflate, sdch',
  'accept-language' => 'zh-CN,zh;q=0.8',
  'cookie' => 'thinkphp_show_page_trace=0|0; bgColorSelectorPosition=0; PHPSESSID=pkg0lo7fetq35uh0iav4jinvo4; thinkphp_show_page_trace=0|0; workspaceParam=%2FAdmin%2Fconfig%2Findex%2Fmenuid%2F5.html; menuid=5',
)
[ info ] [ PARAM ] array (
  'menuid' => '5',
)
[ info ] [ SESSION ] INIT array (
  'id' => '',
  'var_session_id' => '',
  'prefix' => 'think',
  'type' => '',
  'auto_start' => true,
)
[ info ] [ CACHE ] INIT File
[ info ] [ DB ] INIT mysql
[ info ] [ RUN ] app\admin\controller\Config->index[ E:\yzncms\apps\admin\controller\Config.php ]
[ info ] [ VIEW ] E:\yzncms/apps/admin\view\config\index.html [ array (
  0 => 'Site',
) ]
[ info ] [ LOG ] INIT File
[ sql ] [ DB ] CONNECT:[ UseTime:0.001000s ] mysql:dbname=yzncms;host=127.0.0.1;charset=utf8
[ sql ] [ SQL ] SHOW COLUMNS FROM `yzn_config` [ RunTime:0.009001s ]
[ sql ] [ SQL ] SELECT `name`,`value` FROM `yzn_config` [ RunTime:0.000000s ]
[ sql ] [ SQL ] SHOW COLUMNS FROM `yzn_menu` [ RunTime:0.007000s ]
[ sql ] [ SQL ] SELECT * FROM `yzn_menu` WHERE  `pid` = 5  AND `status` = 1 ORDER BY listorder ASC,id ASC [ RunTime:0.000000s ]
[ sql ] [ SQL ] SELECT * FROM `yzn_menu` WHERE  `id` = 5 LIMIT 1 [ RunTime:0.000000s ]
---------------------------------------------------------------
[ 2017-06-20T17:42:09+08:00 ] 127.0.0.1 127.0.0.1 GET /Admin/config/index/menuid/5.html
[ info ] www.yzncms.com/Admin/config/index/menuid/5.html [运行时间：0.071603s][吞吐率：13.97req/s] [内存消耗：2,719.23kb] [文件加载：54]
[ info ] [ LANG ] E:\yzncms\thinkphp\lang\zh-cn.php
[ info ] [ ROUTE ] array (
  'type' => 'module',
  'module' => 
  array (
    0 => 'Admin',
    1 => 'config',
    2 => 'index',
  ),
)
[ info ] [ HEADER ] array (
  'host' => 'www.yzncms.com',
  'connection' => 'keep-alive',
  'accept' => 'text/html,application/xhtml+xml,application/xml;q=0.9,image/webp,*/*;q=0.8',
  'upgrade-insecure-requests' => '1',
  'user-agent' => 'Mozilla/5.0 (Windows NT 6.1; WOW64) AppleWebKit/537.36 (KHTML, like Gecko) Chrome/45.0.2454.101 Safari/537.36',
  'referer' => 'http://www.yzncms.com/admin/index/index.html',
  'accept-encoding' => 'gzip, deflate, sdch',
  'accept-language' => 'zh-CN,zh;q=0.8',
  'cookie' => 'thinkphp_show_page_trace=0|0; bgColorSelectorPosition=0; PHPSESSID=pkg0lo7fetq35uh0iav4jinvo4; thinkphp_show_page_trace=0|0; workspaceParam=%2FAdmin%2Fconfig%2Findex%2Fmenuid%2F5.html; menuid=5',
)
[ info ] [ PARAM ] array (
  'menuid' => '5',
)
[ info ] [ SESSION ] INIT array (
  'id' => '',
  'var_session_id' => '',
  'prefix' => 'think',
  'type' => '',
  'auto_start' => true,
)
[ info ] [ CACHE ] INIT File
[ info ] [ DB ] INIT mysql
[ info ] [ RUN ] app\admin\controller\Config->index[ E:\yzncms\apps\admin\controller\Config.php ]
[ info ] [ VIEW ] E:\yzncms/apps/admin\view\config\index.html [ array (
  0 => 'Site',
) ]
[ info ] [ LOG ] INIT File
[ sql ] [ DB ] CONNECT:[ UseTime:0.000000s ] mysql:dbname=yzncms;host=127.0.0.1;charset=utf8
[ sql ] [ SQL ] SHOW COLUMNS FROM `yzn_config` [ RunTime:0.008000s ]
[ sql ] [ SQL ] SELECT `name`,`value` FROM `yzn_config` [ RunTime:0.000000s ]
[ sql ] [ SQL ] SHOW COLUMNS FROM `yzn_menu` [ RunTime:0.007001s ]
[ sql ] [ SQL ] SELECT * FROM `yzn_menu` WHERE  `pid` = 5  AND `status` = 1 ORDER BY listorder ASC,id ASC [ RunTime:0.000000s ]
[ sql ] [ SQL ] SELECT * FROM `yzn_menu` WHERE  `id` = 5 LIMIT 1 [ RunTime:0.000000s ]
---------------------------------------------------------------
[ 2017-06-20T17:42:36+08:00 ] 127.0.0.1 127.0.0.1 GET /Admin/config/index/menuid/5.html
[ info ] www.yzncms.com/Admin/config/index/menuid/5.html [运行时间：0.084604s][吞吐率：11.82req/s] [内存消耗：2,719.23kb] [文件加载：54]
[ info ] [ LANG ] E:\yzncms\thinkphp\lang\zh-cn.php
[ info ] [ ROUTE ] array (
  'type' => 'module',
  'module' => 
  array (
    0 => 'Admin',
    1 => 'config',
    2 => 'index',
  ),
)
[ info ] [ HEADER ] array (
  'host' => 'www.yzncms.com',
  'connection' => 'keep-alive',
  'accept' => 'text/html,application/xhtml+xml,application/xml;q=0.9,image/webp,*/*;q=0.8',
  'upgrade-insecure-requests' => '1',
  'user-agent' => 'Mozilla/5.0 (Windows NT 6.1; WOW64) AppleWebKit/537.36 (KHTML, like Gecko) Chrome/45.0.2454.101 Safari/537.36',
  'referer' => 'http://www.yzncms.com/admin/index/index.html',
  'accept-encoding' => 'gzip, deflate, sdch',
  'accept-language' => 'zh-CN,zh;q=0.8',
  'cookie' => 'thinkphp_show_page_trace=0|0; bgColorSelectorPosition=0; PHPSESSID=pkg0lo7fetq35uh0iav4jinvo4; thinkphp_show_page_trace=0|0; workspaceParam=%2FAdmin%2Fconfig%2Findex%2Fmenuid%2F5.html; menuid=5',
)
[ info ] [ PARAM ] array (
  'menuid' => '5',
)
[ info ] [ SESSION ] INIT array (
  'id' => '',
  'var_session_id' => '',
  'prefix' => 'think',
  'type' => '',
  'auto_start' => true,
)
[ info ] [ CACHE ] INIT File
[ info ] [ DB ] INIT mysql
[ info ] [ RUN ] app\admin\controller\Config->index[ E:\yzncms\apps\admin\controller\Config.php ]
[ info ] [ VIEW ] E:\yzncms/apps/admin\view\config\index.html [ array (
  0 => 'Site',
) ]
[ info ] [ LOG ] INIT File
[ sql ] [ DB ] CONNECT:[ UseTime:0.001001s ] mysql:dbname=yzncms;host=127.0.0.1;charset=utf8
[ sql ] [ SQL ] SHOW COLUMNS FROM `yzn_config` [ RunTime:0.007000s ]
[ sql ] [ SQL ] SELECT `name`,`value` FROM `yzn_config` [ RunTime:0.000000s ]
[ sql ] [ SQL ] SHOW COLUMNS FROM `yzn_menu` [ RunTime:0.007000s ]
[ sql ] [ SQL ] SELECT * FROM `yzn_menu` WHERE  `pid` = 5  AND `status` = 1 ORDER BY listorder ASC,id ASC [ RunTime:0.000000s ]
[ sql ] [ SQL ] SELECT * FROM `yzn_menu` WHERE  `id` = 5 LIMIT 1 [ RunTime:0.000000s ]
---------------------------------------------------------------
[ 2017-06-20T17:44:32+08:00 ] 127.0.0.1 127.0.0.1 GET /admin/index/index.html
[ info ] www.yzncms.com/admin/index/index.html [运行时间：0.090005s][吞吐率：11.11req/s] [内存消耗：2,767.43kb] [文件加载：55]
[ info ] [ LANG ] E:\yzncms\thinkphp\lang\zh-cn.php
[ info ] [ ROUTE ] array (
  'type' => 'module',
  'module' => 
  array (
    0 => 'admin',
    1 => 'index',
    2 => 'index',
  ),
)
[ info ] [ HEADER ] array (
  'host' => 'www.yzncms.com',
  'connection' => 'keep-alive',
  'cache-control' => 'max-age=0',
  'accept' => 'text/html,application/xhtml+xml,application/xml;q=0.9,image/webp,*/*;q=0.8',
  'upgrade-insecure-requests' => '1',
  'user-agent' => 'Mozilla/5.0 (Windows NT 6.1; WOW64) AppleWebKit/537.36 (KHTML, like Gecko) Chrome/45.0.2454.101 Safari/537.36',
  'referer' => 'http://www.yzncms.com/admin/index/login.html',
  'accept-encoding' => 'gzip, deflate, sdch',
  'accept-language' => 'zh-CN,zh;q=0.8',
  'cookie' => 'thinkphp_show_page_trace=0|0; bgColorSelectorPosition=0; PHPSESSID=pkg0lo7fetq35uh0iav4jinvo4; thinkphp_show_page_trace=0|0; workspaceParam=%2FAdmin%2Fconfig%2Findex%2Fmenuid%2F5.html; menuid=19',
)
[ info ] [ PARAM ] array (
)
[ info ] [ SESSION ] INIT array (
  'id' => '',
  'var_session_id' => '',
  'prefix' => 'think',
  'type' => '',
  'auto_start' => true,
)
[ info ] [ CACHE ] INIT File
[ info ] [ RUN ] app\admin\controller\Index->index[ E:\yzncms\apps\admin\controller\Index.php ]
[ info ] [ DB ] INIT mysql
[ info ] [ VIEW ] E:\yzncms/apps/admin\view\index\index.html [ array (
  0 => '__MENU__',
  1 => 'role_name',
  2 => '__ADMIN_PANEL__',
) ]
[ info ] [ LOG ] INIT File
[ sql ] [ DB ] CONNECT:[ UseTime:0.001001s ] mysql:dbname=yzncms;host=127.0.0.1;charset=utf8
[ sql ] [ SQL ] SHOW COLUMNS FROM `yzn_menu` [ RunTime:0.007000s ]
[ sql ] [ SQL ] SELECT * FROM `yzn_menu` WHERE  `pid` = 0  AND `status` = 1 ORDER BY listorder ASC,id ASC [ RunTime:0.000000s ]
[ sql ] [ SQL ] SELECT * FROM `yzn_menu` WHERE  `pid` = 26  AND `status` = 1 ORDER BY listorder ASC,id ASC [ RunTime:0.000000s ]
[ sql ] [ SQL ] SELECT * FROM `yzn_menu` WHERE  `pid` = 1  AND `status` = 1 ORDER BY listorder ASC,id ASC [ RunTime:0.000000s ]
[ sql ] [ SQL ] SELECT * FROM `yzn_menu` WHERE  `pid` = 10  AND `status` = 1 ORDER BY listorder ASC,id ASC [ RunTime:0.000000s ]
[ sql ] [ SQL ] SELECT * FROM `yzn_menu` WHERE  `pid` = 33  AND `status` = 1 ORDER BY listorder ASC,id ASC [ RunTime:0.000000s ]
[ sql ] [ SQL ] SELECT * FROM `yzn_menu` WHERE  `pid` = 5  AND `status` = 1 ORDER BY listorder ASC,id ASC [ RunTime:0.001000s ]
[ sql ] [ SQL ] SELECT * FROM `yzn_menu` WHERE  `pid` = 9  AND `status` = 1 ORDER BY listorder ASC,id ASC [ RunTime:0.000000s ]
[ sql ] [ SQL ] SELECT * FROM `yzn_menu` WHERE  `pid` = 19  AND `status` = 1 ORDER BY listorder ASC,id ASC [ RunTime:0.000000s ]
[ sql ] [ SQL ] SELECT * FROM `yzn_menu` WHERE  `pid` = 15  AND `status` = 1 ORDER BY listorder ASC,id ASC [ RunTime:0.001001s ]
[ sql ] [ SQL ] SELECT * FROM `yzn_menu` WHERE  `pid` = 6  AND `status` = 1 ORDER BY listorder ASC,id ASC [ RunTime:0.000000s ]
[ sql ] [ SQL ] SELECT * FROM `yzn_menu` WHERE  `pid` = 12  AND `status` = 1 ORDER BY listorder ASC,id ASC [ RunTime:0.000000s ]
[ sql ] [ SQL ] SELECT * FROM `yzn_menu` WHERE  `pid` = 16  AND `status` = 1 ORDER BY listorder ASC,id ASC [ RunTime:0.000000s ]
[ sql ] [ SQL ] SELECT * FROM `yzn_menu` WHERE  `pid` = 17  AND `status` = 1 ORDER BY listorder ASC,id ASC [ RunTime:0.001000s ]
[ sql ] [ SQL ] SELECT * FROM `yzn_menu` WHERE  `pid` = 18  AND `status` = 1 ORDER BY listorder ASC,id ASC [ RunTime:0.000000s ]
[ sql ] [ SQL ] SELECT * FROM `yzn_menu` WHERE  `pid` = 2  AND `status` = 1 ORDER BY listorder ASC,id ASC [ RunTime:0.000000s ]
[ sql ] [ SQL ] SHOW COLUMNS FROM `yzn_auth_group` [ RunTime:0.007000s ]
[ sql ] [ SQL ] SELECT `title` FROM `yzn_auth_group` WHERE  `id` = 1 LIMIT 1 [ RunTime:0.001000s ]
[ sql ] [ SQL ] SHOW COLUMNS FROM `yzn_admin_panel` [ RunTime:0.007001s ]
[ sql ] [ SQL ] SELECT * FROM `yzn_admin_panel` WHERE  `userid` = 1 [ RunTime:0.000000s ]
---------------------------------------------------------------
[ 2017-06-20T17:44:32+08:00 ] 127.0.0.1 127.0.0.1 GET /static/css/images/ui-bg_flat_75_ffffff_40x100.png
[ info ] www.yzncms.com/static/css/images/ui-bg_flat_75_ffffff_40x100.png [运行时间：0.027002s][吞吐率：37.03req/s] [内存消耗：1,125.73kb] [文件加载：31]
[ info ] [ LANG ] E:\yzncms\thinkphp\lang\zh-cn.php
[ info ] [ ROUTE ] array (
  'type' => 'module',
  'module' => 
  array (
    0 => 'static',
    1 => 'css',
    2 => 'images',
  ),
)
[ info ] [ HEADER ] array (
  'host' => 'www.yzncms.com',
  'connection' => 'keep-alive',
  'cache-control' => 'max-age=0',
  'accept' => 'image/webp,image/*,*/*;q=0.8',
  'user-agent' => 'Mozilla/5.0 (Windows NT 6.1; WOW64) AppleWebKit/537.36 (KHTML, like Gecko) Chrome/45.0.2454.101 Safari/537.36',
  'referer' => 'http://www.yzncms.com/static/css/jquery-ui.min.css',
  'accept-encoding' => 'gzip, deflate, sdch',
  'accept-language' => 'zh-CN,zh;q=0.8',
  'cookie' => 'bgColorSelectorPosition=0; PHPSESSID=pkg0lo7fetq35uh0iav4jinvo4; thinkphp_show_page_trace=0|0; workspaceParam=%2FAdmin%2Fconfig%2Findex%2Fmenuid%2F5.html; menuid=19',
)
[ info ] [ PARAM ] array (
)
[ info ] [ LOG ] INIT File
---------------------------------------------------------------
[ 2017-06-20T17:44:32+08:00 ] 127.0.0.1 127.0.0.1 GET /Admin/config/index/menuid/5.html
[ info ] www.yzncms.com/Admin/config/index/menuid/5.html [运行时间：0.065004s][吞吐率：15.38req/s] [内存消耗：2,719.55kb] [文件加载：54]
[ info ] [ LANG ] E:\yzncms\thinkphp\lang\zh-cn.php
[ info ] [ ROUTE ] array (
  'type' => 'module',
  'module' => 
  array (
    0 => 'Admin',
    1 => 'config',
    2 => 'index',
  ),
)
[ info ] [ HEADER ] array (
  'host' => 'www.yzncms.com',
  'connection' => 'keep-alive',
  'cache-control' => 'max-age=0',
  'accept' => 'text/html,application/xhtml+xml,application/xml;q=0.9,image/webp,*/*;q=0.8',
  'upgrade-insecure-requests' => '1',
  'user-agent' => 'Mozilla/5.0 (Windows NT 6.1; WOW64) AppleWebKit/537.36 (KHTML, like Gecko) Chrome/45.0.2454.101 Safari/537.36',
  'referer' => 'http://www.yzncms.com/admin/index/index.html',
  'accept-encoding' => 'gzip, deflate, sdch',
  'accept-language' => 'zh-CN,zh;q=0.8',
  'cookie' => 'thinkphp_show_page_trace=0|0; bgColorSelectorPosition=0; PHPSESSID=pkg0lo7fetq35uh0iav4jinvo4; thinkphp_show_page_trace=0|0; menuid=19; workspaceParam=%2FAdmin%2Fconfig%2Findex%2Fmenuid%2F5.html',
)
[ info ] [ PARAM ] array (
  'menuid' => '5',
)
[ info ] [ SESSION ] INIT array (
  'id' => '',
  'var_session_id' => '',
  'prefix' => 'think',
  'type' => '',
  'auto_start' => true,
)
[ info ] [ CACHE ] INIT File
[ info ] [ DB ] INIT mysql
[ info ] [ RUN ] app\admin\controller\Config->index[ E:\yzncms\apps\admin\controller\Config.php ]
[ info ] [ VIEW ] E:\yzncms/apps/admin\view\config\index.html [ array (
  0 => 'Site',
) ]
[ info ] [ LOG ] INIT File
[ sql ] [ DB ] CONNECT:[ UseTime:0.001000s ] mysql:dbname=yzncms;host=127.0.0.1;charset=utf8
[ sql ] [ SQL ] SHOW COLUMNS FROM `yzn_config` [ RunTime:0.008000s ]
[ sql ] [ SQL ] SELECT `name`,`value` FROM `yzn_config` [ RunTime:0.000000s ]
[ sql ] [ SQL ] SHOW COLUMNS FROM `yzn_menu` [ RunTime:0.007001s ]
[ sql ] [ SQL ] SELECT * FROM `yzn_menu` WHERE  `pid` = 5  AND `status` = 1 ORDER BY listorder ASC,id ASC [ RunTime:0.000000s ]
[ sql ] [ SQL ] SELECT * FROM `yzn_menu` WHERE  `id` = 5 LIMIT 1 [ RunTime:0.000000s ]
---------------------------------------------------------------
[ 2017-06-20T17:44:40+08:00 ] 127.0.0.1 127.0.0.1 GET /admin/index/index.html
[ info ] www.yzncms.com/admin/index/index.html [运行时间：0.098006s][吞吐率：10.20req/s] [内存消耗：2,767.43kb] [文件加载：55]
[ info ] [ LANG ] E:\yzncms\thinkphp\lang\zh-cn.php
[ info ] [ ROUTE ] array (
  'type' => 'module',
  'module' => 
  array (
    0 => 'admin',
    1 => 'index',
    2 => 'index',
  ),
)
[ info ] [ HEADER ] array (
  'host' => 'www.yzncms.com',
  'connection' => 'keep-alive',
  'cache-control' => 'max-age=0',
  'accept' => 'text/html,application/xhtml+xml,application/xml;q=0.9,image/webp,*/*;q=0.8',
  'upgrade-insecure-requests' => '1',
  'user-agent' => 'Mozilla/5.0 (Windows NT 6.1; WOW64) AppleWebKit/537.36 (KHTML, like Gecko) Chrome/45.0.2454.101 Safari/537.36',
  'referer' => 'http://www.yzncms.com/admin/index/login.html',
  'accept-encoding' => 'gzip, deflate, sdch',
  'accept-language' => 'zh-CN,zh;q=0.8',
  'cookie' => 'thinkphp_show_page_trace=0|0; bgColorSelectorPosition=0; PHPSESSID=pkg0lo7fetq35uh0iav4jinvo4; thinkphp_show_page_trace=0|0; menuid=19; workspaceParam=%2FAdmin%2Fconfig%2Findex%2Fmenuid%2F5.html',
)
[ info ] [ PARAM ] array (
)
[ info ] [ SESSION ] INIT array (
  'id' => '',
  'var_session_id' => '',
  'prefix' => 'think',
  'type' => '',
  'auto_start' => true,
)
[ info ] [ CACHE ] INIT File
[ info ] [ RUN ] app\admin\controller\Index->index[ E:\yzncms\apps\admin\controller\Index.php ]
[ info ] [ DB ] INIT mysql
[ info ] [ VIEW ] E:\yzncms/apps/admin\view\index\index.html [ array (
  0 => '__MENU__',
  1 => 'role_name',
  2 => '__ADMIN_PANEL__',
) ]
[ info ] [ LOG ] INIT File
[ sql ] [ DB ] CONNECT:[ UseTime:0.001000s ] mysql:dbname=yzncms;host=127.0.0.1;charset=utf8
[ sql ] [ SQL ] SHOW COLUMNS FROM `yzn_menu` [ RunTime:0.007001s ]
[ sql ] [ SQL ] SELECT * FROM `yzn_menu` WHERE  `pid` = 0  AND `status` = 1 ORDER BY listorder ASC,id ASC [ RunTime:0.000000s ]
[ sql ] [ SQL ] SELECT * FROM `yzn_menu` WHERE  `pid` = 26  AND `status` = 1 ORDER BY listorder ASC,id ASC [ RunTime:0.000000s ]
[ sql ] [ SQL ] SELECT * FROM `yzn_menu` WHERE  `pid` = 1  AND `status` = 1 ORDER BY listorder ASC,id ASC [ RunTime:0.001000s ]
[ sql ] [ SQL ] SELECT * FROM `yzn_menu` WHERE  `pid` = 10  AND `status` = 1 ORDER BY listorder ASC,id ASC [ RunTime:0.001000s ]
[ sql ] [ SQL ] SELECT * FROM `yzn_menu` WHERE  `pid` = 5  AND `status` = 1 ORDER BY listorder ASC,id ASC [ RunTime:0.001000s ]
[ sql ] [ SQL ] SELECT * FROM `yzn_menu` WHERE  `pid` = 9  AND `status` = 1 ORDER BY listorder ASC,id ASC [ RunTime:0.000000s ]
[ sql ] [ SQL ] SELECT * FROM `yzn_menu` WHERE  `pid` = 19  AND `status` = 1 ORDER BY listorder ASC,id ASC [ RunTime:0.000000s ]
[ sql ] [ SQL ] SELECT * FROM `yzn_menu` WHERE  `pid` = 15  AND `status` = 1 ORDER BY listorder ASC,id ASC [ RunTime:0.001000s ]
[ sql ] [ SQL ] SELECT * FROM `yzn_menu` WHERE  `pid` = 33  AND `status` = 1 ORDER BY listorder ASC,id ASC [ RunTime:0.000000s ]
[ sql ] [ SQL ] SELECT * FROM `yzn_menu` WHERE  `pid` = 6  AND `status` = 1 ORDER BY listorder ASC,id ASC [ RunTime:0.000000s ]
[ sql ] [ SQL ] SELECT * FROM `yzn_menu` WHERE  `pid` = 12  AND `status` = 1 ORDER BY listorder ASC,id ASC [ RunTime:0.001000s ]
[ sql ] [ SQL ] SELECT * FROM `yzn_menu` WHERE  `pid` = 16  AND `status` = 1 ORDER BY listorder ASC,id ASC [ RunTime:0.000000s ]
[ sql ] [ SQL ] SELECT * FROM `yzn_menu` WHERE  `pid` = 17  AND `status` = 1 ORDER BY listorder ASC,id ASC [ RunTime:0.000000s ]
[ sql ] [ SQL ] SELECT * FROM `yzn_menu` WHERE  `pid` = 18  AND `status` = 1 ORDER BY listorder ASC,id ASC [ RunTime:0.000000s ]
[ sql ] [ SQL ] SELECT * FROM `yzn_menu` WHERE  `pid` = 2  AND `status` = 1 ORDER BY listorder ASC,id ASC [ RunTime:0.000000s ]
[ sql ] [ SQL ] SHOW COLUMNS FROM `yzn_auth_group` [ RunTime:0.007001s ]
[ sql ] [ SQL ] SELECT `title` FROM `yzn_auth_group` WHERE  `id` = 1 LIMIT 1 [ RunTime:0.000000s ]
[ sql ] [ SQL ] SHOW COLUMNS FROM `yzn_admin_panel` [ RunTime:0.007000s ]
[ sql ] [ SQL ] SELECT * FROM `yzn_admin_panel` WHERE  `userid` = 1 [ RunTime:0.000000s ]
---------------------------------------------------------------
[ 2017-06-20T17:44:40+08:00 ] 127.0.0.1 127.0.0.1 GET /Admin/config/index/menuid/5.html
[ info ] www.yzncms.com/Admin/config/index/menuid/5.html [运行时间：0.066004s][吞吐率：15.15req/s] [内存消耗：2,719.23kb] [文件加载：54]
[ info ] [ LANG ] E:\yzncms\thinkphp\lang\zh-cn.php
[ info ] [ ROUTE ] array (
  'type' => 'module',
  'module' => 
  array (
    0 => 'Admin',
    1 => 'config',
    2 => 'index',
  ),
)
[ info ] [ HEADER ] array (
  'host' => 'www.yzncms.com',
  'connection' => 'keep-alive',
  'accept' => 'text/html,application/xhtml+xml,application/xml;q=0.9,image/webp,*/*;q=0.8',
  'upgrade-insecure-requests' => '1',
  'user-agent' => 'Mozilla/5.0 (Windows NT 6.1; WOW64) AppleWebKit/537.36 (KHTML, like Gecko) Chrome/45.0.2454.101 Safari/537.36',
  'referer' => 'http://www.yzncms.com/admin/index/index.html',
  'accept-encoding' => 'gzip, deflate, sdch',
  'accept-language' => 'zh-CN,zh;q=0.8',
  'cookie' => 'thinkphp_show_page_trace=0|0; bgColorSelectorPosition=0; PHPSESSID=pkg0lo7fetq35uh0iav4jinvo4; thinkphp_show_page_trace=0|0; menuid=19; workspaceParam=%2FAdmin%2Fconfig%2Findex%2Fmenuid%2F5.html',
)
[ info ] [ PARAM ] array (
  'menuid' => '5',
)
[ info ] [ SESSION ] INIT array (
  'id' => '',
  'var_session_id' => '',
  'prefix' => 'think',
  'type' => '',
  'auto_start' => true,
)
[ info ] [ CACHE ] INIT File
[ info ] [ DB ] INIT mysql
[ info ] [ RUN ] app\admin\controller\Config->index[ E:\yzncms\apps\admin\controller\Config.php ]
[ info ] [ VIEW ] E:\yzncms/apps/admin\view\config\index.html [ array (
  0 => 'Site',
) ]
[ info ] [ LOG ] INIT File
[ sql ] [ DB ] CONNECT:[ UseTime:0.001000s ] mysql:dbname=yzncms;host=127.0.0.1;charset=utf8
[ sql ] [ SQL ] SHOW COLUMNS FROM `yzn_config` [ RunTime:0.007001s ]
[ sql ] [ SQL ] SELECT `name`,`value` FROM `yzn_config` [ RunTime:0.001000s ]
[ sql ] [ SQL ] SHOW COLUMNS FROM `yzn_menu` [ RunTime:0.008000s ]
[ sql ] [ SQL ] SELECT * FROM `yzn_menu` WHERE  `pid` = 5  AND `status` = 1 ORDER BY listorder ASC,id ASC [ RunTime:0.001000s ]
[ sql ] [ SQL ] SELECT * FROM `yzn_menu` WHERE  `id` = 5 LIMIT 1 [ RunTime:0.000000s ]
---------------------------------------------------------------
[ 2017-06-20T17:44:42+08:00 ] 127.0.0.1 127.0.0.1 GET /Admin/menu/index/menuid/33.html
[ info ] www.yzncms.com/Admin/menu/index/menuid/33.html [运行时间：0.044003s][吞吐率：22.73req/s] [内存消耗：1,159.49kb] [文件加载：34]
[ info ] [ LANG ] E:\yzncms\thinkphp\lang\zh-cn.php
[ info ] [ ROUTE ] array (
  'type' => 'module',
  'module' => 
  array (
    0 => 'Admin',
    1 => 'menu',
    2 => 'index',
  ),
)
[ info ] [ HEADER ] array (
  'host' => 'www.yzncms.com',
  'connection' => 'keep-alive',
  'accept' => 'text/html,application/xhtml+xml,application/xml;q=0.9,image/webp,*/*;q=0.8',
  'upgrade-insecure-requests' => '1',
  'user-agent' => 'Mozilla/5.0 (Windows NT 6.1; WOW64) AppleWebKit/537.36 (KHTML, like Gecko) Chrome/45.0.2454.101 Safari/537.36',
  'referer' => 'http://www.yzncms.com/admin/index/index.html',
  'accept-encoding' => 'gzip, deflate, sdch',
  'accept-language' => 'zh-CN,zh;q=0.8',
  'cookie' => 'bgColorSelectorPosition=0; PHPSESSID=pkg0lo7fetq35uh0iav4jinvo4; thinkphp_show_page_trace=0|0; workspaceParam=%2FAdmin%2Fmenu%2Findex%2Fmenuid%2F33.html; menuid=33',
)
[ info ] [ PARAM ] array (
  'menuid' => '33',
)
[ info ] [ LOG ] INIT File
---------------------------------------------------------------
[ 2017-06-20T17:44:49+08:00 ] 127.0.0.1 127.0.0.1 GET /Admin/manager/index/menuid/12.html
[ info ] www.yzncms.com/Admin/manager/index/menuid/12.html [运行时间：0.147009s][吞吐率：6.80req/s] [内存消耗：3,003.72kb] [文件加载：59]
[ info ] [ LANG ] E:\yzncms\thinkphp\lang\zh-cn.php
[ info ] [ ROUTE ] array (
  'type' => 'module',
  'module' => 
  array (
    0 => 'Admin',
    1 => 'manager',
    2 => 'index',
  ),
)
[ info ] [ HEADER ] array (
  'host' => 'www.yzncms.com',
  'connection' => 'keep-alive',
  'accept' => 'text/html,application/xhtml+xml,application/xml;q=0.9,image/webp,*/*;q=0.8',
  'upgrade-insecure-requests' => '1',
  'user-agent' => 'Mozilla/5.0 (Windows NT 6.1; WOW64) AppleWebKit/537.36 (KHTML, like Gecko) Chrome/45.0.2454.101 Safari/537.36',
  'referer' => 'http://www.yzncms.com/admin/index/index.html',
  'accept-encoding' => 'gzip, deflate, sdch',
  'accept-language' => 'zh-CN,zh;q=0.8',
  'cookie' => 'bgColorSelectorPosition=0; PHPSESSID=pkg0lo7fetq35uh0iav4jinvo4; thinkphp_show_page_trace=0|0; workspaceParam=%2FAdmin%2Fmanager%2Findex%2Fmenuid%2F12.html; menuid=12',
)
[ info ] [ PARAM ] array (
  'menuid' => '12',
)
[ info ] [ SESSION ] INIT array (
  'id' => '',
  'var_session_id' => '',
  'prefix' => 'think',
  'type' => '',
  'auto_start' => true,
)
[ info ] [ CACHE ] INIT File
[ info ] [ DB ] INIT mysql
[ info ] [ RUN ] app\admin\controller\Manager->index[ E:\yzncms\apps\admin\controller\Manager.php ]
[ info ] [ VIEW ] E:\yzncms/apps/admin\view\manager\index.html [ array (
  0 => '_page',
  1 => '_total',
  2 => '_list',
) ]
[ info ] [ LOG ] INIT File
[ sql ] [ DB ] CONNECT:[ UseTime:0.001000s ] mysql:dbname=yzncms;host=127.0.0.1;charset=utf8
[ sql ] [ SQL ] SHOW COLUMNS FROM `yzn_admin` [ RunTime:0.007000s ]
[ sql ] [ SQL ] SELECT COUNT(*) AS tp_count FROM `yzn_admin` LIMIT 1 [ RunTime:0.001000s ]
[ sql ] [ SQL ] SELECT COUNT(*) AS tp_count FROM `yzn_admin` LIMIT 1 [ RunTime:0.001000s ]
[ sql ] [ SQL ] SELECT `userid`,`username`,`password`,`roleid`,`encrypt`,`nickname`,`last_login_time`,`last_login_ip`,`email` FROM `yzn_admin` ORDER BY userid desc LIMIT 0,10 [ RunTime:0.000000s ]
[ sql ] [ SQL ] SHOW COLUMNS FROM `yzn_menu` [ RunTime:0.015001s ]
[ sql ] [ SQL ] SELECT * FROM `yzn_menu` WHERE  `pid` = 12  AND `status` = 1 ORDER BY listorder ASC,id ASC [ RunTime:0.000000s ]
[ sql ] [ SQL ] SELECT * FROM `yzn_menu` WHERE  `id` = 12 LIMIT 1 [ RunTime:0.000000s ]
[ sql ] [ SQL ] SHOW COLUMNS FROM `yzn_auth_group` [ RunTime:0.008001s ]
[ sql ] [ SQL ] SELECT `title` FROM `yzn_auth_group` WHERE  `id` = 2 LIMIT 1 [ RunTime:0.001000s ]
[ sql ] [ SQL ] SELECT `title` FROM `yzn_auth_group` WHERE  `id` = 1 LIMIT 1 [ RunTime:0.000000s ]
---------------------------------------------------------------
[ 2017-06-20T17:44:50+08:00 ] 127.0.0.1 127.0.0.1 GET /Admin/config/index/menuid/5.html
[ info ] www.yzncms.com/Admin/config/index/menuid/5.html [运行时间：0.074004s][吞吐率：13.51req/s] [内存消耗：2,719.23kb] [文件加载：54]
[ info ] [ LANG ] E:\yzncms\thinkphp\lang\zh-cn.php
[ info ] [ ROUTE ] array (
  'type' => 'module',
  'module' => 
  array (
    0 => 'Admin',
    1 => 'config',
    2 => 'index',
  ),
)
[ info ] [ HEADER ] array (
  'host' => 'www.yzncms.com',
  'connection' => 'keep-alive',
  'accept' => 'text/html,application/xhtml+xml,application/xml;q=0.9,image/webp,*/*;q=0.8',
  'upgrade-insecure-requests' => '1',
  'user-agent' => 'Mozilla/5.0 (Windows NT 6.1; WOW64) AppleWebKit/537.36 (KHTML, like Gecko) Chrome/45.0.2454.101 Safari/537.36',
  'referer' => 'http://www.yzncms.com/admin/index/index.html',
  'accept-encoding' => 'gzip, deflate, sdch',
  'accept-language' => 'zh-CN,zh;q=0.8',
  'cookie' => 'thinkphp_show_page_trace=0|0; bgColorSelectorPosition=0; PHPSESSID=pkg0lo7fetq35uh0iav4jinvo4; thinkphp_show_page_trace=0|0; workspaceParam=%2FAdmin%2Fconfig%2Findex%2Fmenuid%2F5.html; menuid=5',
)
[ info ] [ PARAM ] array (
  'menuid' => '5',
)
[ info ] [ SESSION ] INIT array (
  'id' => '',
  'var_session_id' => '',
  'prefix' => 'think',
  'type' => '',
  'auto_start' => true,
)
[ info ] [ CACHE ] INIT File
[ info ] [ DB ] INIT mysql
[ info ] [ RUN ] app\admin\controller\Config->index[ E:\yzncms\apps\admin\controller\Config.php ]
[ info ] [ VIEW ] E:\yzncms/apps/admin\view\config\index.html [ array (
  0 => 'Site',
) ]
[ info ] [ LOG ] INIT File
[ sql ] [ DB ] CONNECT:[ UseTime:0.001000s ] mysql:dbname=yzncms;host=127.0.0.1;charset=utf8
[ sql ] [ SQL ] SHOW COLUMNS FROM `yzn_config` [ RunTime:0.008000s ]
[ sql ] [ SQL ] SELECT `name`,`value` FROM `yzn_config` [ RunTime:0.000000s ]
[ sql ] [ SQL ] SHOW COLUMNS FROM `yzn_menu` [ RunTime:0.007001s ]
[ sql ] [ SQL ] SELECT * FROM `yzn_menu` WHERE  `pid` = 5  AND `status` = 1 ORDER BY listorder ASC,id ASC [ RunTime:0.000000s ]
[ sql ] [ SQL ] SELECT * FROM `yzn_menu` WHERE  `id` = 5 LIMIT 1 [ RunTime:0.000000s ]
---------------------------------------------------------------
[ 2017-06-20T17:44:51+08:00 ] 127.0.0.1 127.0.0.1 GET /Admin/action/actionlog/menuid/15.html
[ info ] www.yzncms.com/Admin/action/actionlog/menuid/15.html [运行时间：0.065004s][吞吐率：15.38req/s] [内存消耗：2,660.73kb] [文件加载：53]
[ info ] [ LANG ] E:\yzncms\thinkphp\lang\zh-cn.php
[ info ] [ ROUTE ] array (
  'type' => 'module',
  'module' => 
  array (
    0 => 'Admin',
    1 => 'action',
    2 => 'actionlog',
  ),
)
[ info ] [ HEADER ] array (
  'host' => 'www.yzncms.com',
  'connection' => 'keep-alive',
  'accept' => 'text/html,application/xhtml+xml,application/xml;q=0.9,image/webp,*/*;q=0.8',
  'upgrade-insecure-requests' => '1',
  'user-agent' => 'Mozilla/5.0 (Windows NT 6.1; WOW64) AppleWebKit/537.36 (KHTML, like Gecko) Chrome/45.0.2454.101 Safari/537.36',
  'referer' => 'http://www.yzncms.com/admin/index/index.html',
  'accept-encoding' => 'gzip, deflate, sdch',
  'accept-language' => 'zh-CN,zh;q=0.8',
  'cookie' => 'thinkphp_show_page_trace=0|0; bgColorSelectorPosition=0; PHPSESSID=pkg0lo7fetq35uh0iav4jinvo4; thinkphp_show_page_trace=0|0; workspaceParam=%2FAdmin%2Faction%2Factionlog%2Fmenuid%2F15.html; menuid=15',
)
[ info ] [ PARAM ] array (
  'menuid' => '15',
)
[ info ] [ SESSION ] INIT array (
  'id' => '',
  'var_session_id' => '',
  'prefix' => 'think',
  'type' => '',
  'auto_start' => true,
)
[ info ] [ CACHE ] INIT File
[ info ] [ RUN ] app\admin\controller\Action->actionLog[ E:\yzncms\apps\admin\controller\Action.php ]
[ info ] [ VIEW ] E:\yzncms/apps/admin\view\action\actionlog.html [ array (
) ]
[ info ] [ DB ] INIT mysql
[ info ] [ LOG ] INIT File
[ sql ] [ DB ] CONNECT:[ UseTime:0.001000s ] mysql:dbname=yzncms;host=127.0.0.1;charset=utf8
[ sql ] [ SQL ] SHOW COLUMNS FROM `yzn_menu` [ RunTime:0.008000s ]
[ sql ] [ SQL ] SELECT * FROM `yzn_menu` WHERE  `pid` = 15  AND `status` = 1 ORDER BY listorder ASC,id ASC [ RunTime:0.000000s ]
[ sql ] [ SQL ] SELECT * FROM `yzn_menu` WHERE  `id` = 15 LIMIT 1 [ RunTime:0.000000s ]
---------------------------------------------------------------
[ 2017-06-20T17:44:51+08:00 ] 127.0.0.1 127.0.0.1 POST /admin/action/get_xml.html
[ info ] www.yzncms.com/admin/action/get_xml.html [运行时间：0.072004s][吞吐率：13.89req/s] [内存消耗：2,343.06kb] [文件加载：47]
[ info ] [ LANG ] E:\yzncms\thinkphp\lang\zh-cn.php
[ info ] [ ROUTE ] array (
  'type' => 'module',
  'module' => 
  array (
    0 => 'admin',
    1 => 'action',
    2 => 'get_xml',
  ),
)
[ info ] [ HEADER ] array (
  'host' => 'www.yzncms.com',
  'connection' => 'keep-alive',
  'content-length' => '65',
  'accept' => 'application/xml, text/xml, */*; q=0.01',
  'origin' => 'http://www.yzncms.com',
  'x-requested-with' => 'XMLHttpRequest',
  'user-agent' => 'Mozilla/5.0 (Windows NT 6.1; WOW64) AppleWebKit/537.36 (KHTML, like Gecko) Chrome/45.0.2454.101 Safari/537.36',
  'content-type' => 'application/x-www-form-urlencoded; charset=UTF-8',
  'referer' => 'http://www.yzncms.com/Admin/action/actionlog/menuid/15.html',
  'accept-encoding' => 'gzip, deflate',
  'accept-language' => 'zh-CN,zh;q=0.8',
  'cookie' => 'bgColorSelectorPosition=0; PHPSESSID=pkg0lo7fetq35uh0iav4jinvo4; thinkphp_show_page_trace=0|0; workspaceParam=%2FAdmin%2Faction%2Factionlog%2Fmenuid%2F15.html; menuid=15',
)
[ info ] [ PARAM ] array (
  'curpage' => '1',
  'rp' => '15',
  'sortname' => 'id',
  'sortorder' => 'desc',
  'query' => '',
  'qtype' => 'action_id',
)
[ info ] [ SESSION ] INIT array (
  'id' => '',
  'var_session_id' => '',
  'prefix' => 'think',
  'type' => '',
  'auto_start' => true,
)
[ info ] [ CACHE ] INIT File
[ info ] [ RUN ] app\admin\controller\Action->get_xml[ E:\yzncms\apps\admin\controller\Action.php ]
[ info ] [ DB ] INIT mysql
[ info ] [ LOG ] INIT File
[ sql ] [ DB ] CONNECT:[ UseTime:0.001000s ] mysql:dbname=yzncms;host=127.0.0.1;charset=utf8
[ sql ] [ SQL ] SHOW COLUMNS FROM `yzn_action_log` [ RunTime:0.007000s ]
[ sql ] [ SQL ] SELECT COUNT(*) AS tp_count FROM `yzn_action_log` LIMIT 1 [ RunTime:0.000000s ]
[ sql ] [ SQL ] SELECT COUNT(*) AS tp_count FROM `yzn_action_log` LIMIT 1 [ RunTime:0.001000s ]
[ sql ] [ SQL ] SELECT `id`,`action_id`,`user_id`,`action_ip`,`model`,`record_id`,`remark`,`create_time` FROM `yzn_action_log` ORDER BY `id` desc LIMIT 0,15 [ RunTime:0.000000s ]
[ sql ] [ SQL ] SHOW COLUMNS FROM `yzn_admin` [ RunTime:0.007000s ]
[ sql ] [ SQL ] SELECT `username` FROM `yzn_admin` WHERE  `userid` = 1 LIMIT 1 [ RunTime:0.000000s ]
[ sql ] [ SQL ] SELECT `username` FROM `yzn_admin` WHERE  `userid` = 1 LIMIT 1 [ RunTime:0.000000s ]
[ sql ] [ SQL ] SELECT `username` FROM `yzn_admin` WHERE  `userid` = 1 LIMIT 1 [ RunTime:0.000000s ]
[ sql ] [ SQL ] SELECT `username` FROM `yzn_admin` WHERE  `userid` = 1 LIMIT 1 [ RunTime:0.001000s ]
[ sql ] [ SQL ] SELECT `username` FROM `yzn_admin` WHERE  `userid` = 1 LIMIT 1 [ RunTime:0.001000s ]
[ sql ] [ SQL ] SELECT `username` FROM `yzn_admin` WHERE  `userid` = 1 LIMIT 1 [ RunTime:0.001000s ]
[ sql ] [ SQL ] SELECT `username` FROM `yzn_admin` WHERE  `userid` = 1 LIMIT 1 [ RunTime:0.000000s ]
[ sql ] [ SQL ] SELECT `username` FROM `yzn_admin` WHERE  `userid` = 1 LIMIT 1 [ RunTime:0.000000s ]
[ sql ] [ SQL ] SELECT `username` FROM `yzn_admin` WHERE  `userid` = 1 LIMIT 1 [ RunTime:0.000000s ]
[ sql ] [ SQL ] SELECT `username` FROM `yzn_admin` WHERE  `userid` = 1 LIMIT 1 [ RunTime:0.000000s ]
[ sql ] [ SQL ] SELECT `username` FROM `yzn_admin` WHERE  `userid` = 1 LIMIT 1 [ RunTime:0.000000s ]
[ sql ] [ SQL ] SELECT `username` FROM `yzn_admin` WHERE  `userid` = 2 LIMIT 1 [ RunTime:0.000000s ]
[ sql ] [ SQL ] SELECT `username` FROM `yzn_admin` WHERE  `userid` = 1 LIMIT 1 [ RunTime:0.000000s ]
[ sql ] [ SQL ] SELECT `username` FROM `yzn_admin` WHERE  `userid` = 2 LIMIT 1 [ RunTime:0.000000s ]
[ sql ] [ SQL ] SELECT `username` FROM `yzn_admin` WHERE  `userid` = 1 LIMIT 1 [ RunTime:0.001000s ]
---------------------------------------------------------------
[ 2017-06-20T17:44:52+08:00 ] 127.0.0.1 127.0.0.1 GET /Admin/auth_manager/index/menuid/19.html
[ info ] www.yzncms.com/Admin/auth_manager/index/menuid/19.html [运行时间：0.064004s][吞吐率：15.62req/s] [内存消耗：2,424.48kb] [文件加载：52]
[ info ] [ LANG ] E:\yzncms\thinkphp\lang\zh-cn.php
[ info ] [ ROUTE ] array (
  'type' => 'module',
  'module' => 
  array (
    0 => 'Admin',
    1 => 'auth_manager',
    2 => 'index',
  ),
)
[ info ] [ HEADER ] array (
  'host' => 'www.yzncms.com',
  'connection' => 'keep-alive',
  'accept' => 'text/html,application/xhtml+xml,application/xml;q=0.9,image/webp,*/*;q=0.8',
  'upgrade-insecure-requests' => '1',
  'user-agent' => 'Mozilla/5.0 (Windows NT 6.1; WOW64) AppleWebKit/537.36 (KHTML, like Gecko) Chrome/45.0.2454.101 Safari/537.36',
  'referer' => 'http://www.yzncms.com/admin/index/index.html',
  'accept-encoding' => 'gzip, deflate, sdch',
  'accept-language' => 'zh-CN,zh;q=0.8',
  'cookie' => 'thinkphp_show_page_trace=0|0; bgColorSelectorPosition=0; PHPSESSID=pkg0lo7fetq35uh0iav4jinvo4; thinkphp_show_page_trace=0|0; workspaceParam=%2FAdmin%2Fauth_manager%2Findex%2Fmenuid%2F19.html; menuid=19',
)
[ info ] [ PARAM ] array (
  'menuid' => '19',
)
[ info ] [ SESSION ] INIT array (
  'id' => '',
  'var_session_id' => '',
  'prefix' => 'think',
  'type' => '',
  'auto_start' => true,
)
[ info ] [ CACHE ] INIT File
[ info ] [ RUN ] app\admin\Controller\AuthManager->index[ E:\yzncms\apps\admin\controller\AuthManager.php ]
[ info ] [ DB ] INIT mysql
[ info ] [ VIEW ] E:\yzncms/apps/admin\view\auth_manager\index.html [ array (
  0 => '_page',
  1 => '_total',
  2 => '_list',
) ]
[ info ] [ LOG ] INIT File
[ sql ] [ DB ] CONNECT:[ UseTime:0.001001s ] mysql:dbname=yzncms;host=127.0.0.1;charset=utf8
[ sql ] [ SQL ] SHOW COLUMNS FROM `yzn_auth_group` [ RunTime:0.008000s ]
[ sql ] [ SQL ] SELECT COUNT(*) AS tp_count FROM `yzn_auth_group` WHERE  `module` = 'admin' LIMIT 1 [ RunTime:0.000000s ]
[ sql ] [ SQL ] SELECT COUNT(*) AS tp_count FROM `yzn_auth_group` WHERE  `module` = 'admin' LIMIT 1 [ RunTime:0.000000s ]
[ sql ] [ SQL ] SELECT `id`,`module`,`type`,`title`,`description`,`status`,`rules` FROM `yzn_auth_group` WHERE  `module` = 'admin' ORDER BY id asc LIMIT 0,10 [ RunTime:0.001000s ]
---------------------------------------------------------------
[ 2017-06-20T17:44:53+08:00 ] 127.0.0.1 127.0.0.1 GET /admin/auth_manager/access/group_name/%E8%B6%85%E7%BA%A7%E7%AE%A1%E7%90%86%E5%91%98/group_id/1.html
[ info ] www.yzncms.com/admin/auth_manager/access/group_name/%E8%B6%85%E7%BA%A7%E7%AE%A1%E7%90%86%E5%91%98/group_id/1.html [运行时间：0.145008s][吞吐率：6.90req/s] [内存消耗：3,029.16kb] [文件加载：57]
[ info ] [ LANG ] E:\yzncms\thinkphp\lang\zh-cn.php
[ info ] [ ROUTE ] array (
  'type' => 'module',
  'module' => 
  array (
    0 => 'admin',
    1 => 'auth_manager',
    2 => 'access',
  ),
)
[ info ] [ HEADER ] array (
  'host' => 'www.yzncms.com',
  'connection' => 'keep-alive',
  'accept' => 'text/html,application/xhtml+xml,application/xml;q=0.9,image/webp,*/*;q=0.8',
  'upgrade-insecure-requests' => '1',
  'user-agent' => 'Mozilla/5.0 (Windows NT 6.1; WOW64) AppleWebKit/537.36 (KHTML, like Gecko) Chrome/45.0.2454.101 Safari/537.36',
  'referer' => 'http://www.yzncms.com/Admin/auth_manager/index/menuid/19.html',
  'accept-encoding' => 'gzip, deflate, sdch',
  'accept-language' => 'zh-CN,zh;q=0.8',
  'cookie' => 'bgColorSelectorPosition=0; PHPSESSID=pkg0lo7fetq35uh0iav4jinvo4; thinkphp_show_page_trace=0|0; workspaceParam=%2FAdmin%2Fauth_manager%2Findex%2Fmenuid%2F19.html; menuid=19',
)
[ info ] [ PARAM ] array (
  'group_name' => '超级管理员',
  'group_id' => '1',
)
[ info ] [ SESSION ] INIT array (
  'id' => '',
  'var_session_id' => '',
  'prefix' => 'think',
  'type' => '',
  'auto_start' => true,
)
[ info ] [ CACHE ] INIT File
[ info ] [ RUN ] app\admin\Controller\AuthManager->access[ E:\yzncms\apps\admin\controller\AuthManager.php ]
[ info ] [ DB ] INIT mysql
[ info ] [ VIEW ] E:\yzncms/apps/admin\view\auth_manager\managergroup.html [ array (
  0 => 'node_list',
  1 => 'auth_group',
  2 => 'main_rules',
  3 => 'auth_rules',
  4 => 'this_group',
) ]
[ info ] [ LOG ] INIT File
[ sql ] [ DB ] CONNECT:[ UseTime:0.000000s ] mysql:dbname=yzncms;host=127.0.0.1;charset=utf8
[ sql ] [ SQL ] SHOW COLUMNS FROM `yzn_menu` [ RunTime:0.008000s ]
[ sql ] [ SQL ] SELECT * FROM `yzn_menu` ORDER BY listorder ASC,id ASC [ RunTime:0.000000s ]
[ sql ] [ SQL ] SHOW COLUMNS FROM `yzn_auth_rule` [ RunTime:0.007000s ]
[ sql ] [ SQL ] SELECT * FROM `yzn_auth_rule` WHERE  `module` = 'admin'  AND `type` IN (1,2) ORDER BY `name` [ RunTime:0.001000s ]
[ sql ] [ SQL ] UPDATE `yzn_auth_rule`  SET `name`='Admin/Action/actionlog',`title`='操作日志',`module`='Admin',`type`=1,`status`=1,`id`=12  WHERE  `id` = 12 [ RunTime:0.000000s ]
[ sql ] [ SQL ] UPDATE `yzn_auth_rule`  SET `name`='Admin/Action/get_xml',`title`='浏览操作日志',`module`='Admin',`type`=1,`status`=1,`id`=20  WHERE  `id` = 20 [ RunTime:0.000000s ]
[ sql ] [ SQL ] UPDATE `yzn_auth_rule`  SET `name`='Admin/Action/remove',`title`='删除操作日志',`module`='Admin',`type`=1,`status`=1,`id`=21  WHERE  `id` = 21 [ RunTime:0.000000s ]
[ sql ] [ SQL ] UPDATE `yzn_auth_rule`  SET `name`='Admin/AuthManager/access',`title`='访问授权',`module`='Admin',`type`=1,`status`=1,`id`=24  WHERE  `id` = 24 [ RunTime:0.000000s ]
[ sql ] [ SQL ] UPDATE `yzn_auth_rule`  SET `name`='Admin/AuthManager/changeStatus',`title`='权限组状态修改',`module`='Admin',`type`=1,`status`=1,`id`=23  WHERE  `id` = 23 [ RunTime:0.000000s ]
[ sql ] [ SQL ] UPDATE `yzn_auth_rule`  SET `name`='Admin/AuthManager/index',`title`='权限设置',`module`='Admin',`type`=1,`status`=1,`id`=10  WHERE  `id` = 10 [ RunTime:0.000000s ]
[ sql ] [ SQL ] UPDATE `yzn_auth_rule`  SET `name`='Admin/AuthManager/writeGroup',`title`='编辑/创建权限组',`module`='Admin',`type`=1,`status`=1,`id`=22  WHERE  `id` = 22 [ RunTime:0.000000s ]
[ sql ] [ SQL ] UPDATE `yzn_auth_rule`  SET `name`='Admin/Config/extend',`title`='扩展配置',`module`='Admin',`type`=1,`status`=1,`id`=11  WHERE  `id` = 11 [ RunTime:0.000000s ]
[ sql ] [ SQL ] UPDATE `yzn_auth_rule`  SET `name`='Admin/Config/index',`title`='站点配置',`module`='Admin',`type`=1,`status`=1,`id`=8  WHERE  `id` = 8 [ RunTime:0.000000s ]
[ sql ] [ SQL ] UPDATE `yzn_auth_rule`  SET `name`='Admin/Content/index',`title`='内容',`module`='Admin',`type`=2,`status`=1,`id`=7  WHERE  `id` = 7 [ RunTime:0.000000s ]
[ sql ] [ SQL ] UPDATE `yzn_auth_rule`  SET `name`='Admin/database/del',`title`='删除表',`module`='Admin',`type`=1,`status`=1,`id`=16  WHERE  `id` = 16 [ RunTime:0.001000s ]
[ sql ] [ SQL ] UPDATE `yzn_auth_rule`  SET `name`='Admin/database/downfile',`title`='下载表',`module`='Admin',`type`=1,`status`=1,`id`=15  WHERE  `id` = 15 [ RunTime:0.000000s ]
[ sql ] [ SQL ] UPDATE `yzn_auth_rule`  SET `name`='Admin/database/import',`title`='还原表',`module`='Admin',`type`=1,`status`=1,`id`=17  WHERE  `id` = 17 [ RunTime:0.000000s ]
[ sql ] [ SQL ] UPDATE `yzn_auth_rule`  SET `name`='Admin/database/index',`title`='应用',`module`='Admin',`type`=1,`status`=1,`id`=4  WHERE  `id` = 4 [ RunTime:0.000000s ]
[ sql ] [ SQL ] UPDATE `yzn_auth_rule`  SET `name`='Admin/database/optimize',`title`='优化表',`module`='Admin',`type`=1,`status`=1,`id`=13  WHERE  `id` = 13 [ RunTime:0.000000s ]
[ sql ] [ SQL ] UPDATE `yzn_auth_rule`  SET `name`='Admin/database/repair',`title`='修复表',`module`='Admin',`type`=1,`status`=1,`id`=14  WHERE  `id` = 14 [ RunTime:0.001000s ]
[ sql ] [ SQL ] UPDATE `yzn_auth_rule`  SET `name`='Admin/database/repair_list',`title`='数据库恢复',`module`='Admin',`type`=1,`status`=1,`id`=5  WHERE  `id` = 5 [ RunTime:0.000000s ]
[ sql ] [ SQL ] UPDATE `yzn_auth_rule`  SET `name`='Admin/index/index',`title`='首页',`module`='Admin',`type`=2,`status`=1,`id`=19  WHERE  `id` = 19 [ RunTime:0.000000s ]
[ sql ] [ SQL ] UPDATE `yzn_auth_rule`  SET `name`='Admin/Manager/add',`title`='添加管理员',`module`='Admin',`type`=1,`status`=1,`id`=3  WHERE  `id` = 3 [ RunTime:0.000000s ]
[ sql ] [ SQL ] UPDATE `yzn_auth_rule`  SET `name`='Admin/Manager/del',`title`='删除管理员',`module`='Admin',`type`=1,`status`=1,`id`=18  WHERE  `id` = 18 [ RunTime:0.000000s ]
[ sql ] [ SQL ] UPDATE `yzn_auth_rule`  SET `name`='Admin/Manager/edit',`title`='编辑管理员',`module`='Admin',`type`=1,`status`=1,`id`=9  WHERE  `id` = 9 [ RunTime:0.000000s ]
[ sql ] [ SQL ] UPDATE `yzn_auth_rule`  SET `name`='Admin/Manager/index',`title`='管理员',`module`='Admin',`type`=1,`status`=1,`id`=2  WHERE  `id` = 2 [ RunTime:0.000000s ]
[ sql ] [ SQL ] UPDATE `yzn_auth_rule`  SET `name`='Admin/Setting/index',`title`='设置',`module`='Admin',`type`=1,`status`=1,`id`=1  WHERE  `id` = 1 [ RunTime:0.000000s ]
[ sql ] [ SQL ] UPDATE `yzn_auth_rule`  SET `name`='Admin/Setting/index',`title`='设置',`module`='Admin',`type`=2,`status`=1,`id`=6  WHERE  `id` = 6 [ RunTime:0.000000s ]
[ sql ] [ SQL ] INSERT INTO `yzn_auth_rule` (`name` , `title` , `module` , `type` , `status`) SELECT 'Admin/Menu/index','后台菜单','Admin',1,1 [ RunTime:0.001001s ]
[ sql ] [ SQL ] SELECT * FROM `yzn_menu` ORDER BY listorder ASC,id ASC [ RunTime:0.001000s ]
[ sql ] [ SQL ] SHOW COLUMNS FROM `yzn_auth_group` [ RunTime:0.007000s ]
[ sql ] [ SQL ] SELECT `id`,`title`,`rules` FROM `yzn_auth_group` WHERE  `status` >= 0  AND `module` = 'admin'  AND `type` = 1 [ RunTime:0.000000s ]
[ sql ] [ SQL ] SELECT `name`,`id` FROM `yzn_auth_rule` WHERE  `module` = 'admin'  AND `type` = 2  AND `status` = 1 [ RunTime:0.001000s ]
[ sql ] [ SQL ] SELECT `name`,`id` FROM `yzn_auth_rule` WHERE  `module` = 'admin'  AND `type` = 1  AND `status` = 1 [ RunTime:0.000000s ]
---------------------------------------------------------------
[ 2017-06-20T17:44:57+08:00 ] 127.0.0.1 127.0.0.1 POST /admin/auth_manager/writegroup.html
[ info ] www.yzncms.com/admin/auth_manager/writegroup.html [运行时间：0.110007s][吞吐率：9.09req/s] [内存消耗：2,619.06kb] [文件加载：52]
[ info ] [ LANG ] E:\yzncms\thinkphp\lang\zh-cn.php
[ info ] [ ROUTE ] array (
  'type' => 'module',
  'module' => 
  array (
    0 => 'admin',
    1 => 'auth_manager',
    2 => 'writegroup',
  ),
)
[ info ] [ HEADER ] array (
  'host' => 'www.yzncms.com',
  'connection' => 'keep-alive',
  'content-length' => '371',
  'cache-control' => 'max-age=0',
  'accept' => 'text/html,application/xhtml+xml,application/xml;q=0.9,image/webp,*/*;q=0.8',
  'origin' => 'http://www.yzncms.com',
  'upgrade-insecure-requests' => '1',
  'user-agent' => 'Mozilla/5.0 (Windows NT 6.1; WOW64) AppleWebKit/537.36 (KHTML, like Gecko) Chrome/45.0.2454.101 Safari/537.36',
  'content-type' => 'application/x-www-form-urlencoded',
  'referer' => 'http://www.yzncms.com/admin/auth_manager/access/group_name/%E8%B6%85%E7%BA%A7%E7%AE%A1%E7%90%86%E5%91%98/group_id/1.html',
  'accept-encoding' => 'gzip, deflate',
  'accept-language' => 'zh-CN,zh;q=0.8',
  'cookie' => 'bgColorSelectorPosition=0; PHPSESSID=pkg0lo7fetq35uh0iav4jinvo4; thinkphp_show_page_trace=0|0; workspaceParam=%2FAdmin%2Fauth_manager%2Findex%2Fmenuid%2F19.html; menuid=19',
)
[ info ] [ PARAM ] array (
  'rules' => 
  array (
    0 => '19',
    1 => '6',
    2 => '8',
    3 => '11',
    4 => '10',
    5 => '10',
    6 => '22',
    7 => '23',
    8 => '24',
    9 => '12',
    10 => '20',
    11 => '21',
    12 => '25',
    13 => '2',
    14 => '3',
    15 => '18',
    16 => '9',
    17 => '4',
    18 => '5',
    19 => '13',
    20 => '14',
    21 => '15',
    22 => '16',
    23 => '17',
    24 => '7',
  ),
  'id' => '1',
)
[ info ] [ SESSION ] INIT array (
  'id' => '',
  'var_session_id' => '',
  'prefix' => 'think',
  'type' => '',
  'auto_start' => true,
)
[ info ] [ CACHE ] INIT File
[ info ] [ RUN ] app\admin\Controller\AuthManager->writeGroup[ E:\yzncms\apps\admin\controller\AuthManager.php ]
[ info ] [ DB ] INIT mysql
[ info ] [ VIEW ] E:\yzncms/apps/admin\view\public\dispatch_jump.tpl [ array (
  0 => 'code',
  1 => 'msg',
  2 => 'data',
  3 => 'url',
  4 => 'wait',
) ]
[ info ] [ LOG ] INIT File
[ sql ] [ DB ] CONNECT:[ UseTime:0.000000s ] mysql:dbname=yzncms;host=127.0.0.1;charset=utf8
[ sql ] [ SQL ] SHOW COLUMNS FROM `yzn_auth_group` [ RunTime:0.007001s ]
[ sql ] [ SQL ] UPDATE `yzn_auth_group`  SET `rules`='2,3,4,5,6,7,8,9,10,11,12,13,14,15,16,17,18,19,20,21,22,23,24,25',`module`='admin',`type`=1  WHERE  `id` = 1 [ RunTime:0.034002s ]
---------------------------------------------------------------
[ 2017-06-20T17:44:58+08:00 ] 127.0.0.1 127.0.0.1 GET /admin/auth_manager/index.html
[ info ] www.yzncms.com/admin/auth_manager/index.html [运行时间：0.072004s][吞吐率：13.89req/s] [内存消耗：2,424.24kb] [文件加载：52]
[ info ] [ LANG ] E:\yzncms\thinkphp\lang\zh-cn.php
[ info ] [ ROUTE ] array (
  'type' => 'module',
  'module' => 
  array (
    0 => 'admin',
    1 => 'auth_manager',
    2 => 'index',
  ),
)
[ info ] [ HEADER ] array (
  'host' => 'www.yzncms.com',
  'connection' => 'keep-alive',
  'accept' => 'text/html,application/xhtml+xml,application/xml;q=0.9,image/webp,*/*;q=0.8',
  'upgrade-insecure-requests' => '1',
  'user-agent' => 'Mozilla/5.0 (Windows NT 6.1; WOW64) AppleWebKit/537.36 (KHTML, like Gecko) Chrome/45.0.2454.101 Safari/537.36',
  'referer' => 'http://www.yzncms.com/admin/auth_manager/writegroup.html',
  'accept-encoding' => 'gzip, deflate, sdch',
  'accept-language' => 'zh-CN,zh;q=0.8',
  'cookie' => 'thinkphp_show_page_trace=0|0; bgColorSelectorPosition=0; PHPSESSID=pkg0lo7fetq35uh0iav4jinvo4; thinkphp_show_page_trace=0|0; workspaceParam=%2FAdmin%2Fauth_manager%2Findex%2Fmenuid%2F19.html; menuid=19',
)
[ info ] [ PARAM ] array (
)
[ info ] [ SESSION ] INIT array (
  'id' => '',
  'var_session_id' => '',
  'prefix' => 'think',
  'type' => '',
  'auto_start' => true,
)
[ info ] [ CACHE ] INIT File
[ info ] [ RUN ] app\admin\Controller\AuthManager->index[ E:\yzncms\apps\admin\controller\AuthManager.php ]
[ info ] [ DB ] INIT mysql
[ info ] [ VIEW ] E:\yzncms/apps/admin\view\auth_manager\index.html [ array (
  0 => '_page',
  1 => '_total',
  2 => '_list',
) ]
[ info ] [ LOG ] INIT File
[ sql ] [ DB ] CONNECT:[ UseTime:0.001000s ] mysql:dbname=yzncms;host=127.0.0.1;charset=utf8
[ sql ] [ SQL ] SHOW COLUMNS FROM `yzn_auth_group` [ RunTime:0.008000s ]
[ sql ] [ SQL ] SELECT COUNT(*) AS tp_count FROM `yzn_auth_group` WHERE  `module` = 'admin' LIMIT 1 [ RunTime:0.000000s ]
[ sql ] [ SQL ] SELECT COUNT(*) AS tp_count FROM `yzn_auth_group` WHERE  `module` = 'admin' LIMIT 1 [ RunTime:0.000000s ]
[ sql ] [ SQL ] SELECT `id`,`module`,`type`,`title`,`description`,`status`,`rules` FROM `yzn_auth_group` WHERE  `module` = 'admin' ORDER BY id asc LIMIT 0,10 [ RunTime:0.000000s ]
---------------------------------------------------------------
[ 2017-06-20T17:44:59+08:00 ] 127.0.0.1 127.0.0.1 GET /Admin/config/index/menuid/5.html
[ info ] www.yzncms.com/Admin/config/index/menuid/5.html [运行时间：0.085005s][吞吐率：11.76req/s] [内存消耗：2,719.23kb] [文件加载：54]
[ info ] [ LANG ] E:\yzncms\thinkphp\lang\zh-cn.php
[ info ] [ ROUTE ] array (
  'type' => 'module',
  'module' => 
  array (
    0 => 'Admin',
    1 => 'config',
    2 => 'index',
  ),
)
[ info ] [ HEADER ] array (
  'host' => 'www.yzncms.com',
  'connection' => 'keep-alive',
  'accept' => 'text/html,application/xhtml+xml,application/xml;q=0.9,image/webp,*/*;q=0.8',
  'upgrade-insecure-requests' => '1',
  'user-agent' => 'Mozilla/5.0 (Windows NT 6.1; WOW64) AppleWebKit/537.36 (KHTML, like Gecko) Chrome/45.0.2454.101 Safari/537.36',
  'referer' => 'http://www.yzncms.com/admin/index/index.html',
  'accept-encoding' => 'gzip, deflate, sdch',
  'accept-language' => 'zh-CN,zh;q=0.8',
  'cookie' => 'thinkphp_show_page_trace=0|0; bgColorSelectorPosition=0; PHPSESSID=pkg0lo7fetq35uh0iav4jinvo4; thinkphp_show_page_trace=0|0; workspaceParam=%2FAdmin%2Fconfig%2Findex%2Fmenuid%2F5.html; menuid=5',
)
[ info ] [ PARAM ] array (
  'menuid' => '5',
)
[ info ] [ SESSION ] INIT array (
  'id' => '',
  'var_session_id' => '',
  'prefix' => 'think',
  'type' => '',
  'auto_start' => true,
)
[ info ] [ CACHE ] INIT File
[ info ] [ DB ] INIT mysql
[ info ] [ RUN ] app\admin\controller\Config->index[ E:\yzncms\apps\admin\controller\Config.php ]
[ info ] [ VIEW ] E:\yzncms/apps/admin\view\config\index.html [ array (
  0 => 'Site',
) ]
[ info ] [ LOG ] INIT File
[ sql ] [ DB ] CONNECT:[ UseTime:0.000000s ] mysql:dbname=yzncms;host=127.0.0.1;charset=utf8
[ sql ] [ SQL ] SHOW COLUMNS FROM `yzn_config` [ RunTime:0.009001s ]
[ sql ] [ SQL ] SELECT `name`,`value` FROM `yzn_config` [ RunTime:0.001000s ]
[ sql ] [ SQL ] SHOW COLUMNS FROM `yzn_menu` [ RunTime:0.007001s ]
[ sql ] [ SQL ] SELECT * FROM `yzn_menu` WHERE  `pid` = 5  AND `status` = 1 ORDER BY listorder ASC,id ASC [ RunTime:0.000000s ]
[ sql ] [ SQL ] SELECT * FROM `yzn_menu` WHERE  `id` = 5 LIMIT 1 [ RunTime:0.000000s ]
---------------------------------------------------------------
[ 2017-06-20T17:45:00+08:00 ] 127.0.0.1 127.0.0.1 GET /Admin/auth_manager/index/menuid/19.html
[ info ] www.yzncms.com/Admin/auth_manager/index/menuid/19.html [运行时间：0.060003s][吞吐率：16.67req/s] [内存消耗：2,424.48kb] [文件加载：52]
[ info ] [ LANG ] E:\yzncms\thinkphp\lang\zh-cn.php
[ info ] [ ROUTE ] array (
  'type' => 'module',
  'module' => 
  array (
    0 => 'Admin',
    1 => 'auth_manager',
    2 => 'index',
  ),
)
[ info ] [ HEADER ] array (
  'host' => 'www.yzncms.com',
  'connection' => 'keep-alive',
  'accept' => 'text/html,application/xhtml+xml,application/xml;q=0.9,image/webp,*/*;q=0.8',
  'upgrade-insecure-requests' => '1',
  'user-agent' => 'Mozilla/5.0 (Windows NT 6.1; WOW64) AppleWebKit/537.36 (KHTML, like Gecko) Chrome/45.0.2454.101 Safari/537.36',
  'referer' => 'http://www.yzncms.com/admin/index/index.html',
  'accept-encoding' => 'gzip, deflate, sdch',
  'accept-language' => 'zh-CN,zh;q=0.8',
  'cookie' => 'thinkphp_show_page_trace=0|0; bgColorSelectorPosition=0; PHPSESSID=pkg0lo7fetq35uh0iav4jinvo4; thinkphp_show_page_trace=0|0; workspaceParam=%2FAdmin%2Fauth_manager%2Findex%2Fmenuid%2F19.html; menuid=19',
)
[ info ] [ PARAM ] array (
  'menuid' => '19',
)
[ info ] [ SESSION ] INIT array (
  'id' => '',
  'var_session_id' => '',
  'prefix' => 'think',
  'type' => '',
  'auto_start' => true,
)
[ info ] [ CACHE ] INIT File
[ info ] [ RUN ] app\admin\Controller\AuthManager->index[ E:\yzncms\apps\admin\controller\AuthManager.php ]
[ info ] [ DB ] INIT mysql
[ info ] [ VIEW ] E:\yzncms/apps/admin\view\auth_manager\index.html [ array (
  0 => '_page',
  1 => '_total',
  2 => '_list',
) ]
[ info ] [ LOG ] INIT File
[ sql ] [ DB ] CONNECT:[ UseTime:0.001000s ] mysql:dbname=yzncms;host=127.0.0.1;charset=utf8
[ sql ] [ SQL ] SHOW COLUMNS FROM `yzn_auth_group` [ RunTime:0.007000s ]
[ sql ] [ SQL ] SELECT COUNT(*) AS tp_count FROM `yzn_auth_group` WHERE  `module` = 'admin' LIMIT 1 [ RunTime:0.000000s ]
[ sql ] [ SQL ] SELECT COUNT(*) AS tp_count FROM `yzn_auth_group` WHERE  `module` = 'admin' LIMIT 1 [ RunTime:0.000000s ]
[ sql ] [ SQL ] SELECT `id`,`module`,`type`,`title`,`description`,`status`,`rules` FROM `yzn_auth_group` WHERE  `module` = 'admin' ORDER BY id asc LIMIT 0,10 [ RunTime:0.001000s ]
---------------------------------------------------------------
[ 2017-06-20T17:45:01+08:00 ] 127.0.0.1 127.0.0.1 GET /Admin/config/index/menuid/5.html
[ info ] www.yzncms.com/Admin/config/index/menuid/5.html [运行时间：0.077004s][吞吐率：12.99req/s] [内存消耗：2,719.23kb] [文件加载：54]
[ info ] [ LANG ] E:\yzncms\thinkphp\lang\zh-cn.php
[ info ] [ ROUTE ] array (
  'type' => 'module',
  'module' => 
  array (
    0 => 'Admin',
    1 => 'config',
    2 => 'index',
  ),
)
[ info ] [ HEADER ] array (
  'host' => 'www.yzncms.com',
  'connection' => 'keep-alive',
  'accept' => 'text/html,application/xhtml+xml,application/xml;q=0.9,image/webp,*/*;q=0.8',
  'upgrade-insecure-requests' => '1',
  'user-agent' => 'Mozilla/5.0 (Windows NT 6.1; WOW64) AppleWebKit/537.36 (KHTML, like Gecko) Chrome/45.0.2454.101 Safari/537.36',
  'referer' => 'http://www.yzncms.com/admin/index/index.html',
  'accept-encoding' => 'gzip, deflate, sdch',
  'accept-language' => 'zh-CN,zh;q=0.8',
  'cookie' => 'thinkphp_show_page_trace=0|0; bgColorSelectorPosition=0; PHPSESSID=pkg0lo7fetq35uh0iav4jinvo4; thinkphp_show_page_trace=0|0; workspaceParam=%2FAdmin%2Fconfig%2Findex%2Fmenuid%2F5.html; menuid=5',
)
[ info ] [ PARAM ] array (
  'menuid' => '5',
)
[ info ] [ SESSION ] INIT array (
  'id' => '',
  'var_session_id' => '',
  'prefix' => 'think',
  'type' => '',
  'auto_start' => true,
)
[ info ] [ CACHE ] INIT File
[ info ] [ DB ] INIT mysql
[ info ] [ RUN ] app\admin\controller\Config->index[ E:\yzncms\apps\admin\controller\Config.php ]
[ info ] [ VIEW ] E:\yzncms/apps/admin\view\config\index.html [ array (
  0 => 'Site',
) ]
[ info ] [ LOG ] INIT File
[ sql ] [ DB ] CONNECT:[ UseTime:0.001000s ] mysql:dbname=yzncms;host=127.0.0.1;charset=utf8
[ sql ] [ SQL ] SHOW COLUMNS FROM `yzn_config` [ RunTime:0.007000s ]
[ sql ] [ SQL ] SELECT `name`,`value` FROM `yzn_config` [ RunTime:0.001000s ]
[ sql ] [ SQL ] SHOW COLUMNS FROM `yzn_menu` [ RunTime:0.007001s ]
[ sql ] [ SQL ] SELECT * FROM `yzn_menu` WHERE  `pid` = 5  AND `status` = 1 ORDER BY listorder ASC,id ASC [ RunTime:0.000000s ]
[ sql ] [ SQL ] SELECT * FROM `yzn_menu` WHERE  `id` = 5 LIMIT 1 [ RunTime:0.000000s ]
---------------------------------------------------------------
[ 2017-06-20T17:45:02+08:00 ] 127.0.0.1 127.0.0.1 GET /Admin/menu/index/menuid/33.html
[ info ] www.yzncms.com/Admin/menu/index/menuid/33.html [运行时间：0.033002s][吞吐率：30.30req/s] [内存消耗：1,159.54kb] [文件加载：34]
[ info ] [ LANG ] E:\yzncms\thinkphp\lang\zh-cn.php
[ info ] [ ROUTE ] array (
  'type' => 'module',
  'module' => 
  array (
    0 => 'Admin',
    1 => 'menu',
    2 => 'index',
  ),
)
[ info ] [ HEADER ] array (
  'host' => 'www.yzncms.com',
  'connection' => 'keep-alive',
  'accept' => 'text/html,application/xhtml+xml,application/xml;q=0.9,image/webp,*/*;q=0.8',
  'upgrade-insecure-requests' => '1',
  'user-agent' => 'Mozilla/5.0 (Windows NT 6.1; WOW64) AppleWebKit/537.36 (KHTML, like Gecko) Chrome/45.0.2454.101 Safari/537.36',
  'referer' => 'http://www.yzncms.com/admin/index/index.html',
  'accept-encoding' => 'gzip, deflate, sdch',
  'accept-language' => 'zh-CN,zh;q=0.8',
  'cookie' => 'thinkphp_show_page_trace=0|0; bgColorSelectorPosition=0; PHPSESSID=pkg0lo7fetq35uh0iav4jinvo4; thinkphp_show_page_trace=0|0; workspaceParam=%2FAdmin%2Fmenu%2Findex%2Fmenuid%2F33.html; menuid=33',
)
[ info ] [ PARAM ] array (
  'menuid' => '33',
)
[ info ] [ LOG ] INIT File
---------------------------------------------------------------
[ 2017-06-20T17:45:04+08:00 ] 127.0.0.1 127.0.0.1 GET /Admin/menu/index/menuid/33.html
[ info ] www.yzncms.com/Admin/menu/index/menuid/33.html [运行时间：0.042003s][吞吐率：23.81req/s] [内存消耗：1,159.54kb] [文件加载：34]
[ info ] [ LANG ] E:\yzncms\thinkphp\lang\zh-cn.php
[ info ] [ ROUTE ] array (
  'type' => 'module',
  'module' => 
  array (
    0 => 'Admin',
    1 => 'menu',
    2 => 'index',
  ),
)
[ info ] [ HEADER ] array (
  'host' => 'www.yzncms.com',
  'connection' => 'keep-alive',
  'accept' => 'text/html,application/xhtml+xml,application/xml;q=0.9,image/webp,*/*;q=0.8',
  'upgrade-insecure-requests' => '1',
  'user-agent' => 'Mozilla/5.0 (Windows NT 6.1; WOW64) AppleWebKit/537.36 (KHTML, like Gecko) Chrome/45.0.2454.101 Safari/537.36',
  'referer' => 'http://www.yzncms.com/admin/index/index.html',
  'accept-encoding' => 'gzip, deflate, sdch',
  'accept-language' => 'zh-CN,zh;q=0.8',
  'cookie' => 'thinkphp_show_page_trace=0|0; bgColorSelectorPosition=0; PHPSESSID=pkg0lo7fetq35uh0iav4jinvo4; thinkphp_show_page_trace=0|0; workspaceParam=%2FAdmin%2Fmenu%2Findex%2Fmenuid%2F33.html; menuid=33',
)
[ info ] [ PARAM ] array (
  'menuid' => '33',
)
[ info ] [ LOG ] INIT File
---------------------------------------------------------------
[ 2017-06-20T17:46:37+08:00 ] 127.0.0.1 127.0.0.1 GET /Admin/menu/index/menuid/33.html
[ info ] www.yzncms.com/Admin/menu/index/menuid/33.html [运行时间：0.056004s][吞吐率：17.86req/s] [内存消耗：1,547.26kb] [文件加载：45]
[ info ] [ LANG ] E:\yzncms\thinkphp\lang\zh-cn.php
[ info ] [ ROUTE ] array (
  'type' => 'module',
  'module' => 
  array (
    0 => 'Admin',
    1 => 'menu',
    2 => 'index',
  ),
)
[ info ] [ HEADER ] array (
  'host' => 'www.yzncms.com',
  'connection' => 'keep-alive',
  'accept' => 'text/html,application/xhtml+xml,application/xml;q=0.9,image/webp,*/*;q=0.8',
  'upgrade-insecure-requests' => '1',
  'user-agent' => 'Mozilla/5.0 (Windows NT 6.1; WOW64) AppleWebKit/537.36 (KHTML, like Gecko) Chrome/45.0.2454.101 Safari/537.36',
  'referer' => 'http://www.yzncms.com/admin/index/index.html',
  'accept-encoding' => 'gzip, deflate, sdch',
  'accept-language' => 'zh-CN,zh;q=0.8',
  'cookie' => 'thinkphp_show_page_trace=0|0; bgColorSelectorPosition=0; PHPSESSID=pkg0lo7fetq35uh0iav4jinvo4; thinkphp_show_page_trace=0|0; workspaceParam=%2FAdmin%2Fmenu%2Findex%2Fmenuid%2F33.html; menuid=33',
)
[ info ] [ PARAM ] array (
  'menuid' => '33',
)
[ info ] [ SESSION ] INIT array (
  'id' => '',
  'var_session_id' => '',
  'prefix' => 'think',
  'type' => '',
  'auto_start' => true,
)
[ info ] [ CACHE ] INIT File
[ info ] [ RUN ] app\admin\controller\Menu->index[ E:\yzncms\apps\admin\controller\Menu.php ]
[ info ] [ LOG ] INIT File
[ error ] [0]模板文件不存在:E:\yzncms/apps/admin\view\menu\index.html[E:\yzncms\thinkphp\library\think\view\driver\Think.php:80]
---------------------------------------------------------------
[ 2017-06-20T17:46:39+08:00 ] 127.0.0.1 127.0.0.1 GET /Admin/menu/index/menuid/33.html
[ info ] www.yzncms.com/Admin/menu/index/menuid/33.html [运行时间：0.052003s][吞吐率：19.23req/s] [内存消耗：1,547.26kb] [文件加载：45]
[ info ] [ LANG ] E:\yzncms\thinkphp\lang\zh-cn.php
[ info ] [ ROUTE ] array (
  'type' => 'module',
  'module' => 
  array (
    0 => 'Admin',
    1 => 'menu',
    2 => 'index',
  ),
)
[ info ] [ HEADER ] array (
  'host' => 'www.yzncms.com',
  'connection' => 'keep-alive',
  'accept' => 'text/html,application/xhtml+xml,application/xml;q=0.9,image/webp,*/*;q=0.8',
  'upgrade-insecure-requests' => '1',
  'user-agent' => 'Mozilla/5.0 (Windows NT 6.1; WOW64) AppleWebKit/537.36 (KHTML, like Gecko) Chrome/45.0.2454.101 Safari/537.36',
  'referer' => 'http://www.yzncms.com/admin/index/index.html',
  'accept-encoding' => 'gzip, deflate, sdch',
  'accept-language' => 'zh-CN,zh;q=0.8',
  'cookie' => 'thinkphp_show_page_trace=0|0; bgColorSelectorPosition=0; PHPSESSID=pkg0lo7fetq35uh0iav4jinvo4; thinkphp_show_page_trace=0|0; workspaceParam=%2FAdmin%2Fmenu%2Findex%2Fmenuid%2F33.html; menuid=33',
)
[ info ] [ PARAM ] array (
  'menuid' => '33',
)
[ info ] [ SESSION ] INIT array (
  'id' => '',
  'var_session_id' => '',
  'prefix' => 'think',
  'type' => '',
  'auto_start' => true,
)
[ info ] [ CACHE ] INIT File
[ info ] [ RUN ] app\admin\controller\Menu->index[ E:\yzncms\apps\admin\controller\Menu.php ]
[ info ] [ LOG ] INIT File
[ error ] [0]模板文件不存在:E:\yzncms/apps/admin\view\menu\index.html[E:\yzncms\thinkphp\library\think\view\driver\Think.php:80]
