---------------------------------------------------------------
[ 2017-06-22T15:58:26+08:00 ] 127.0.0.1 127.0.0.1 GET /
[ info ] www.yzncms.com/ [运行时间：0.063004s][吞吐率：15.87req/s] [内存消耗：1,105.26kb] [文件加载：29]
[ info ] [ LANG ] E:\yzncms\thinkphp\lang\zh-cn.php
[ info ] [ ROUTE ] array (
  'type' => 'module',
  'module' => 
  array (
    0 => '',
    1 => NULL,
    2 => NULL,
  ),
)
[ info ] [ HEADER ] array (
  'host' => 'www.yzncms.com',
  'connection' => 'keep-alive',
  'upgrade-insecure-requests' => '1',
  'user-agent' => 'Mozilla/5.0 (Windows NT 6.1; WOW64) AppleWebKit/537.36 (KHTML, like Gecko) Chrome/55.0.2883.87 Safari/537.36',
  'accept' => 'text/html,application/xhtml+xml,application/xml;q=0.9,image/webp,*/*;q=0.8',
  'accept-encoding' => 'gzip, deflate, sdch',
  'accept-language' => 'zh-CN,zh;q=0.8',
  'cookie' => 'bgColorSelectorPosition=0; workspaceParam=%2FAdmin%2Fmenu%2Findex%2Fmenuid%2F33.html',
)
[ info ] [ PARAM ] array (
)
[ info ] [ RUN ] app\home\controller\Index->index[ E:\yzncms\apps\home\controller\Index.php ]
[ info ] [ LOG ] INIT File
---------------------------------------------------------------
[ 2017-06-22T15:58:46+08:00 ] 127.0.0.1 127.0.0.1 GET /
[ info ] www.yzncms.com/ [运行时间：0.019001s][吞吐率：52.63req/s] [内存消耗：881.75kb] [文件加载：29]
[ info ] [ LANG ] E:\yzncms\thinkphp\lang\zh-cn.php
[ info ] [ ROUTE ] array (
  'type' => 'module',
  'module' => 
  array (
    0 => '',
    1 => NULL,
    2 => NULL,
  ),
)
[ info ] [ HEADER ] array (
  'cookie' => 'bgColorSelectorPosition=0; workspaceParam=%2FAdmin%2Fmenu%2Findex%2Fmenuid%2F33.html; thinkphp_show_page_trace=0|0',
  'accept-language' => 'zh-CN,zh;q=0.8',
  'accept-encoding' => 'gzip, deflate, sdch',
  'accept' => 'text/html,application/xhtml+xml,application/xml;q=0.9,image/webp,*/*;q=0.8',
  'user-agent' => 'Mozilla/5.0 (Windows NT 6.1; WOW64) AppleWebKit/537.36 (KHTML, like Gecko) Chrome/55.0.2883.87 Safari/537.36',
  'upgrade-insecure-requests' => '1',
  'connection' => 'keep-alive',
  'host' => 'www.yzncms.com',
  'content-length' => '',
  'content-type' => '',
)
[ info ] [ PARAM ] array (
)
[ info ] [ RUN ] app\home\controller\Index->index[ E:\yzncms\apps\home\controller\Index.php ]
[ info ] [ LOG ] INIT File
---------------------------------------------------------------
[ 2017-06-22T15:58:47+08:00 ] 127.0.0.1 127.0.0.1 GET /
[ info ] www.yzncms.com/ [运行时间：0.044200s][吞吐率：22.62req/s] [内存消耗：881.96kb] [文件加载：29]
[ info ] [ LANG ] E:\yzncms\thinkphp\lang\zh-cn.php
[ info ] [ ROUTE ] array (
  'type' => 'module',
  'module' => 
  array (
    0 => '',
    1 => NULL,
    2 => NULL,
  ),
)
[ info ] [ HEADER ] array (
  'cookie' => 'bgColorSelectorPosition=0; workspaceParam=%2FAdmin%2Fmenu%2Findex%2Fmenuid%2F33.html; thinkphp_show_page_trace=0|0',
  'accept-language' => 'zh-CN,zh;q=0.8',
  'accept-encoding' => 'gzip, deflate, sdch',
  'accept' => 'text/html,application/xhtml+xml,application/xml;q=0.9,image/webp,*/*;q=0.8',
  'user-agent' => 'Mozilla/5.0 (Windows NT 6.1; WOW64) AppleWebKit/537.36 (KHTML, like Gecko) Chrome/55.0.2883.87 Safari/537.36',
  'upgrade-insecure-requests' => '1',
  'cache-control' => 'max-age=0',
  'connection' => 'keep-alive',
  'host' => 'www.yzncms.com',
  'content-length' => '',
  'content-type' => '',
)
[ info ] [ PARAM ] array (
)
[ info ] [ RUN ] app\home\controller\Index->index[ E:\yzncms\apps\home\controller\Index.php ]
[ info ] [ LOG ] INIT File
---------------------------------------------------------------
[ 2017-06-22T15:58:47+08:00 ] 127.0.0.1 127.0.0.1 GET /
[ info ] www.yzncms.com/ [运行时间：0.039200s][吞吐率：25.51req/s] [内存消耗：881.96kb] [文件加载：29]
[ info ] [ LANG ] E:\yzncms\thinkphp\lang\zh-cn.php
[ info ] [ ROUTE ] array (
  'type' => 'module',
  'module' => 
  array (
    0 => '',
    1 => NULL,
    2 => NULL,
  ),
)
[ info ] [ HEADER ] array (
  'cookie' => 'bgColorSelectorPosition=0; workspaceParam=%2FAdmin%2Fmenu%2Findex%2Fmenuid%2F33.html; thinkphp_show_page_trace=0|0',
  'accept-language' => 'zh-CN,zh;q=0.8',
  'accept-encoding' => 'gzip, deflate, sdch',
  'accept' => 'text/html,application/xhtml+xml,application/xml;q=0.9,image/webp,*/*;q=0.8',
  'user-agent' => 'Mozilla/5.0 (Windows NT 6.1; WOW64) AppleWebKit/537.36 (KHTML, like Gecko) Chrome/55.0.2883.87 Safari/537.36',
  'upgrade-insecure-requests' => '1',
  'cache-control' => 'max-age=0',
  'connection' => 'keep-alive',
  'host' => 'www.yzncms.com',
  'content-length' => '',
  'content-type' => '',
)
[ info ] [ PARAM ] array (
)
[ info ] [ RUN ] app\home\controller\Index->index[ E:\yzncms\apps\home\controller\Index.php ]
[ info ] [ LOG ] INIT File
---------------------------------------------------------------
[ 2017-06-22T15:59:15+08:00 ] 127.0.0.1 127.0.0.1 GET /
[ info ] www.yzncms.com/ [运行时间：0.030601s][吞吐率：32.68req/s] [内存消耗：881.75kb] [文件加载：29]
[ info ] [ LANG ] E:\yzncms\thinkphp\lang\zh-cn.php
[ info ] [ ROUTE ] array (
  'type' => 'module',
  'module' => 
  array (
    0 => '',
    1 => NULL,
    2 => NULL,
  ),
)
[ info ] [ HEADER ] array (
  'cookie' => 'bgColorSelectorPosition=0; workspaceParam=%2FAdmin%2Fmenu%2Findex%2Fmenuid%2F33.html; thinkphp_show_page_trace=0|0',
  'accept-language' => 'zh-CN,zh;q=0.8',
  'accept-encoding' => 'gzip, deflate, sdch',
  'accept' => 'text/html,application/xhtml+xml,application/xml;q=0.9,image/webp,*/*;q=0.8',
  'user-agent' => 'Mozilla/5.0 (Windows NT 6.1; WOW64) AppleWebKit/537.36 (KHTML, like Gecko) Chrome/55.0.2883.87 Safari/537.36',
  'upgrade-insecure-requests' => '1',
  'connection' => 'keep-alive',
  'host' => 'www.yzncms.com',
  'content-length' => '',
  'content-type' => '',
)
[ info ] [ PARAM ] array (
)
[ info ] [ RUN ] app\home\controller\Index->index[ E:\yzncms\apps\home\controller\Index.php ]
[ info ] [ LOG ] INIT File
---------------------------------------------------------------
[ 2017-06-22T16:11:06+08:00 ] 127.0.0.1 127.0.0.1 GET /index.php
[ info ] www.yzncms.com/index.php [运行时间：0.025001s][吞吐率：40.00req/s] [内存消耗：881.84kb] [文件加载：29]
[ info ] [ LANG ] E:\yzncms\thinkphp\lang\zh-cn.php
[ info ] [ ROUTE ] array (
  'type' => 'module',
  'module' => 
  array (
    0 => '',
    1 => NULL,
    2 => NULL,
  ),
)
[ info ] [ HEADER ] array (
  'cookie' => 'bgColorSelectorPosition=0; workspaceParam=%2FAdmin%2Fmenu%2Findex%2Fmenuid%2F33.html; thinkphp_show_page_trace=0|0',
  'accept-language' => 'zh-CN,zh;q=0.8',
  'accept-encoding' => 'gzip, deflate, sdch',
  'accept' => 'text/html,application/xhtml+xml,application/xml;q=0.9,image/webp,*/*;q=0.8',
  'user-agent' => 'Mozilla/5.0 (Windows NT 6.1; WOW64) AppleWebKit/537.36 (KHTML, like Gecko) Chrome/55.0.2883.87 Safari/537.36',
  'upgrade-insecure-requests' => '1',
  'connection' => 'keep-alive',
  'host' => 'www.yzncms.com',
  'content-length' => '',
  'content-type' => '',
)
[ info ] [ PARAM ] array (
)
[ info ] [ RUN ] app\home\controller\Index->index[ E:\yzncms\apps\home\controller\Index.php ]
[ info ] [ LOG ] INIT File
---------------------------------------------------------------
[ 2017-06-22T16:11:10+08:00 ] 127.0.0.1 127.0.0.1 GET /index.php/admin
[ info ] www.yzncms.com/index.php/admin [运行时间：0.068004s][吞吐率：14.71req/s] [内存消耗：1,233.98kb] [文件加载：43]
[ info ] [ LANG ] E:\yzncms\thinkphp\lang\zh-cn.php
[ info ] [ ROUTE ] array (
  'type' => 'module',
  'module' => 
  array (
    0 => 'admin',
    1 => NULL,
    2 => NULL,
  ),
)
[ info ] [ HEADER ] array (
  'cookie' => 'bgColorSelectorPosition=0; workspaceParam=%2FAdmin%2Fmenu%2Findex%2Fmenuid%2F33.html; thinkphp_show_page_trace=0|0',
  'accept-language' => 'zh-CN,zh;q=0.8',
  'accept-encoding' => 'gzip, deflate, sdch',
  'accept' => 'text/html,application/xhtml+xml,application/xml;q=0.9,image/webp,*/*;q=0.8',
  'user-agent' => 'Mozilla/5.0 (Windows NT 6.1; WOW64) AppleWebKit/537.36 (KHTML, like Gecko) Chrome/55.0.2883.87 Safari/537.36',
  'upgrade-insecure-requests' => '1',
  'connection' => 'keep-alive',
  'host' => 'www.yzncms.com',
  'content-length' => '',
  'content-type' => '',
)
[ info ] [ PARAM ] array (
)
[ info ] [ SESSION ] INIT array (
  'id' => '',
  'var_session_id' => '',
  'prefix' => 'think',
  'type' => '',
  'auto_start' => true,
)
[ info ] [ VIEW ] E:\yzncms/apps/admin\view\public\dispatch_jump.tpl [ array (
  0 => 'code',
  1 => 'msg',
  2 => 'data',
  3 => 'url',
  4 => 'wait',
) ]
[ info ] [ LOG ] INIT File
---------------------------------------------------------------
[ 2017-06-22T16:11:12+08:00 ] 127.0.0.1 127.0.0.1 GET /index.php/admin/index/login.html
[ info ] www.yzncms.com/index.php/admin/index/login.html [运行时间：0.057003s][吞吐率：17.54req/s] [内存消耗：1,227.81kb] [文件加载：42]
[ info ] [ LANG ] E:\yzncms\thinkphp\lang\zh-cn.php
[ info ] [ ROUTE ] array (
  'type' => 'module',
  'module' => 
  array (
    0 => 'admin',
    1 => 'index',
    2 => 'login',
  ),
)
[ info ] [ HEADER ] array (
  'cookie' => 'thinkphp_show_page_trace=0|0; bgColorSelectorPosition=0; workspaceParam=%2FAdmin%2Fmenu%2Findex%2Fmenuid%2F33.html; thinkphp_show_page_trace=0|0; PHPSESSID=jvbpt7eqdvalcaedr4tjsj9r11',
  'accept-language' => 'zh-CN,zh;q=0.8',
  'accept-encoding' => 'gzip, deflate, sdch',
  'referer' => 'http://www.yzncms.com/index.php/admin',
  'accept' => 'text/html,application/xhtml+xml,application/xml;q=0.9,image/webp,*/*;q=0.8',
  'user-agent' => 'Mozilla/5.0 (Windows NT 6.1; WOW64) AppleWebKit/537.36 (KHTML, like Gecko) Chrome/55.0.2883.87 Safari/537.36',
  'upgrade-insecure-requests' => '1',
  'connection' => 'keep-alive',
  'host' => 'www.yzncms.com',
  'content-length' => '',
  'content-type' => '',
)
[ info ] [ PARAM ] array (
)
[ info ] [ SESSION ] INIT array (
  'id' => '',
  'var_session_id' => '',
  'prefix' => 'think',
  'type' => '',
  'auto_start' => true,
)
[ info ] [ RUN ] app\admin\controller\Index->login[ E:\yzncms\apps\admin\controller\Index.php ]
[ info ] [ VIEW ] E:\yzncms/apps/admin\view\login.html [ array (
) ]
[ info ] [ LOG ] INIT File
---------------------------------------------------------------
[ 2017-06-22T16:11:12+08:00 ] 127.0.0.1 127.0.0.1 GET /index.php/admin/index/getverify.html
[ info ] www.yzncms.com/index.php/admin/index/getverify.html [运行时间：0.103006s][吞吐率：9.71req/s] [内存消耗：1,225.63kb] [文件加载：41]
[ info ] [ LANG ] E:\yzncms\thinkphp\lang\zh-cn.php
[ info ] [ ROUTE ] array (
  'type' => 'module',
  'module' => 
  array (
    0 => 'admin',
    1 => 'index',
    2 => 'getverify',
  ),
)
[ info ] [ HEADER ] array (
  'cookie' => 'thinkphp_show_page_trace=0|0; bgColorSelectorPosition=0; workspaceParam=%2FAdmin%2Fmenu%2Findex%2Fmenuid%2F33.html; thinkphp_show_page_trace=0|0; PHPSESSID=jvbpt7eqdvalcaedr4tjsj9r11',
  'accept-language' => 'zh-CN,zh;q=0.8',
  'accept-encoding' => 'gzip, deflate, sdch',
  'referer' => 'http://www.yzncms.com/index.php/admin/index/login.html',
  'accept' => 'image/webp,image/*,*/*;q=0.8',
  'user-agent' => 'Mozilla/5.0 (Windows NT 6.1; WOW64) AppleWebKit/537.36 (KHTML, like Gecko) Chrome/55.0.2883.87 Safari/537.36',
  'connection' => 'keep-alive',
  'host' => 'www.yzncms.com',
  'content-length' => '',
  'content-type' => '',
)
[ info ] [ PARAM ] array (
)
[ info ] [ SESSION ] INIT array (
  'id' => '',
  'var_session_id' => '',
  'prefix' => 'think',
  'type' => '',
  'auto_start' => true,
)
[ info ] [ RUN ] app\admin\controller\Index->getVerify[ E:\yzncms\apps\admin\controller\Index.php ]
[ info ] [ LOG ] INIT File
