[ 2017-03-28T11:06:58+08:00 ] 127.0.0.1 127.0.0.1 POST /admin/index/checklogin.html
[ log ] www.yzncms.com/admin/index/checklogin.html [运行时间：0.105006s][吞吐率：9.52req/s] [内存消耗：351.98kb] [文件加载：50]
[ info ] [ LANG ] E:\yzncms\thinkphp\lang\zh-cn.php
[ info ] [ ROUTE ] array (
  'type' => 'module',
  'module' => 
  array (
    0 => 'admin',
    1 => 'index',
    2 => 'checklogin',
  ),
)
[ info ] [ HEADER ] array (
  'host' => 'www.yzncms.com',
  'connection' => 'keep-alive',
  'content-length' => '39',
  'cache-control' => 'max-age=0',
  'accept' => 'text/html,application/xhtml+xml,application/xml;q=0.9,image/webp,*/*;q=0.8',
  'origin' => 'http://www.yzncms.com',
  'upgrade-insecure-requests' => '1',
  'user-agent' => 'Mozilla/5.0 (Windows NT 6.1; WOW64) AppleWebKit/537.36 (KHTML, like Gecko) Chrome/45.0.2454.101 Safari/537.36',
  'content-type' => 'application/x-www-form-urlencoded',
  'referer' => 'http://www.yzncms.com/admin/index/login.html',
  'accept-encoding' => 'gzip, deflate',
  'accept-language' => 'zh-CN,zh;q=0.8',
  'cookie' => 'thinkphp_show_page_trace=0|0; pgv_pvi=7585390592; thinkphp_show_page_trace=0|0; PHPSESSID=g4v915jgomdc1o9ik3j6368mv3',
)
[ info ] [ PARAM ] array (
  'username' => 'admin',
  'password' => '123456',
  'captcha' => '',
)
[ info ] [ BEHAVIOR ] Run app\admin\behavior\CheckLoginStatus @action_begin [ RunTime:0.001000s ]
[ info ] [ RUN ] app\admin\controller\Index->checkLogin[ E:\yzncms\apps\admin\controller\Index.php ]
[ info ] [ DB ] INIT mysql
[ info ] [ LOG ] INIT File
[ sql ] [ DB ] CONNECT:[ UseTime:0.002000s ] mysql:dbname=yzncms;host=127.0.0.1;charset=utf8
[ sql ] [ SQL ] SHOW COLUMNS FROM `yzn_admin` [ RunTime:0.014001s ]
[ sql ] [ SQL ] SELECT * FROM `yzn_admin` WHERE  `username` = 'admin' LIMIT 1 [ RunTime:0.001000s ]
[ error ] [8]未定义变量: password[E:\yzncms\apps\admin\model\Admin.php:34]

---------------------------------------------------------------
[ 2017-03-28T11:07:04+08:00 ] 127.0.0.1 127.0.0.1 POST /admin/index/checklogin.html
[ log ] www.yzncms.com/admin/index/checklogin.html [运行时间：0.025002s][吞吐率：40.00req/s] [内存消耗：344.72kb] [文件加载：41]
[ info ] [ LANG ] E:\yzncms\thinkphp\lang\zh-cn.php
[ info ] [ ROUTE ] array (
  'type' => 'module',
  'module' => 
  array (
    0 => 'admin',
    1 => 'index',
    2 => 'checklogin',
  ),
)
[ info ] [ HEADER ] array (
  'host' => 'www.yzncms.com',
  'connection' => 'keep-alive',
  'content-length' => '39',
  'cache-control' => 'max-age=0',
  'accept' => 'text/html,application/xhtml+xml,application/xml;q=0.9,image/webp,*/*;q=0.8',
  'origin' => 'http://www.yzncms.com',
  'upgrade-insecure-requests' => '1',
  'user-agent' => 'Mozilla/5.0 (Windows NT 6.1; WOW64) AppleWebKit/537.36 (KHTML, like Gecko) Chrome/45.0.2454.101 Safari/537.36',
  'content-type' => 'application/x-www-form-urlencoded',
  'referer' => 'http://www.yzncms.com/admin/index/login.html',
  'accept-encoding' => 'gzip, deflate',
  'accept-language' => 'zh-CN,zh;q=0.8',
  'cookie' => 'thinkphp_show_page_trace=0|0; pgv_pvi=7585390592; thinkphp_show_page_trace=0|0; PHPSESSID=g4v915jgomdc1o9ik3j6368mv3',
)
[ info ] [ PARAM ] array (
  'username' => 'admin',
  'password' => '123456',
  'captcha' => '',
)
[ info ] [ BEHAVIOR ] Run app\admin\behavior\CheckLoginStatus @action_begin [ RunTime:0.000000s ]
[ info ] [ RUN ] app\admin\controller\Index->checkLogin[ E:\yzncms\apps\admin\controller\Index.php ]
[ info ] [ DB ] INIT mysql
[ info ] [ LOG ] INIT File
[ sql ] [ DB ] CONNECT:[ UseTime:0.001000s ] mysql:dbname=yzncms;host=127.0.0.1;charset=utf8
[ sql ] [ SQL ] SHOW COLUMNS FROM `yzn_admin` [ RunTime:0.011001s ]
[ sql ] [ SQL ] SELECT * FROM `yzn_admin` WHERE  `username` = 'admin' LIMIT 1 [ RunTime:0.000000s ]

---------------------------------------------------------------
[ 2017-03-28T11:09:23+08:00 ] 127.0.0.1 127.0.0.1 GET /admin/index/login.html
[ log ] www.yzncms.com/admin/index/login.html [运行时间：0.015001s][吞吐率：66.66req/s] [内存消耗：247.21kb] [文件加载：43]
[ info ] [ LANG ] E:\yzncms\thinkphp\lang\zh-cn.php
[ info ] [ ROUTE ] array (
  'type' => 'module',
  'module' => 
  array (
    0 => 'admin',
    1 => 'index',
    2 => 'login',
  ),
)
[ info ] [ HEADER ] array (
  'host' => 'www.yzncms.com',
  'connection' => 'keep-alive',
  'cache-control' => 'max-age=0',
  'accept' => 'text/html,application/xhtml+xml,application/xml;q=0.9,image/webp,*/*;q=0.8',
  'upgrade-insecure-requests' => '1',
  'user-agent' => 'Mozilla/5.0 (Windows NT 6.1; WOW64) AppleWebKit/537.36 (KHTML, like Gecko) Chrome/45.0.2454.101 Safari/537.36',
  'referer' => 'http://www.yzncms.com/admin/index/checklogin.html',
  'accept-encoding' => 'gzip, deflate, sdch',
  'accept-language' => 'zh-CN,zh;q=0.8',
  'cookie' => 'thinkphp_show_page_trace=0|0; pgv_pvi=7585390592; thinkphp_show_page_trace=0|0; PHPSESSID=g4v915jgomdc1o9ik3j6368mv3',
)
[ info ] [ PARAM ] array (
)
[ info ] [ BEHAVIOR ] Run app\admin\behavior\CheckLoginStatus @action_begin [ RunTime:0.001000s ]
[ info ] [ RUN ] app\admin\controller\Index->login[ E:\yzncms\apps\admin\controller\Index.php ]
[ info ] [ VIEW ] E:\yzncms/apps/admin\view\login.html [ array (
) ]
[ info ] [ LOG ] INIT File

---------------------------------------------------------------
[ 2017-03-28T11:09:23+08:00 ] 127.0.0.1 127.0.0.1 GET /admin/index/getverify.html
[ log ] www.yzncms.com/admin/index/getverify.html [运行时间：0.017001s][吞吐率：58.82req/s] [内存消耗：218.16kb] [文件加载：40]
[ info ] [ LANG ] E:\yzncms\thinkphp\lang\zh-cn.php
[ info ] [ ROUTE ] array (
  'type' => 'module',
  'module' => 
  array (
    0 => 'admin',
    1 => 'index',
    2 => 'getverify',
  ),
)
[ info ] [ HEADER ] array (
  'host' => 'www.yzncms.com',
  'connection' => 'keep-alive',
  'cache-control' => 'max-age=0',
  'accept' => 'image/webp,image/*,*/*;q=0.8',
  'user-agent' => 'Mozilla/5.0 (Windows NT 6.1; WOW64) AppleWebKit/537.36 (KHTML, like Gecko) Chrome/45.0.2454.101 Safari/537.36',
  'referer' => 'http://www.yzncms.com/admin/index/login.html',
  'accept-encoding' => 'gzip, deflate, sdch',
  'accept-language' => 'zh-CN,zh;q=0.8',
  'cookie' => 'thinkphp_show_page_trace=0|0; pgv_pvi=7585390592; thinkphp_show_page_trace=0|0; PHPSESSID=g4v915jgomdc1o9ik3j6368mv3',
)
[ info ] [ PARAM ] array (
)
[ info ] [ BEHAVIOR ] Run app\admin\behavior\CheckLoginStatus @action_begin [ RunTime:0.000000s ]
[ info ] [ RUN ] app\admin\controller\Base->getVerify[ E:\yzncms\apps\admin\controller\Base.php ]
[ info ] [ SESSION ] INIT array (
  'id' => '',
  'var_session_id' => '',
  'prefix' => 'think',
  'type' => '',
  'auto_start' => true,
)
[ info ] [ LOG ] INIT File

---------------------------------------------------------------
[ 2017-03-28T11:09:23+08:00 ] 127.0.0.1 127.0.0.1 GET /admin/index/login.html
[ log ] www.yzncms.com/admin/index/login.html [运行时间：0.009001s][吞吐率：111.10req/s] [内存消耗：211.19kb] [文件加载：41]
[ info ] [ LANG ] E:\yzncms\thinkphp\lang\zh-cn.php
[ info ] [ ROUTE ] array (
  'type' => 'module',
  'module' => 
  array (
    0 => 'admin',
    1 => 'index',
    2 => 'login',
  ),
)
[ info ] [ HEADER ] array (
  'host' => 'www.yzncms.com',
  'connection' => 'keep-alive',
  'cache-control' => 'max-age=0',
  'accept' => 'text/html,application/xhtml+xml,application/xml;q=0.9,image/webp,*/*;q=0.8',
  'upgrade-insecure-requests' => '1',
  'user-agent' => 'Mozilla/5.0 (Windows NT 6.1; WOW64) AppleWebKit/537.36 (KHTML, like Gecko) Chrome/45.0.2454.101 Safari/537.36',
  'referer' => 'http://www.yzncms.com/admin/index/checklogin.html',
  'accept-encoding' => 'gzip, deflate, sdch',
  'accept-language' => 'zh-CN,zh;q=0.8',
  'cookie' => 'thinkphp_show_page_trace=0|0; pgv_pvi=7585390592; thinkphp_show_page_trace=0|0; PHPSESSID=g4v915jgomdc1o9ik3j6368mv3',
)
[ info ] [ PARAM ] array (
)
[ info ] [ BEHAVIOR ] Run app\admin\behavior\CheckLoginStatus @action_begin [ RunTime:0.001000s ]
[ info ] [ RUN ] app\admin\controller\Index->login[ E:\yzncms\apps\admin\controller\Index.php ]
[ info ] [ VIEW ] E:\yzncms/apps/admin\view\login.html [ array (
) ]
[ info ] [ LOG ] INIT File

---------------------------------------------------------------
[ 2017-03-28T11:09:23+08:00 ] 127.0.0.1 127.0.0.1 GET /admin/index/getverify.html
[ log ] www.yzncms.com/admin/index/getverify.html [运行时间：0.016001s][吞吐率：62.50req/s] [内存消耗：218.16kb] [文件加载：40]
[ info ] [ LANG ] E:\yzncms\thinkphp\lang\zh-cn.php
[ info ] [ ROUTE ] array (
  'type' => 'module',
  'module' => 
  array (
    0 => 'admin',
    1 => 'index',
    2 => 'getverify',
  ),
)
[ info ] [ HEADER ] array (
  'host' => 'www.yzncms.com',
  'connection' => 'keep-alive',
  'cache-control' => 'max-age=0',
  'accept' => 'image/webp,image/*,*/*;q=0.8',
  'user-agent' => 'Mozilla/5.0 (Windows NT 6.1; WOW64) AppleWebKit/537.36 (KHTML, like Gecko) Chrome/45.0.2454.101 Safari/537.36',
  'referer' => 'http://www.yzncms.com/admin/index/login.html',
  'accept-encoding' => 'gzip, deflate, sdch',
  'accept-language' => 'zh-CN,zh;q=0.8',
  'cookie' => 'thinkphp_show_page_trace=0|0; pgv_pvi=7585390592; thinkphp_show_page_trace=0|0; PHPSESSID=g4v915jgomdc1o9ik3j6368mv3',
)
[ info ] [ PARAM ] array (
)
[ info ] [ BEHAVIOR ] Run app\admin\behavior\CheckLoginStatus @action_begin [ RunTime:0.000000s ]
[ info ] [ RUN ] app\admin\controller\Base->getVerify[ E:\yzncms\apps\admin\controller\Base.php ]
[ info ] [ SESSION ] INIT array (
  'id' => '',
  'var_session_id' => '',
  'prefix' => 'think',
  'type' => '',
  'auto_start' => true,
)
[ info ] [ LOG ] INIT File

---------------------------------------------------------------
[ 2017-03-28T11:09:23+08:00 ] 127.0.0.1 127.0.0.1 GET /admin/index/login.html
[ log ] www.yzncms.com/admin/index/login.html [运行时间：0.008000s][吞吐率：125.00req/s] [内存消耗：211.19kb] [文件加载：41]
[ info ] [ LANG ] E:\yzncms\thinkphp\lang\zh-cn.php
[ info ] [ ROUTE ] array (
  'type' => 'module',
  'module' => 
  array (
    0 => 'admin',
    1 => 'index',
    2 => 'login',
  ),
)
[ info ] [ HEADER ] array (
  'host' => 'www.yzncms.com',
  'connection' => 'keep-alive',
  'cache-control' => 'max-age=0',
  'accept' => 'text/html,application/xhtml+xml,application/xml;q=0.9,image/webp,*/*;q=0.8',
  'upgrade-insecure-requests' => '1',
  'user-agent' => 'Mozilla/5.0 (Windows NT 6.1; WOW64) AppleWebKit/537.36 (KHTML, like Gecko) Chrome/45.0.2454.101 Safari/537.36',
  'referer' => 'http://www.yzncms.com/admin/index/checklogin.html',
  'accept-encoding' => 'gzip, deflate, sdch',
  'accept-language' => 'zh-CN,zh;q=0.8',
  'cookie' => 'thinkphp_show_page_trace=0|0; pgv_pvi=7585390592; thinkphp_show_page_trace=0|0; PHPSESSID=g4v915jgomdc1o9ik3j6368mv3',
)
[ info ] [ PARAM ] array (
)
[ info ] [ BEHAVIOR ] Run app\admin\behavior\CheckLoginStatus @action_begin [ RunTime:0.000000s ]
[ info ] [ RUN ] app\admin\controller\Index->login[ E:\yzncms\apps\admin\controller\Index.php ]
[ info ] [ VIEW ] E:\yzncms/apps/admin\view\login.html [ array (
) ]
[ info ] [ LOG ] INIT File

---------------------------------------------------------------
[ 2017-03-28T11:09:24+08:00 ] 127.0.0.1 127.0.0.1 GET /admin/index/getverify.html
[ log ] www.yzncms.com/admin/index/getverify.html [运行时间：0.012001s][吞吐率：83.33req/s] [内存消耗：218.16kb] [文件加载：40]
[ info ] [ LANG ] E:\yzncms\thinkphp\lang\zh-cn.php
[ info ] [ ROUTE ] array (
  'type' => 'module',
  'module' => 
  array (
    0 => 'admin',
    1 => 'index',
    2 => 'getverify',
  ),
)
[ info ] [ HEADER ] array (
  'host' => 'www.yzncms.com',
  'connection' => 'keep-alive',
  'cache-control' => 'max-age=0',
  'accept' => 'image/webp,image/*,*/*;q=0.8',
  'user-agent' => 'Mozilla/5.0 (Windows NT 6.1; WOW64) AppleWebKit/537.36 (KHTML, like Gecko) Chrome/45.0.2454.101 Safari/537.36',
  'referer' => 'http://www.yzncms.com/admin/index/login.html',
  'accept-encoding' => 'gzip, deflate, sdch',
  'accept-language' => 'zh-CN,zh;q=0.8',
  'cookie' => 'thinkphp_show_page_trace=0|0; pgv_pvi=7585390592; thinkphp_show_page_trace=0|0; PHPSESSID=g4v915jgomdc1o9ik3j6368mv3',
)
[ info ] [ PARAM ] array (
)
[ info ] [ BEHAVIOR ] Run app\admin\behavior\CheckLoginStatus @action_begin [ RunTime:0.000000s ]
[ info ] [ RUN ] app\admin\controller\Base->getVerify[ E:\yzncms\apps\admin\controller\Base.php ]
[ info ] [ SESSION ] INIT array (
  'id' => '',
  'var_session_id' => '',
  'prefix' => 'think',
  'type' => '',
  'auto_start' => true,
)
[ info ] [ LOG ] INIT File

---------------------------------------------------------------
[ 2017-03-28T11:09:24+08:00 ] 127.0.0.1 127.0.0.1 GET /admin/index/login.html
[ log ] www.yzncms.com/admin/index/login.html [运行时间：0.008001s][吞吐率：124.99req/s] [内存消耗：211.19kb] [文件加载：41]
[ info ] [ LANG ] E:\yzncms\thinkphp\lang\zh-cn.php
[ info ] [ ROUTE ] array (
  'type' => 'module',
  'module' => 
  array (
    0 => 'admin',
    1 => 'index',
    2 => 'login',
  ),
)
[ info ] [ HEADER ] array (
  'host' => 'www.yzncms.com',
  'connection' => 'keep-alive',
  'cache-control' => 'max-age=0',
  'accept' => 'text/html,application/xhtml+xml,application/xml;q=0.9,image/webp,*/*;q=0.8',
  'upgrade-insecure-requests' => '1',
  'user-agent' => 'Mozilla/5.0 (Windows NT 6.1; WOW64) AppleWebKit/537.36 (KHTML, like Gecko) Chrome/45.0.2454.101 Safari/537.36',
  'referer' => 'http://www.yzncms.com/admin/index/checklogin.html',
  'accept-encoding' => 'gzip, deflate, sdch',
  'accept-language' => 'zh-CN,zh;q=0.8',
  'cookie' => 'thinkphp_show_page_trace=0|0; pgv_pvi=7585390592; thinkphp_show_page_trace=0|0; PHPSESSID=g4v915jgomdc1o9ik3j6368mv3',
)
[ info ] [ PARAM ] array (
)
[ info ] [ BEHAVIOR ] Run app\admin\behavior\CheckLoginStatus @action_begin [ RunTime:0.000000s ]
[ info ] [ RUN ] app\admin\controller\Index->login[ E:\yzncms\apps\admin\controller\Index.php ]
[ info ] [ VIEW ] E:\yzncms/apps/admin\view\login.html [ array (
) ]
[ info ] [ LOG ] INIT File

---------------------------------------------------------------
[ 2017-03-28T11:09:24+08:00 ] 127.0.0.1 127.0.0.1 GET /admin/index/getverify.html
[ log ] www.yzncms.com/admin/index/getverify.html [运行时间：0.012001s][吞吐率：83.33req/s] [内存消耗：218.16kb] [文件加载：40]
[ info ] [ LANG ] E:\yzncms\thinkphp\lang\zh-cn.php
[ info ] [ ROUTE ] array (
  'type' => 'module',
  'module' => 
  array (
    0 => 'admin',
    1 => 'index',
    2 => 'getverify',
  ),
)
[ info ] [ HEADER ] array (
  'host' => 'www.yzncms.com',
  'connection' => 'keep-alive',
  'cache-control' => 'max-age=0',
  'accept' => 'image/webp,image/*,*/*;q=0.8',
  'user-agent' => 'Mozilla/5.0 (Windows NT 6.1; WOW64) AppleWebKit/537.36 (KHTML, like Gecko) Chrome/45.0.2454.101 Safari/537.36',
  'referer' => 'http://www.yzncms.com/admin/index/login.html',
  'accept-encoding' => 'gzip, deflate, sdch',
  'accept-language' => 'zh-CN,zh;q=0.8',
  'cookie' => 'thinkphp_show_page_trace=0|0; pgv_pvi=7585390592; thinkphp_show_page_trace=0|0; PHPSESSID=g4v915jgomdc1o9ik3j6368mv3',
)
[ info ] [ PARAM ] array (
)
[ info ] [ BEHAVIOR ] Run app\admin\behavior\CheckLoginStatus @action_begin [ RunTime:0.000000s ]
[ info ] [ RUN ] app\admin\controller\Base->getVerify[ E:\yzncms\apps\admin\controller\Base.php ]
[ info ] [ SESSION ] INIT array (
  'id' => '',
  'var_session_id' => '',
  'prefix' => 'think',
  'type' => '',
  'auto_start' => true,
)
[ info ] [ LOG ] INIT File

---------------------------------------------------------------
[ 2017-03-28T11:09:26+08:00 ] 127.0.0.1 127.0.0.1 POST /admin/index/checklogin.html
[ log ] www.yzncms.com/admin/index/checklogin.html [运行时间：0.015001s][吞吐率：66.66req/s] [内存消耗：386.89kb] [文件加载：50]
[ info ] [ LANG ] E:\yzncms\thinkphp\lang\zh-cn.php
[ info ] [ ROUTE ] array (
  'type' => 'module',
  'module' => 
  array (
    0 => 'admin',
    1 => 'index',
    2 => 'checklogin',
  ),
)
[ info ] [ HEADER ] array (
  'host' => 'www.yzncms.com',
  'connection' => 'keep-alive',
  'content-length' => '28',
  'cache-control' => 'max-age=0',
  'accept' => 'text/html,application/xhtml+xml,application/xml;q=0.9,image/webp,*/*;q=0.8',
  'origin' => 'http://www.yzncms.com',
  'upgrade-insecure-requests' => '1',
  'user-agent' => 'Mozilla/5.0 (Windows NT 6.1; WOW64) AppleWebKit/537.36 (KHTML, like Gecko) Chrome/45.0.2454.101 Safari/537.36',
  'content-type' => 'application/x-www-form-urlencoded',
  'referer' => 'http://www.yzncms.com/admin/index/login.html',
  'accept-encoding' => 'gzip, deflate',
  'accept-language' => 'zh-CN,zh;q=0.8',
  'cookie' => 'thinkphp_show_page_trace=0|0; pgv_pvi=7585390592; thinkphp_show_page_trace=0|0; PHPSESSID=g4v915jgomdc1o9ik3j6368mv3',
)
[ info ] [ PARAM ] array (
  'username' => '',
  'password' => '',
  'captcha' => '',
)
[ info ] [ BEHAVIOR ] Run app\admin\behavior\CheckLoginStatus @action_begin [ RunTime:0.000000s ]
[ info ] [ RUN ] app\admin\controller\Index->checkLogin[ E:\yzncms\apps\admin\controller\Index.php ]
[ info ] [ DB ] INIT mysql
[ info ] [ VIEW ] E:\yzncms/apps/admin\view\public\dispatch_jump.tpl [ array (
  0 => 'code',
  1 => 'msg',
  2 => 'data',
  3 => 'url',
  4 => 'wait',
) ]
[ info ] [ LOG ] INIT File

---------------------------------------------------------------
[ 2017-03-28T11:09:34+08:00 ] 127.0.0.1 127.0.0.1 POST /admin/index/checklogin.html
[ log ] www.yzncms.com/admin/index/checklogin.html [运行时间：0.025001s][吞吐率：40.00req/s] [内存消耗：359.39kb] [文件加载：50]
[ info ] [ LANG ] E:\yzncms\thinkphp\lang\zh-cn.php
[ info ] [ ROUTE ] array (
  'type' => 'module',
  'module' => 
  array (
    0 => 'admin',
    1 => 'index',
    2 => 'checklogin',
  ),
)
[ info ] [ HEADER ] array (
  'host' => 'www.yzncms.com',
  'connection' => 'keep-alive',
  'content-length' => '35',
  'cache-control' => 'max-age=0',
  'accept' => 'text/html,application/xhtml+xml,application/xml;q=0.9,image/webp,*/*;q=0.8',
  'origin' => 'http://www.yzncms.com',
  'upgrade-insecure-requests' => '1',
  'user-agent' => 'Mozilla/5.0 (Windows NT 6.1; WOW64) AppleWebKit/537.36 (KHTML, like Gecko) Chrome/45.0.2454.101 Safari/537.36',
  'content-type' => 'application/x-www-form-urlencoded',
  'referer' => 'http://www.yzncms.com/admin/index/login.html',
  'accept-encoding' => 'gzip, deflate',
  'accept-language' => 'zh-CN,zh;q=0.8',
  'cookie' => 'thinkphp_show_page_trace=0|0; pgv_pvi=7585390592; thinkphp_show_page_trace=0|0; PHPSESSID=g4v915jgomdc1o9ik3j6368mv3',
)
[ info ] [ PARAM ] array (
  'username' => 'admin1',
  'password' => '1',
  'captcha' => '',
)
[ info ] [ BEHAVIOR ] Run app\admin\behavior\CheckLoginStatus @action_begin [ RunTime:0.000000s ]
[ info ] [ RUN ] app\admin\controller\Index->checkLogin[ E:\yzncms\apps\admin\controller\Index.php ]
[ info ] [ DB ] INIT mysql
[ info ] [ LOG ] INIT File
[ sql ] [ DB ] CONNECT:[ UseTime:0.001000s ] mysql:dbname=yzncms;host=127.0.0.1;charset=utf8
[ sql ] [ SQL ] SHOW COLUMNS FROM `yzn_admin` [ RunTime:0.007001s ]
[ sql ] [ SQL ] SELECT * FROM `yzn_admin` WHERE  `username` = 'admin1' LIMIT 1 [ RunTime:0.001000s ]
[ error ] [1]Call to a member function toArray() on a non-object[E:\yzncms\apps\admin\model\Admin.php:30]

---------------------------------------------------------------
[ 2017-03-28T11:11:30+08:00 ] 127.0.0.1 127.0.0.1 GET /admin/index/login.html
[ log ] www.yzncms.com/admin/index/login.html [运行时间：0.019001s][吞吐率：52.63req/s] [内存消耗：211.19kb] [文件加载：41]
[ info ] [ LANG ] E:\yzncms\thinkphp\lang\zh-cn.php
[ info ] [ ROUTE ] array (
  'type' => 'module',
  'module' => 
  array (
    0 => 'admin',
    1 => 'index',
    2 => 'login',
  ),
)
[ info ] [ HEADER ] array (
  'host' => 'www.yzncms.com',
  'connection' => 'keep-alive',
  'cache-control' => 'max-age=0',
  'accept' => 'text/html,application/xhtml+xml,application/xml;q=0.9,image/webp,*/*;q=0.8',
  'upgrade-insecure-requests' => '1',
  'user-agent' => 'Mozilla/5.0 (Windows NT 6.1; WOW64) AppleWebKit/537.36 (KHTML, like Gecko) Chrome/45.0.2454.101 Safari/537.36',
  'referer' => 'http://www.yzncms.com/admin/index/checklogin.html',
  'accept-encoding' => 'gzip, deflate, sdch',
  'accept-language' => 'zh-CN,zh;q=0.8',
  'cookie' => 'thinkphp_show_page_trace=0|0; pgv_pvi=7585390592; thinkphp_show_page_trace=0|0; PHPSESSID=g4v915jgomdc1o9ik3j6368mv3',
)
[ info ] [ PARAM ] array (
)
[ info ] [ BEHAVIOR ] Run app\admin\behavior\CheckLoginStatus @action_begin [ RunTime:0.000000s ]
[ info ] [ RUN ] app\admin\controller\Index->login[ E:\yzncms\apps\admin\controller\Index.php ]
[ info ] [ VIEW ] E:\yzncms/apps/admin\view\login.html [ array (
) ]
[ info ] [ LOG ] INIT File

---------------------------------------------------------------
[ 2017-03-28T11:11:30+08:00 ] 127.0.0.1 127.0.0.1 GET /admin/index/getverify.html
[ log ] www.yzncms.com/admin/index/getverify.html [运行时间：0.014001s][吞吐率：71.42req/s] [内存消耗：218.16kb] [文件加载：40]
[ info ] [ LANG ] E:\yzncms\thinkphp\lang\zh-cn.php
[ info ] [ ROUTE ] array (
  'type' => 'module',
  'module' => 
  array (
    0 => 'admin',
    1 => 'index',
    2 => 'getverify',
  ),
)
[ info ] [ HEADER ] array (
  'host' => 'www.yzncms.com',
  'connection' => 'keep-alive',
  'cache-control' => 'max-age=0',
  'accept' => 'image/webp,image/*,*/*;q=0.8',
  'user-agent' => 'Mozilla/5.0 (Windows NT 6.1; WOW64) AppleWebKit/537.36 (KHTML, like Gecko) Chrome/45.0.2454.101 Safari/537.36',
  'referer' => 'http://www.yzncms.com/admin/index/login.html',
  'accept-encoding' => 'gzip, deflate, sdch',
  'accept-language' => 'zh-CN,zh;q=0.8',
  'cookie' => 'thinkphp_show_page_trace=0|0; pgv_pvi=7585390592; thinkphp_show_page_trace=0|0; PHPSESSID=g4v915jgomdc1o9ik3j6368mv3',
)
[ info ] [ PARAM ] array (
)
[ info ] [ BEHAVIOR ] Run app\admin\behavior\CheckLoginStatus @action_begin [ RunTime:0.000000s ]
[ info ] [ RUN ] app\admin\controller\Base->getVerify[ E:\yzncms\apps\admin\controller\Base.php ]
[ info ] [ SESSION ] INIT array (
  'id' => '',
  'var_session_id' => '',
  'prefix' => 'think',
  'type' => '',
  'auto_start' => true,
)
[ info ] [ LOG ] INIT File

---------------------------------------------------------------
[ 2017-03-28T11:11:32+08:00 ] 127.0.0.1 127.0.0.1 GET /admin/index/login.html
[ log ] www.yzncms.com/admin/index/login.html [运行时间：0.011000s][吞吐率：90.91req/s] [内存消耗：210.33kb] [文件加载：41]
[ info ] [ LANG ] E:\yzncms\thinkphp\lang\zh-cn.php
[ info ] [ ROUTE ] array (
  'type' => 'module',
  'module' => 
  array (
    0 => 'admin',
    1 => 'index',
    2 => 'login',
  ),
)
[ info ] [ HEADER ] array (
  'host' => 'www.yzncms.com',
  'connection' => 'keep-alive',
  'pragma' => 'no-cache',
  'cache-control' => 'no-cache',
  'accept' => 'text/html,application/xhtml+xml,application/xml;q=0.9,image/webp,*/*;q=0.8',
  'upgrade-insecure-requests' => '1',
  'user-agent' => 'Mozilla/5.0 (Windows NT 6.1; WOW64) AppleWebKit/537.36 (KHTML, like Gecko) Chrome/45.0.2454.101 Safari/537.36',
  'referer' => 'http://www.yzncms.com/admin/index/checklogin.html',
  'accept-encoding' => 'gzip, deflate, sdch',
  'accept-language' => 'zh-CN,zh;q=0.8',
  'cookie' => 'thinkphp_show_page_trace=0|0; pgv_pvi=7585390592; thinkphp_show_page_trace=0|0; PHPSESSID=g4v915jgomdc1o9ik3j6368mv3',
)
[ info ] [ PARAM ] array (
)
[ info ] [ BEHAVIOR ] Run app\admin\behavior\CheckLoginStatus @action_begin [ RunTime:0.000000s ]
[ info ] [ RUN ] app\admin\controller\Index->login[ E:\yzncms\apps\admin\controller\Index.php ]
[ info ] [ VIEW ] E:\yzncms/apps/admin\view\login.html [ array (
) ]
[ info ] [ LOG ] INIT File

---------------------------------------------------------------
[ 2017-03-28T11:11:32+08:00 ] 127.0.0.1 127.0.0.1 GET /admin/index/getverify.html
[ log ] www.yzncms.com/admin/index/getverify.html [运行时间：0.013001s][吞吐率：76.92req/s] [内存消耗：218.29kb] [文件加载：40]
[ info ] [ LANG ] E:\yzncms\thinkphp\lang\zh-cn.php
[ info ] [ ROUTE ] array (
  'type' => 'module',
  'module' => 
  array (
    0 => 'admin',
    1 => 'index',
    2 => 'getverify',
  ),
)
[ info ] [ HEADER ] array (
  'host' => 'www.yzncms.com',
  'connection' => 'keep-alive',
  'pragma' => 'no-cache',
  'cache-control' => 'no-cache',
  'accept' => 'image/webp,image/*,*/*;q=0.8',
  'user-agent' => 'Mozilla/5.0 (Windows NT 6.1; WOW64) AppleWebKit/537.36 (KHTML, like Gecko) Chrome/45.0.2454.101 Safari/537.36',
  'referer' => 'http://www.yzncms.com/admin/index/login.html',
  'accept-encoding' => 'gzip, deflate, sdch',
  'accept-language' => 'zh-CN,zh;q=0.8',
  'cookie' => 'thinkphp_show_page_trace=0|0; pgv_pvi=7585390592; thinkphp_show_page_trace=0|0; PHPSESSID=g4v915jgomdc1o9ik3j6368mv3',
)
[ info ] [ PARAM ] array (
)
[ info ] [ BEHAVIOR ] Run app\admin\behavior\CheckLoginStatus @action_begin [ RunTime:0.000000s ]
[ info ] [ RUN ] app\admin\controller\Base->getVerify[ E:\yzncms\apps\admin\controller\Base.php ]
[ info ] [ SESSION ] INIT array (
  'id' => '',
  'var_session_id' => '',
  'prefix' => 'think',
  'type' => '',
  'auto_start' => true,
)
[ info ] [ LOG ] INIT File

---------------------------------------------------------------
[ 2017-03-28T11:11:32+08:00 ] 127.0.0.1 127.0.0.1 GET /admin/index/login.html
[ log ] www.yzncms.com/admin/index/login.html [运行时间：0.010001s][吞吐率：99.99req/s] [内存消耗：210.33kb] [文件加载：41]
[ info ] [ LANG ] E:\yzncms\thinkphp\lang\zh-cn.php
[ info ] [ ROUTE ] array (
  'type' => 'module',
  'module' => 
  array (
    0 => 'admin',
    1 => 'index',
    2 => 'login',
  ),
)
[ info ] [ HEADER ] array (
  'host' => 'www.yzncms.com',
  'connection' => 'keep-alive',
  'pragma' => 'no-cache',
  'cache-control' => 'no-cache',
  'accept' => 'text/html,application/xhtml+xml,application/xml;q=0.9,image/webp,*/*;q=0.8',
  'upgrade-insecure-requests' => '1',
  'user-agent' => 'Mozilla/5.0 (Windows NT 6.1; WOW64) AppleWebKit/537.36 (KHTML, like Gecko) Chrome/45.0.2454.101 Safari/537.36',
  'referer' => 'http://www.yzncms.com/admin/index/checklogin.html',
  'accept-encoding' => 'gzip, deflate, sdch',
  'accept-language' => 'zh-CN,zh;q=0.8',
  'cookie' => 'thinkphp_show_page_trace=0|0; pgv_pvi=7585390592; thinkphp_show_page_trace=0|0; PHPSESSID=g4v915jgomdc1o9ik3j6368mv3',
)
[ info ] [ PARAM ] array (
)
[ info ] [ BEHAVIOR ] Run app\admin\behavior\CheckLoginStatus @action_begin [ RunTime:0.001000s ]
[ info ] [ RUN ] app\admin\controller\Index->login[ E:\yzncms\apps\admin\controller\Index.php ]
[ info ] [ VIEW ] E:\yzncms/apps/admin\view\login.html [ array (
) ]
[ info ] [ LOG ] INIT File

---------------------------------------------------------------
[ 2017-03-28T11:11:32+08:00 ] 127.0.0.1 127.0.0.1 GET /admin/index/getverify.html
[ log ] www.yzncms.com/admin/index/getverify.html [运行时间：0.012001s][吞吐率：83.33req/s] [内存消耗：218.29kb] [文件加载：40]
[ info ] [ LANG ] E:\yzncms\thinkphp\lang\zh-cn.php
[ info ] [ ROUTE ] array (
  'type' => 'module',
  'module' => 
  array (
    0 => 'admin',
    1 => 'index',
    2 => 'getverify',
  ),
)
[ info ] [ HEADER ] array (
  'host' => 'www.yzncms.com',
  'connection' => 'keep-alive',
  'pragma' => 'no-cache',
  'cache-control' => 'no-cache',
  'accept' => 'image/webp,image/*,*/*;q=0.8',
  'user-agent' => 'Mozilla/5.0 (Windows NT 6.1; WOW64) AppleWebKit/537.36 (KHTML, like Gecko) Chrome/45.0.2454.101 Safari/537.36',
  'referer' => 'http://www.yzncms.com/admin/index/login.html',
  'accept-encoding' => 'gzip, deflate, sdch',
  'accept-language' => 'zh-CN,zh;q=0.8',
  'cookie' => 'thinkphp_show_page_trace=0|0; pgv_pvi=7585390592; thinkphp_show_page_trace=0|0; PHPSESSID=g4v915jgomdc1o9ik3j6368mv3',
)
[ info ] [ PARAM ] array (
)
[ info ] [ BEHAVIOR ] Run app\admin\behavior\CheckLoginStatus @action_begin [ RunTime:0.000000s ]
[ info ] [ RUN ] app\admin\controller\Base->getVerify[ E:\yzncms\apps\admin\controller\Base.php ]
[ info ] [ SESSION ] INIT array (
  'id' => '',
  'var_session_id' => '',
  'prefix' => 'think',
  'type' => '',
  'auto_start' => true,
)
[ info ] [ LOG ] INIT File

---------------------------------------------------------------
[ 2017-03-28T11:11:32+08:00 ] 127.0.0.1 127.0.0.1 GET /admin/index/login.html
[ log ] www.yzncms.com/admin/index/login.html [运行时间：0.010001s][吞吐率：99.99req/s] [内存消耗：210.33kb] [文件加载：41]
[ info ] [ LANG ] E:\yzncms\thinkphp\lang\zh-cn.php
[ info ] [ ROUTE ] array (
  'type' => 'module',
  'module' => 
  array (
    0 => 'admin',
    1 => 'index',
    2 => 'login',
  ),
)
[ info ] [ HEADER ] array (
  'host' => 'www.yzncms.com',
  'connection' => 'keep-alive',
  'pragma' => 'no-cache',
  'cache-control' => 'no-cache',
  'accept' => 'text/html,application/xhtml+xml,application/xml;q=0.9,image/webp,*/*;q=0.8',
  'upgrade-insecure-requests' => '1',
  'user-agent' => 'Mozilla/5.0 (Windows NT 6.1; WOW64) AppleWebKit/537.36 (KHTML, like Gecko) Chrome/45.0.2454.101 Safari/537.36',
  'referer' => 'http://www.yzncms.com/admin/index/checklogin.html',
  'accept-encoding' => 'gzip, deflate, sdch',
  'accept-language' => 'zh-CN,zh;q=0.8',
  'cookie' => 'thinkphp_show_page_trace=0|0; pgv_pvi=7585390592; thinkphp_show_page_trace=0|0; PHPSESSID=g4v915jgomdc1o9ik3j6368mv3',
)
[ info ] [ PARAM ] array (
)
[ info ] [ BEHAVIOR ] Run app\admin\behavior\CheckLoginStatus @action_begin [ RunTime:0.000000s ]
[ info ] [ RUN ] app\admin\controller\Index->login[ E:\yzncms\apps\admin\controller\Index.php ]
[ info ] [ VIEW ] E:\yzncms/apps/admin\view\login.html [ array (
) ]
[ info ] [ LOG ] INIT File

---------------------------------------------------------------
[ 2017-03-28T11:11:32+08:00 ] 127.0.0.1 127.0.0.1 GET /admin/index/getverify.html
[ log ] www.yzncms.com/admin/index/getverify.html [运行时间：0.015001s][吞吐率：66.66req/s] [内存消耗：218.29kb] [文件加载：40]
[ info ] [ LANG ] E:\yzncms\thinkphp\lang\zh-cn.php
[ info ] [ ROUTE ] array (
  'type' => 'module',
  'module' => 
  array (
    0 => 'admin',
    1 => 'index',
    2 => 'getverify',
  ),
)
[ info ] [ HEADER ] array (
  'host' => 'www.yzncms.com',
  'connection' => 'keep-alive',
  'pragma' => 'no-cache',
  'cache-control' => 'no-cache',
  'accept' => 'image/webp,image/*,*/*;q=0.8',
  'user-agent' => 'Mozilla/5.0 (Windows NT 6.1; WOW64) AppleWebKit/537.36 (KHTML, like Gecko) Chrome/45.0.2454.101 Safari/537.36',
  'referer' => 'http://www.yzncms.com/admin/index/login.html',
  'accept-encoding' => 'gzip, deflate, sdch',
  'accept-language' => 'zh-CN,zh;q=0.8',
  'cookie' => 'thinkphp_show_page_trace=0|0; pgv_pvi=7585390592; thinkphp_show_page_trace=0|0; PHPSESSID=g4v915jgomdc1o9ik3j6368mv3',
)
[ info ] [ PARAM ] array (
)
[ info ] [ BEHAVIOR ] Run app\admin\behavior\CheckLoginStatus @action_begin [ RunTime:0.000000s ]
[ info ] [ RUN ] app\admin\controller\Base->getVerify[ E:\yzncms\apps\admin\controller\Base.php ]
[ info ] [ SESSION ] INIT array (
  'id' => '',
  'var_session_id' => '',
  'prefix' => 'think',
  'type' => '',
  'auto_start' => true,
)
[ info ] [ LOG ] INIT File

---------------------------------------------------------------
[ 2017-03-28T11:11:32+08:00 ] 127.0.0.1 127.0.0.1 GET /admin/index/login.html
[ log ] www.yzncms.com/admin/index/login.html [运行时间：0.010000s][吞吐率：100.00req/s] [内存消耗：210.33kb] [文件加载：41]
[ info ] [ LANG ] E:\yzncms\thinkphp\lang\zh-cn.php
[ info ] [ ROUTE ] array (
  'type' => 'module',
  'module' => 
  array (
    0 => 'admin',
    1 => 'index',
    2 => 'login',
  ),
)
[ info ] [ HEADER ] array (
  'host' => 'www.yzncms.com',
  'connection' => 'keep-alive',
  'pragma' => 'no-cache',
  'cache-control' => 'no-cache',
  'accept' => 'text/html,application/xhtml+xml,application/xml;q=0.9,image/webp,*/*;q=0.8',
  'upgrade-insecure-requests' => '1',
  'user-agent' => 'Mozilla/5.0 (Windows NT 6.1; WOW64) AppleWebKit/537.36 (KHTML, like Gecko) Chrome/45.0.2454.101 Safari/537.36',
  'referer' => 'http://www.yzncms.com/admin/index/checklogin.html',
  'accept-encoding' => 'gzip, deflate, sdch',
  'accept-language' => 'zh-CN,zh;q=0.8',
  'cookie' => 'thinkphp_show_page_trace=0|0; pgv_pvi=7585390592; thinkphp_show_page_trace=0|0; PHPSESSID=g4v915jgomdc1o9ik3j6368mv3',
)
[ info ] [ PARAM ] array (
)
[ info ] [ BEHAVIOR ] Run app\admin\behavior\CheckLoginStatus @action_begin [ RunTime:0.000000s ]
[ info ] [ RUN ] app\admin\controller\Index->login[ E:\yzncms\apps\admin\controller\Index.php ]
[ info ] [ VIEW ] E:\yzncms/apps/admin\view\login.html [ array (
) ]
[ info ] [ LOG ] INIT File

---------------------------------------------------------------
[ 2017-03-28T11:11:32+08:00 ] 127.0.0.1 127.0.0.1 GET /admin/index/getverify.html
[ log ] www.yzncms.com/admin/index/getverify.html [运行时间：0.011001s][吞吐率：90.90req/s] [内存消耗：218.29kb] [文件加载：40]
[ info ] [ LANG ] E:\yzncms\thinkphp\lang\zh-cn.php
[ info ] [ ROUTE ] array (
  'type' => 'module',
  'module' => 
  array (
    0 => 'admin',
    1 => 'index',
    2 => 'getverify',
  ),
)
[ info ] [ HEADER ] array (
  'host' => 'www.yzncms.com',
  'connection' => 'keep-alive',
  'pragma' => 'no-cache',
  'cache-control' => 'no-cache',
  'accept' => 'image/webp,image/*,*/*;q=0.8',
  'user-agent' => 'Mozilla/5.0 (Windows NT 6.1; WOW64) AppleWebKit/537.36 (KHTML, like Gecko) Chrome/45.0.2454.101 Safari/537.36',
  'referer' => 'http://www.yzncms.com/admin/index/login.html',
  'accept-encoding' => 'gzip, deflate, sdch',
  'accept-language' => 'zh-CN,zh;q=0.8',
  'cookie' => 'thinkphp_show_page_trace=0|0; pgv_pvi=7585390592; thinkphp_show_page_trace=0|0; PHPSESSID=g4v915jgomdc1o9ik3j6368mv3',
)
[ info ] [ PARAM ] array (
)
[ info ] [ BEHAVIOR ] Run app\admin\behavior\CheckLoginStatus @action_begin [ RunTime:0.000000s ]
[ info ] [ RUN ] app\admin\controller\Base->getVerify[ E:\yzncms\apps\admin\controller\Base.php ]
[ info ] [ SESSION ] INIT array (
  'id' => '',
  'var_session_id' => '',
  'prefix' => 'think',
  'type' => '',
  'auto_start' => true,
)
[ info ] [ LOG ] INIT File

---------------------------------------------------------------
[ 2017-03-28T11:11:33+08:00 ] 127.0.0.1 127.0.0.1 GET /admin/index/login.html
[ log ] www.yzncms.com/admin/index/login.html [运行时间：0.011000s][吞吐率：90.91req/s] [内存消耗：210.33kb] [文件加载：41]
[ info ] [ LANG ] E:\yzncms\thinkphp\lang\zh-cn.php
[ info ] [ ROUTE ] array (
  'type' => 'module',
  'module' => 
  array (
    0 => 'admin',
    1 => 'index',
    2 => 'login',
  ),
)
[ info ] [ HEADER ] array (
  'host' => 'www.yzncms.com',
  'connection' => 'keep-alive',
  'pragma' => 'no-cache',
  'cache-control' => 'no-cache',
  'accept' => 'text/html,application/xhtml+xml,application/xml;q=0.9,image/webp,*/*;q=0.8',
  'upgrade-insecure-requests' => '1',
  'user-agent' => 'Mozilla/5.0 (Windows NT 6.1; WOW64) AppleWebKit/537.36 (KHTML, like Gecko) Chrome/45.0.2454.101 Safari/537.36',
  'referer' => 'http://www.yzncms.com/admin/index/checklogin.html',
  'accept-encoding' => 'gzip, deflate, sdch',
  'accept-language' => 'zh-CN,zh;q=0.8',
  'cookie' => 'thinkphp_show_page_trace=0|0; pgv_pvi=7585390592; thinkphp_show_page_trace=0|0; PHPSESSID=g4v915jgomdc1o9ik3j6368mv3',
)
[ info ] [ PARAM ] array (
)
[ info ] [ BEHAVIOR ] Run app\admin\behavior\CheckLoginStatus @action_begin [ RunTime:0.000000s ]
[ info ] [ RUN ] app\admin\controller\Index->login[ E:\yzncms\apps\admin\controller\Index.php ]
[ info ] [ VIEW ] E:\yzncms/apps/admin\view\login.html [ array (
) ]
[ info ] [ LOG ] INIT File

---------------------------------------------------------------
[ 2017-03-28T11:11:33+08:00 ] 127.0.0.1 127.0.0.1 GET /admin/index/getverify.html
[ log ] www.yzncms.com/admin/index/getverify.html [运行时间：0.011001s][吞吐率：90.90req/s] [内存消耗：218.29kb] [文件加载：40]
[ info ] [ LANG ] E:\yzncms\thinkphp\lang\zh-cn.php
[ info ] [ ROUTE ] array (
  'type' => 'module',
  'module' => 
  array (
    0 => 'admin',
    1 => 'index',
    2 => 'getverify',
  ),
)
[ info ] [ HEADER ] array (
  'host' => 'www.yzncms.com',
  'connection' => 'keep-alive',
  'pragma' => 'no-cache',
  'cache-control' => 'no-cache',
  'accept' => 'image/webp,image/*,*/*;q=0.8',
  'user-agent' => 'Mozilla/5.0 (Windows NT 6.1; WOW64) AppleWebKit/537.36 (KHTML, like Gecko) Chrome/45.0.2454.101 Safari/537.36',
  'referer' => 'http://www.yzncms.com/admin/index/login.html',
  'accept-encoding' => 'gzip, deflate, sdch',
  'accept-language' => 'zh-CN,zh;q=0.8',
  'cookie' => 'thinkphp_show_page_trace=0|0; pgv_pvi=7585390592; thinkphp_show_page_trace=0|0; PHPSESSID=g4v915jgomdc1o9ik3j6368mv3',
)
[ info ] [ PARAM ] array (
)
[ info ] [ BEHAVIOR ] Run app\admin\behavior\CheckLoginStatus @action_begin [ RunTime:0.000000s ]
[ info ] [ RUN ] app\admin\controller\Base->getVerify[ E:\yzncms\apps\admin\controller\Base.php ]
[ info ] [ SESSION ] INIT array (
  'id' => '',
  'var_session_id' => '',
  'prefix' => 'think',
  'type' => '',
  'auto_start' => true,
)
[ info ] [ LOG ] INIT File

---------------------------------------------------------------
[ 2017-03-28T11:11:33+08:00 ] 127.0.0.1 127.0.0.1 GET /admin/index/login.html
[ log ] www.yzncms.com/admin/index/login.html [运行时间：0.011000s][吞吐率：90.91req/s] [内存消耗：210.33kb] [文件加载：41]
[ info ] [ LANG ] E:\yzncms\thinkphp\lang\zh-cn.php
[ info ] [ ROUTE ] array (
  'type' => 'module',
  'module' => 
  array (
    0 => 'admin',
    1 => 'index',
    2 => 'login',
  ),
)
[ info ] [ HEADER ] array (
  'host' => 'www.yzncms.com',
  'connection' => 'keep-alive',
  'pragma' => 'no-cache',
  'cache-control' => 'no-cache',
  'accept' => 'text/html,application/xhtml+xml,application/xml;q=0.9,image/webp,*/*;q=0.8',
  'upgrade-insecure-requests' => '1',
  'user-agent' => 'Mozilla/5.0 (Windows NT 6.1; WOW64) AppleWebKit/537.36 (KHTML, like Gecko) Chrome/45.0.2454.101 Safari/537.36',
  'referer' => 'http://www.yzncms.com/admin/index/checklogin.html',
  'accept-encoding' => 'gzip, deflate, sdch',
  'accept-language' => 'zh-CN,zh;q=0.8',
  'cookie' => 'thinkphp_show_page_trace=0|0; pgv_pvi=7585390592; thinkphp_show_page_trace=0|0; PHPSESSID=g4v915jgomdc1o9ik3j6368mv3',
)
[ info ] [ PARAM ] array (
)
[ info ] [ BEHAVIOR ] Run app\admin\behavior\CheckLoginStatus @action_begin [ RunTime:0.000000s ]
[ info ] [ RUN ] app\admin\controller\Index->login[ E:\yzncms\apps\admin\controller\Index.php ]
[ info ] [ VIEW ] E:\yzncms/apps/admin\view\login.html [ array (
) ]
[ info ] [ LOG ] INIT File

---------------------------------------------------------------
[ 2017-03-28T11:11:33+08:00 ] 127.0.0.1 127.0.0.1 GET /admin/index/getverify.html
[ log ] www.yzncms.com/admin/index/getverify.html [运行时间：0.013000s][吞吐率：76.92req/s] [内存消耗：218.29kb] [文件加载：40]
[ info ] [ LANG ] E:\yzncms\thinkphp\lang\zh-cn.php
[ info ] [ ROUTE ] array (
  'type' => 'module',
  'module' => 
  array (
    0 => 'admin',
    1 => 'index',
    2 => 'getverify',
  ),
)
[ info ] [ HEADER ] array (
  'host' => 'www.yzncms.com',
  'connection' => 'keep-alive',
  'pragma' => 'no-cache',
  'cache-control' => 'no-cache',
  'accept' => 'image/webp,image/*,*/*;q=0.8',
  'user-agent' => 'Mozilla/5.0 (Windows NT 6.1; WOW64) AppleWebKit/537.36 (KHTML, like Gecko) Chrome/45.0.2454.101 Safari/537.36',
  'referer' => 'http://www.yzncms.com/admin/index/login.html',
  'accept-encoding' => 'gzip, deflate, sdch',
  'accept-language' => 'zh-CN,zh;q=0.8',
  'cookie' => 'thinkphp_show_page_trace=0|0; pgv_pvi=7585390592; thinkphp_show_page_trace=0|0; PHPSESSID=g4v915jgomdc1o9ik3j6368mv3',
)
[ info ] [ PARAM ] array (
)
[ info ] [ BEHAVIOR ] Run app\admin\behavior\CheckLoginStatus @action_begin [ RunTime:0.001000s ]
[ info ] [ RUN ] app\admin\controller\Base->getVerify[ E:\yzncms\apps\admin\controller\Base.php ]
[ info ] [ SESSION ] INIT array (
  'id' => '',
  'var_session_id' => '',
  'prefix' => 'think',
  'type' => '',
  'auto_start' => true,
)
[ info ] [ LOG ] INIT File

---------------------------------------------------------------
[ 2017-03-28T11:11:33+08:00 ] 127.0.0.1 127.0.0.1 GET /admin/index/login.html
[ log ] www.yzncms.com/admin/index/login.html [运行时间：0.008000s][吞吐率：125.00req/s] [内存消耗：210.33kb] [文件加载：41]
[ info ] [ LANG ] E:\yzncms\thinkphp\lang\zh-cn.php
[ info ] [ ROUTE ] array (
  'type' => 'module',
  'module' => 
  array (
    0 => 'admin',
    1 => 'index',
    2 => 'login',
  ),
)
[ info ] [ HEADER ] array (
  'host' => 'www.yzncms.com',
  'connection' => 'keep-alive',
  'pragma' => 'no-cache',
  'cache-control' => 'no-cache',
  'accept' => 'text/html,application/xhtml+xml,application/xml;q=0.9,image/webp,*/*;q=0.8',
  'upgrade-insecure-requests' => '1',
  'user-agent' => 'Mozilla/5.0 (Windows NT 6.1; WOW64) AppleWebKit/537.36 (KHTML, like Gecko) Chrome/45.0.2454.101 Safari/537.36',
  'referer' => 'http://www.yzncms.com/admin/index/checklogin.html',
  'accept-encoding' => 'gzip, deflate, sdch',
  'accept-language' => 'zh-CN,zh;q=0.8',
  'cookie' => 'thinkphp_show_page_trace=0|0; pgv_pvi=7585390592; thinkphp_show_page_trace=0|0; PHPSESSID=g4v915jgomdc1o9ik3j6368mv3',
)
[ info ] [ PARAM ] array (
)
[ info ] [ BEHAVIOR ] Run app\admin\behavior\CheckLoginStatus @action_begin [ RunTime:0.000000s ]
[ info ] [ RUN ] app\admin\controller\Index->login[ E:\yzncms\apps\admin\controller\Index.php ]
[ info ] [ VIEW ] E:\yzncms/apps/admin\view\login.html [ array (
) ]
[ info ] [ LOG ] INIT File

---------------------------------------------------------------
[ 2017-03-28T11:11:33+08:00 ] 127.0.0.1 127.0.0.1 GET /admin/index/getverify.html
[ log ] www.yzncms.com/admin/index/getverify.html [运行时间：0.013001s][吞吐率：76.92req/s] [内存消耗：218.29kb] [文件加载：40]
[ info ] [ LANG ] E:\yzncms\thinkphp\lang\zh-cn.php
[ info ] [ ROUTE ] array (
  'type' => 'module',
  'module' => 
  array (
    0 => 'admin',
    1 => 'index',
    2 => 'getverify',
  ),
)
[ info ] [ HEADER ] array (
  'host' => 'www.yzncms.com',
  'connection' => 'keep-alive',
  'pragma' => 'no-cache',
  'cache-control' => 'no-cache',
  'accept' => 'image/webp,image/*,*/*;q=0.8',
  'user-agent' => 'Mozilla/5.0 (Windows NT 6.1; WOW64) AppleWebKit/537.36 (KHTML, like Gecko) Chrome/45.0.2454.101 Safari/537.36',
  'referer' => 'http://www.yzncms.com/admin/index/login.html',
  'accept-encoding' => 'gzip, deflate, sdch',
  'accept-language' => 'zh-CN,zh;q=0.8',
  'cookie' => 'thinkphp_show_page_trace=0|0; pgv_pvi=7585390592; thinkphp_show_page_trace=0|0; PHPSESSID=g4v915jgomdc1o9ik3j6368mv3',
)
[ info ] [ PARAM ] array (
)
[ info ] [ BEHAVIOR ] Run app\admin\behavior\CheckLoginStatus @action_begin [ RunTime:0.000000s ]
[ info ] [ RUN ] app\admin\controller\Base->getVerify[ E:\yzncms\apps\admin\controller\Base.php ]
[ info ] [ SESSION ] INIT array (
  'id' => '',
  'var_session_id' => '',
  'prefix' => 'think',
  'type' => '',
  'auto_start' => true,
)
[ info ] [ LOG ] INIT File

---------------------------------------------------------------
[ 2017-03-28T11:11:33+08:00 ] 127.0.0.1 127.0.0.1 GET /admin/index/login.html
[ log ] www.yzncms.com/admin/index/login.html [运行时间：0.010001s][吞吐率：99.99req/s] [内存消耗：210.33kb] [文件加载：41]
[ info ] [ LANG ] E:\yzncms\thinkphp\lang\zh-cn.php
[ info ] [ ROUTE ] array (
  'type' => 'module',
  'module' => 
  array (
    0 => 'admin',
    1 => 'index',
    2 => 'login',
  ),
)
[ info ] [ HEADER ] array (
  'host' => 'www.yzncms.com',
  'connection' => 'keep-alive',
  'pragma' => 'no-cache',
  'cache-control' => 'no-cache',
  'accept' => 'text/html,application/xhtml+xml,application/xml;q=0.9,image/webp,*/*;q=0.8',
  'upgrade-insecure-requests' => '1',
  'user-agent' => 'Mozilla/5.0 (Windows NT 6.1; WOW64) AppleWebKit/537.36 (KHTML, like Gecko) Chrome/45.0.2454.101 Safari/537.36',
  'referer' => 'http://www.yzncms.com/admin/index/checklogin.html',
  'accept-encoding' => 'gzip, deflate, sdch',
  'accept-language' => 'zh-CN,zh;q=0.8',
  'cookie' => 'thinkphp_show_page_trace=0|0; pgv_pvi=7585390592; thinkphp_show_page_trace=0|0; PHPSESSID=g4v915jgomdc1o9ik3j6368mv3',
)
[ info ] [ PARAM ] array (
)
[ info ] [ BEHAVIOR ] Run app\admin\behavior\CheckLoginStatus @action_begin [ RunTime:0.000000s ]
[ info ] [ RUN ] app\admin\controller\Index->login[ E:\yzncms\apps\admin\controller\Index.php ]
[ info ] [ VIEW ] E:\yzncms/apps/admin\view\login.html [ array (
) ]
[ info ] [ LOG ] INIT File

---------------------------------------------------------------
[ 2017-03-28T11:11:33+08:00 ] 127.0.0.1 127.0.0.1 GET /admin/index/getverify.html
[ log ] www.yzncms.com/admin/index/getverify.html [运行时间：0.011001s][吞吐率：90.90req/s] [内存消耗：218.29kb] [文件加载：40]
[ info ] [ LANG ] E:\yzncms\thinkphp\lang\zh-cn.php
[ info ] [ ROUTE ] array (
  'type' => 'module',
  'module' => 
  array (
    0 => 'admin',
    1 => 'index',
    2 => 'getverify',
  ),
)
[ info ] [ HEADER ] array (
  'host' => 'www.yzncms.com',
  'connection' => 'keep-alive',
  'pragma' => 'no-cache',
  'cache-control' => 'no-cache',
  'accept' => 'image/webp,image/*,*/*;q=0.8',
  'user-agent' => 'Mozilla/5.0 (Windows NT 6.1; WOW64) AppleWebKit/537.36 (KHTML, like Gecko) Chrome/45.0.2454.101 Safari/537.36',
  'referer' => 'http://www.yzncms.com/admin/index/login.html',
  'accept-encoding' => 'gzip, deflate, sdch',
  'accept-language' => 'zh-CN,zh;q=0.8',
  'cookie' => 'thinkphp_show_page_trace=0|0; pgv_pvi=7585390592; thinkphp_show_page_trace=0|0; PHPSESSID=g4v915jgomdc1o9ik3j6368mv3',
)
[ info ] [ PARAM ] array (
)
[ info ] [ BEHAVIOR ] Run app\admin\behavior\CheckLoginStatus @action_begin [ RunTime:0.000000s ]
[ info ] [ RUN ] app\admin\controller\Base->getVerify[ E:\yzncms\apps\admin\controller\Base.php ]
[ info ] [ SESSION ] INIT array (
  'id' => '',
  'var_session_id' => '',
  'prefix' => 'think',
  'type' => '',
  'auto_start' => true,
)
[ info ] [ LOG ] INIT File

---------------------------------------------------------------
[ 2017-03-28T11:11:34+08:00 ] 127.0.0.1 127.0.0.1 GET /admin/index/login.html
[ log ] www.yzncms.com/admin/index/login.html [运行时间：0.011001s][吞吐率：90.90req/s] [内存消耗：210.33kb] [文件加载：41]
[ info ] [ LANG ] E:\yzncms\thinkphp\lang\zh-cn.php
[ info ] [ ROUTE ] array (
  'type' => 'module',
  'module' => 
  array (
    0 => 'admin',
    1 => 'index',
    2 => 'login',
  ),
)
[ info ] [ HEADER ] array (
  'host' => 'www.yzncms.com',
  'connection' => 'keep-alive',
  'pragma' => 'no-cache',
  'cache-control' => 'no-cache',
  'accept' => 'text/html,application/xhtml+xml,application/xml;q=0.9,image/webp,*/*;q=0.8',
  'upgrade-insecure-requests' => '1',
  'user-agent' => 'Mozilla/5.0 (Windows NT 6.1; WOW64) AppleWebKit/537.36 (KHTML, like Gecko) Chrome/45.0.2454.101 Safari/537.36',
  'referer' => 'http://www.yzncms.com/admin/index/checklogin.html',
  'accept-encoding' => 'gzip, deflate, sdch',
  'accept-language' => 'zh-CN,zh;q=0.8',
  'cookie' => 'thinkphp_show_page_trace=0|0; pgv_pvi=7585390592; thinkphp_show_page_trace=0|0; PHPSESSID=g4v915jgomdc1o9ik3j6368mv3',
)
[ info ] [ PARAM ] array (
)
[ info ] [ BEHAVIOR ] Run app\admin\behavior\CheckLoginStatus @action_begin [ RunTime:0.001000s ]
[ info ] [ RUN ] app\admin\controller\Index->login[ E:\yzncms\apps\admin\controller\Index.php ]
[ info ] [ VIEW ] E:\yzncms/apps/admin\view\login.html [ array (
) ]
[ info ] [ LOG ] INIT File

---------------------------------------------------------------
[ 2017-03-28T11:11:34+08:00 ] 127.0.0.1 127.0.0.1 GET /admin/index/login.html
[ log ] www.yzncms.com/admin/index/login.html [运行时间：0.010000s][吞吐率：100.00req/s] [内存消耗：210.33kb] [文件加载：41]
[ info ] [ LANG ] E:\yzncms\thinkphp\lang\zh-cn.php
[ info ] [ ROUTE ] array (
  'type' => 'module',
  'module' => 
  array (
    0 => 'admin',
    1 => 'index',
    2 => 'login',
  ),
)
[ info ] [ HEADER ] array (
  'host' => 'www.yzncms.com',
  'connection' => 'keep-alive',
  'pragma' => 'no-cache',
  'cache-control' => 'no-cache',
  'accept' => 'text/html,application/xhtml+xml,application/xml;q=0.9,image/webp,*/*;q=0.8',
  'upgrade-insecure-requests' => '1',
  'user-agent' => 'Mozilla/5.0 (Windows NT 6.1; WOW64) AppleWebKit/537.36 (KHTML, like Gecko) Chrome/45.0.2454.101 Safari/537.36',
  'referer' => 'http://www.yzncms.com/admin/index/checklogin.html',
  'accept-encoding' => 'gzip, deflate, sdch',
  'accept-language' => 'zh-CN,zh;q=0.8',
  'cookie' => 'thinkphp_show_page_trace=0|0; pgv_pvi=7585390592; thinkphp_show_page_trace=0|0; PHPSESSID=g4v915jgomdc1o9ik3j6368mv3',
)
[ info ] [ PARAM ] array (
)
[ info ] [ BEHAVIOR ] Run app\admin\behavior\CheckLoginStatus @action_begin [ RunTime:0.000000s ]
[ info ] [ RUN ] app\admin\controller\Index->login[ E:\yzncms\apps\admin\controller\Index.php ]
[ info ] [ VIEW ] E:\yzncms/apps/admin\view\login.html [ array (
) ]
[ info ] [ LOG ] INIT File

---------------------------------------------------------------
[ 2017-03-28T11:11:34+08:00 ] 127.0.0.1 127.0.0.1 GET /admin/index/getverify.html
[ log ] www.yzncms.com/admin/index/getverify.html [运行时间：0.012001s][吞吐率：83.33req/s] [内存消耗：218.29kb] [文件加载：40]
[ info ] [ LANG ] E:\yzncms\thinkphp\lang\zh-cn.php
[ info ] [ ROUTE ] array (
  'type' => 'module',
  'module' => 
  array (
    0 => 'admin',
    1 => 'index',
    2 => 'getverify',
  ),
)
[ info ] [ HEADER ] array (
  'host' => 'www.yzncms.com',
  'connection' => 'keep-alive',
  'pragma' => 'no-cache',
  'cache-control' => 'no-cache',
  'accept' => 'image/webp,image/*,*/*;q=0.8',
  'user-agent' => 'Mozilla/5.0 (Windows NT 6.1; WOW64) AppleWebKit/537.36 (KHTML, like Gecko) Chrome/45.0.2454.101 Safari/537.36',
  'referer' => 'http://www.yzncms.com/admin/index/login.html',
  'accept-encoding' => 'gzip, deflate, sdch',
  'accept-language' => 'zh-CN,zh;q=0.8',
  'cookie' => 'thinkphp_show_page_trace=0|0; pgv_pvi=7585390592; thinkphp_show_page_trace=0|0; PHPSESSID=g4v915jgomdc1o9ik3j6368mv3',
)
[ info ] [ PARAM ] array (
)
[ info ] [ BEHAVIOR ] Run app\admin\behavior\CheckLoginStatus @action_begin [ RunTime:0.000000s ]
[ info ] [ RUN ] app\admin\controller\Base->getVerify[ E:\yzncms\apps\admin\controller\Base.php ]
[ info ] [ SESSION ] INIT array (
  'id' => '',
  'var_session_id' => '',
  'prefix' => 'think',
  'type' => '',
  'auto_start' => true,
)
[ info ] [ LOG ] INIT File

---------------------------------------------------------------
[ 2017-03-28T11:11:34+08:00 ] 127.0.0.1 127.0.0.1 GET /admin/index/login.html
[ log ] www.yzncms.com/admin/index/login.html [运行时间：0.009000s][吞吐率：111.11req/s] [内存消耗：210.33kb] [文件加载：41]
[ info ] [ LANG ] E:\yzncms\thinkphp\lang\zh-cn.php
[ info ] [ ROUTE ] array (
  'type' => 'module',
  'module' => 
  array (
    0 => 'admin',
    1 => 'index',
    2 => 'login',
  ),
)
[ info ] [ HEADER ] array (
  'host' => 'www.yzncms.com',
  'connection' => 'keep-alive',
  'pragma' => 'no-cache',
  'cache-control' => 'no-cache',
  'accept' => 'text/html,application/xhtml+xml,application/xml;q=0.9,image/webp,*/*;q=0.8',
  'upgrade-insecure-requests' => '1',
  'user-agent' => 'Mozilla/5.0 (Windows NT 6.1; WOW64) AppleWebKit/537.36 (KHTML, like Gecko) Chrome/45.0.2454.101 Safari/537.36',
  'referer' => 'http://www.yzncms.com/admin/index/checklogin.html',
  'accept-encoding' => 'gzip, deflate, sdch',
  'accept-language' => 'zh-CN,zh;q=0.8',
  'cookie' => 'thinkphp_show_page_trace=0|0; pgv_pvi=7585390592; thinkphp_show_page_trace=0|0; PHPSESSID=g4v915jgomdc1o9ik3j6368mv3',
)
[ info ] [ PARAM ] array (
)
[ info ] [ BEHAVIOR ] Run app\admin\behavior\CheckLoginStatus @action_begin [ RunTime:0.000000s ]
[ info ] [ RUN ] app\admin\controller\Index->login[ E:\yzncms\apps\admin\controller\Index.php ]
[ info ] [ VIEW ] E:\yzncms/apps/admin\view\login.html [ array (
) ]
[ info ] [ LOG ] INIT File

---------------------------------------------------------------
[ 2017-03-28T11:11:34+08:00 ] 127.0.0.1 127.0.0.1 GET /admin/index/getverify.html
[ log ] www.yzncms.com/admin/index/getverify.html [运行时间：0.012001s][吞吐率：83.33req/s] [内存消耗：218.29kb] [文件加载：40]
[ info ] [ LANG ] E:\yzncms\thinkphp\lang\zh-cn.php
[ info ] [ ROUTE ] array (
  'type' => 'module',
  'module' => 
  array (
    0 => 'admin',
    1 => 'index',
    2 => 'getverify',
  ),
)
[ info ] [ HEADER ] array (
  'host' => 'www.yzncms.com',
  'connection' => 'keep-alive',
  'pragma' => 'no-cache',
  'cache-control' => 'no-cache',
  'accept' => 'image/webp,image/*,*/*;q=0.8',
  'user-agent' => 'Mozilla/5.0 (Windows NT 6.1; WOW64) AppleWebKit/537.36 (KHTML, like Gecko) Chrome/45.0.2454.101 Safari/537.36',
  'referer' => 'http://www.yzncms.com/admin/index/login.html',
  'accept-encoding' => 'gzip, deflate, sdch',
  'accept-language' => 'zh-CN,zh;q=0.8',
  'cookie' => 'thinkphp_show_page_trace=0|0; pgv_pvi=7585390592; thinkphp_show_page_trace=0|0; PHPSESSID=g4v915jgomdc1o9ik3j6368mv3',
)
[ info ] [ PARAM ] array (
)
[ info ] [ BEHAVIOR ] Run app\admin\behavior\CheckLoginStatus @action_begin [ RunTime:0.001000s ]
[ info ] [ RUN ] app\admin\controller\Base->getVerify[ E:\yzncms\apps\admin\controller\Base.php ]
[ info ] [ SESSION ] INIT array (
  'id' => '',
  'var_session_id' => '',
  'prefix' => 'think',
  'type' => '',
  'auto_start' => true,
)
[ info ] [ LOG ] INIT File

---------------------------------------------------------------
[ 2017-03-28T11:11:34+08:00 ] 127.0.0.1 127.0.0.1 GET /admin/index/login.html
[ log ] www.yzncms.com/admin/index/login.html [运行时间：0.009001s][吞吐率：111.10req/s] [内存消耗：210.33kb] [文件加载：41]
[ info ] [ LANG ] E:\yzncms\thinkphp\lang\zh-cn.php
[ info ] [ ROUTE ] array (
  'type' => 'module',
  'module' => 
  array (
    0 => 'admin',
    1 => 'index',
    2 => 'login',
  ),
)
[ info ] [ HEADER ] array (
  'host' => 'www.yzncms.com',
  'connection' => 'keep-alive',
  'pragma' => 'no-cache',
  'cache-control' => 'no-cache',
  'accept' => 'text/html,application/xhtml+xml,application/xml;q=0.9,image/webp,*/*;q=0.8',
  'upgrade-insecure-requests' => '1',
  'user-agent' => 'Mozilla/5.0 (Windows NT 6.1; WOW64) AppleWebKit/537.36 (KHTML, like Gecko) Chrome/45.0.2454.101 Safari/537.36',
  'referer' => 'http://www.yzncms.com/admin/index/checklogin.html',
  'accept-encoding' => 'gzip, deflate, sdch',
  'accept-language' => 'zh-CN,zh;q=0.8',
  'cookie' => 'thinkphp_show_page_trace=0|0; pgv_pvi=7585390592; thinkphp_show_page_trace=0|0; PHPSESSID=g4v915jgomdc1o9ik3j6368mv3',
)
[ info ] [ PARAM ] array (
)
[ info ] [ BEHAVIOR ] Run app\admin\behavior\CheckLoginStatus @action_begin [ RunTime:0.000000s ]
[ info ] [ RUN ] app\admin\controller\Index->login[ E:\yzncms\apps\admin\controller\Index.php ]
[ info ] [ VIEW ] E:\yzncms/apps/admin\view\login.html [ array (
) ]
[ info ] [ LOG ] INIT File

---------------------------------------------------------------
[ 2017-03-28T11:11:34+08:00 ] 127.0.0.1 127.0.0.1 GET /admin/index/login.html
[ log ] www.yzncms.com/admin/index/login.html [运行时间：0.009000s][吞吐率：111.11req/s] [内存消耗：210.33kb] [文件加载：41]
[ info ] [ LANG ] E:\yzncms\thinkphp\lang\zh-cn.php
[ info ] [ ROUTE ] array (
  'type' => 'module',
  'module' => 
  array (
    0 => 'admin',
    1 => 'index',
    2 => 'login',
  ),
)
[ info ] [ HEADER ] array (
  'host' => 'www.yzncms.com',
  'connection' => 'keep-alive',
  'pragma' => 'no-cache',
  'cache-control' => 'no-cache',
  'accept' => 'text/html,application/xhtml+xml,application/xml;q=0.9,image/webp,*/*;q=0.8',
  'upgrade-insecure-requests' => '1',
  'user-agent' => 'Mozilla/5.0 (Windows NT 6.1; WOW64) AppleWebKit/537.36 (KHTML, like Gecko) Chrome/45.0.2454.101 Safari/537.36',
  'referer' => 'http://www.yzncms.com/admin/index/checklogin.html',
  'accept-encoding' => 'gzip, deflate, sdch',
  'accept-language' => 'zh-CN,zh;q=0.8',
  'cookie' => 'thinkphp_show_page_trace=0|0; pgv_pvi=7585390592; thinkphp_show_page_trace=0|0; PHPSESSID=g4v915jgomdc1o9ik3j6368mv3',
)
[ info ] [ PARAM ] array (
)
[ info ] [ BEHAVIOR ] Run app\admin\behavior\CheckLoginStatus @action_begin [ RunTime:0.000000s ]
[ info ] [ RUN ] app\admin\controller\Index->login[ E:\yzncms\apps\admin\controller\Index.php ]
[ info ] [ VIEW ] E:\yzncms/apps/admin\view\login.html [ array (
) ]
[ info ] [ LOG ] INIT File

---------------------------------------------------------------
[ 2017-03-28T11:11:34+08:00 ] 127.0.0.1 127.0.0.1 GET /admin/index/login.html
[ log ] www.yzncms.com/admin/index/login.html [运行时间：0.011000s][吞吐率：90.91req/s] [内存消耗：210.33kb] [文件加载：41]
[ info ] [ LANG ] E:\yzncms\thinkphp\lang\zh-cn.php
[ info ] [ ROUTE ] array (
  'type' => 'module',
  'module' => 
  array (
    0 => 'admin',
    1 => 'index',
    2 => 'login',
  ),
)
[ info ] [ HEADER ] array (
  'host' => 'www.yzncms.com',
  'connection' => 'keep-alive',
  'pragma' => 'no-cache',
  'cache-control' => 'no-cache',
  'accept' => 'text/html,application/xhtml+xml,application/xml;q=0.9,image/webp,*/*;q=0.8',
  'upgrade-insecure-requests' => '1',
  'user-agent' => 'Mozilla/5.0 (Windows NT 6.1; WOW64) AppleWebKit/537.36 (KHTML, like Gecko) Chrome/45.0.2454.101 Safari/537.36',
  'referer' => 'http://www.yzncms.com/admin/index/checklogin.html',
  'accept-encoding' => 'gzip, deflate, sdch',
  'accept-language' => 'zh-CN,zh;q=0.8',
  'cookie' => 'thinkphp_show_page_trace=0|0; pgv_pvi=7585390592; thinkphp_show_page_trace=0|0; PHPSESSID=g4v915jgomdc1o9ik3j6368mv3',
)
[ info ] [ PARAM ] array (
)
[ info ] [ BEHAVIOR ] Run app\admin\behavior\CheckLoginStatus @action_begin [ RunTime:0.000000s ]
[ info ] [ RUN ] app\admin\controller\Index->login[ E:\yzncms\apps\admin\controller\Index.php ]
[ info ] [ VIEW ] E:\yzncms/apps/admin\view\login.html [ array (
) ]
[ info ] [ LOG ] INIT File

---------------------------------------------------------------
[ 2017-03-28T11:11:34+08:00 ] 127.0.0.1 127.0.0.1 GET /admin/index/login.html
[ log ] www.yzncms.com/admin/index/login.html [运行时间：0.012001s][吞吐率：83.33req/s] [内存消耗：210.33kb] [文件加载：41]
[ info ] [ LANG ] E:\yzncms\thinkphp\lang\zh-cn.php
[ info ] [ ROUTE ] array (
  'type' => 'module',
  'module' => 
  array (
    0 => 'admin',
    1 => 'index',
    2 => 'login',
  ),
)
[ info ] [ HEADER ] array (
  'host' => 'www.yzncms.com',
  'connection' => 'keep-alive',
  'pragma' => 'no-cache',
  'cache-control' => 'no-cache',
  'accept' => 'text/html,application/xhtml+xml,application/xml;q=0.9,image/webp,*/*;q=0.8',
  'upgrade-insecure-requests' => '1',
  'user-agent' => 'Mozilla/5.0 (Windows NT 6.1; WOW64) AppleWebKit/537.36 (KHTML, like Gecko) Chrome/45.0.2454.101 Safari/537.36',
  'referer' => 'http://www.yzncms.com/admin/index/checklogin.html',
  'accept-encoding' => 'gzip, deflate, sdch',
  'accept-language' => 'zh-CN,zh;q=0.8',
  'cookie' => 'thinkphp_show_page_trace=0|0; pgv_pvi=7585390592; thinkphp_show_page_trace=0|0; PHPSESSID=g4v915jgomdc1o9ik3j6368mv3',
)
[ info ] [ PARAM ] array (
)
[ info ] [ BEHAVIOR ] Run app\admin\behavior\CheckLoginStatus @action_begin [ RunTime:0.000000s ]
[ info ] [ RUN ] app\admin\controller\Index->login[ E:\yzncms\apps\admin\controller\Index.php ]
[ info ] [ VIEW ] E:\yzncms/apps/admin\view\login.html [ array (
) ]
[ info ] [ LOG ] INIT File

---------------------------------------------------------------
[ 2017-03-28T11:11:34+08:00 ] 127.0.0.1 127.0.0.1 GET /admin/index/login.html
[ log ] www.yzncms.com/admin/index/login.html [运行时间：0.012000s][吞吐率：83.33req/s] [内存消耗：210.33kb] [文件加载：41]
[ info ] [ LANG ] E:\yzncms\thinkphp\lang\zh-cn.php
[ info ] [ ROUTE ] array (
  'type' => 'module',
  'module' => 
  array (
    0 => 'admin',
    1 => 'index',
    2 => 'login',
  ),
)
[ info ] [ HEADER ] array (
  'host' => 'www.yzncms.com',
  'connection' => 'keep-alive',
  'pragma' => 'no-cache',
  'cache-control' => 'no-cache',
  'accept' => 'text/html,application/xhtml+xml,application/xml;q=0.9,image/webp,*/*;q=0.8',
  'upgrade-insecure-requests' => '1',
  'user-agent' => 'Mozilla/5.0 (Windows NT 6.1; WOW64) AppleWebKit/537.36 (KHTML, like Gecko) Chrome/45.0.2454.101 Safari/537.36',
  'referer' => 'http://www.yzncms.com/admin/index/checklogin.html',
  'accept-encoding' => 'gzip, deflate, sdch',
  'accept-language' => 'zh-CN,zh;q=0.8',
  'cookie' => 'thinkphp_show_page_trace=0|0; pgv_pvi=7585390592; thinkphp_show_page_trace=0|0; PHPSESSID=g4v915jgomdc1o9ik3j6368mv3',
)
[ info ] [ PARAM ] array (
)
[ info ] [ BEHAVIOR ] Run app\admin\behavior\CheckLoginStatus @action_begin [ RunTime:0.000000s ]
[ info ] [ RUN ] app\admin\controller\Index->login[ E:\yzncms\apps\admin\controller\Index.php ]
[ info ] [ VIEW ] E:\yzncms/apps/admin\view\login.html [ array (
) ]
[ info ] [ LOG ] INIT File

---------------------------------------------------------------
[ 2017-03-28T11:11:34+08:00 ] 127.0.0.1 127.0.0.1 GET /admin/index/login.html
[ log ] www.yzncms.com/admin/index/login.html [运行时间：0.010001s][吞吐率：99.99req/s] [内存消耗：210.33kb] [文件加载：41]
[ info ] [ LANG ] E:\yzncms\thinkphp\lang\zh-cn.php
[ info ] [ ROUTE ] array (
  'type' => 'module',
  'module' => 
  array (
    0 => 'admin',
    1 => 'index',
    2 => 'login',
  ),
)
[ info ] [ HEADER ] array (
  'host' => 'www.yzncms.com',
  'connection' => 'keep-alive',
  'pragma' => 'no-cache',
  'cache-control' => 'no-cache',
  'accept' => 'text/html,application/xhtml+xml,application/xml;q=0.9,image/webp,*/*;q=0.8',
  'upgrade-insecure-requests' => '1',
  'user-agent' => 'Mozilla/5.0 (Windows NT 6.1; WOW64) AppleWebKit/537.36 (KHTML, like Gecko) Chrome/45.0.2454.101 Safari/537.36',
  'referer' => 'http://www.yzncms.com/admin/index/checklogin.html',
  'accept-encoding' => 'gzip, deflate, sdch',
  'accept-language' => 'zh-CN,zh;q=0.8',
  'cookie' => 'thinkphp_show_page_trace=0|0; pgv_pvi=7585390592; thinkphp_show_page_trace=0|0; PHPSESSID=g4v915jgomdc1o9ik3j6368mv3',
)
[ info ] [ PARAM ] array (
)
[ info ] [ BEHAVIOR ] Run app\admin\behavior\CheckLoginStatus @action_begin [ RunTime:0.000000s ]
[ info ] [ RUN ] app\admin\controller\Index->login[ E:\yzncms\apps\admin\controller\Index.php ]
[ info ] [ VIEW ] E:\yzncms/apps/admin\view\login.html [ array (
) ]
[ info ] [ LOG ] INIT File

---------------------------------------------------------------
[ 2017-03-28T11:11:34+08:00 ] 127.0.0.1 127.0.0.1 GET /admin/index/login.html
[ log ] www.yzncms.com/admin/index/login.html [运行时间：0.010001s][吞吐率：99.99req/s] [内存消耗：210.33kb] [文件加载：41]
[ info ] [ LANG ] E:\yzncms\thinkphp\lang\zh-cn.php
[ info ] [ ROUTE ] array (
  'type' => 'module',
  'module' => 
  array (
    0 => 'admin',
    1 => 'index',
    2 => 'login',
  ),
)
[ info ] [ HEADER ] array (
  'host' => 'www.yzncms.com',
  'connection' => 'keep-alive',
  'pragma' => 'no-cache',
  'cache-control' => 'no-cache',
  'accept' => 'text/html,application/xhtml+xml,application/xml;q=0.9,image/webp,*/*;q=0.8',
  'upgrade-insecure-requests' => '1',
  'user-agent' => 'Mozilla/5.0 (Windows NT 6.1; WOW64) AppleWebKit/537.36 (KHTML, like Gecko) Chrome/45.0.2454.101 Safari/537.36',
  'referer' => 'http://www.yzncms.com/admin/index/checklogin.html',
  'accept-encoding' => 'gzip, deflate, sdch',
  'accept-language' => 'zh-CN,zh;q=0.8',
  'cookie' => 'thinkphp_show_page_trace=0|0; pgv_pvi=7585390592; thinkphp_show_page_trace=0|0; PHPSESSID=g4v915jgomdc1o9ik3j6368mv3',
)
[ info ] [ PARAM ] array (
)
[ info ] [ BEHAVIOR ] Run app\admin\behavior\CheckLoginStatus @action_begin [ RunTime:0.000000s ]
[ info ] [ RUN ] app\admin\controller\Index->login[ E:\yzncms\apps\admin\controller\Index.php ]
[ info ] [ VIEW ] E:\yzncms/apps/admin\view\login.html [ array (
) ]
[ info ] [ LOG ] INIT File

---------------------------------------------------------------
[ 2017-03-28T11:11:34+08:00 ] 127.0.0.1 127.0.0.1 GET /admin/index/login.html
[ log ] www.yzncms.com/admin/index/login.html [运行时间：0.009001s][吞吐率：111.10req/s] [内存消耗：210.33kb] [文件加载：41]
[ info ] [ LANG ] E:\yzncms\thinkphp\lang\zh-cn.php
[ info ] [ ROUTE ] array (
  'type' => 'module',
  'module' => 
  array (
    0 => 'admin',
    1 => 'index',
    2 => 'login',
  ),
)
[ info ] [ HEADER ] array (
  'host' => 'www.yzncms.com',
  'connection' => 'keep-alive',
  'pragma' => 'no-cache',
  'cache-control' => 'no-cache',
  'accept' => 'text/html,application/xhtml+xml,application/xml;q=0.9,image/webp,*/*;q=0.8',
  'upgrade-insecure-requests' => '1',
  'user-agent' => 'Mozilla/5.0 (Windows NT 6.1; WOW64) AppleWebKit/537.36 (KHTML, like Gecko) Chrome/45.0.2454.101 Safari/537.36',
  'referer' => 'http://www.yzncms.com/admin/index/checklogin.html',
  'accept-encoding' => 'gzip, deflate, sdch',
  'accept-language' => 'zh-CN,zh;q=0.8',
  'cookie' => 'thinkphp_show_page_trace=0|0; pgv_pvi=7585390592; thinkphp_show_page_trace=0|0; PHPSESSID=g4v915jgomdc1o9ik3j6368mv3',
)
[ info ] [ PARAM ] array (
)
[ info ] [ BEHAVIOR ] Run app\admin\behavior\CheckLoginStatus @action_begin [ RunTime:0.000000s ]
[ info ] [ RUN ] app\admin\controller\Index->login[ E:\yzncms\apps\admin\controller\Index.php ]
[ info ] [ VIEW ] E:\yzncms/apps/admin\view\login.html [ array (
) ]
[ info ] [ LOG ] INIT File

---------------------------------------------------------------
[ 2017-03-28T11:11:34+08:00 ] 127.0.0.1 127.0.0.1 GET /admin/index/login.html
[ log ] www.yzncms.com/admin/index/login.html [运行时间：0.008001s][吞吐率：124.98req/s] [内存消耗：210.33kb] [文件加载：41]
[ info ] [ LANG ] E:\yzncms\thinkphp\lang\zh-cn.php
[ info ] [ ROUTE ] array (
  'type' => 'module',
  'module' => 
  array (
    0 => 'admin',
    1 => 'index',
    2 => 'login',
  ),
)
[ info ] [ HEADER ] array (
  'host' => 'www.yzncms.com',
  'connection' => 'keep-alive',
  'pragma' => 'no-cache',
  'cache-control' => 'no-cache',
  'accept' => 'text/html,application/xhtml+xml,application/xml;q=0.9,image/webp,*/*;q=0.8',
  'upgrade-insecure-requests' => '1',
  'user-agent' => 'Mozilla/5.0 (Windows NT 6.1; WOW64) AppleWebKit/537.36 (KHTML, like Gecko) Chrome/45.0.2454.101 Safari/537.36',
  'referer' => 'http://www.yzncms.com/admin/index/checklogin.html',
  'accept-encoding' => 'gzip, deflate, sdch',
  'accept-language' => 'zh-CN,zh;q=0.8',
  'cookie' => 'thinkphp_show_page_trace=0|0; pgv_pvi=7585390592; thinkphp_show_page_trace=0|0; PHPSESSID=g4v915jgomdc1o9ik3j6368mv3',
)
[ info ] [ PARAM ] array (
)
[ info ] [ BEHAVIOR ] Run app\admin\behavior\CheckLoginStatus @action_begin [ RunTime:0.000000s ]
[ info ] [ RUN ] app\admin\controller\Index->login[ E:\yzncms\apps\admin\controller\Index.php ]
[ info ] [ VIEW ] E:\yzncms/apps/admin\view\login.html [ array (
) ]
[ info ] [ LOG ] INIT File

---------------------------------------------------------------
[ 2017-03-28T11:11:34+08:00 ] 127.0.0.1 127.0.0.1 GET /admin/index/login.html
[ log ] www.yzncms.com/admin/index/login.html [运行时间：0.012000s][吞吐率：83.33req/s] [内存消耗：210.33kb] [文件加载：41]
[ info ] [ LANG ] E:\yzncms\thinkphp\lang\zh-cn.php
[ info ] [ ROUTE ] array (
  'type' => 'module',
  'module' => 
  array (
    0 => 'admin',
    1 => 'index',
    2 => 'login',
  ),
)
[ info ] [ HEADER ] array (
  'host' => 'www.yzncms.com',
  'connection' => 'keep-alive',
  'pragma' => 'no-cache',
  'cache-control' => 'no-cache',
  'accept' => 'text/html,application/xhtml+xml,application/xml;q=0.9,image/webp,*/*;q=0.8',
  'upgrade-insecure-requests' => '1',
  'user-agent' => 'Mozilla/5.0 (Windows NT 6.1; WOW64) AppleWebKit/537.36 (KHTML, like Gecko) Chrome/45.0.2454.101 Safari/537.36',
  'referer' => 'http://www.yzncms.com/admin/index/checklogin.html',
  'accept-encoding' => 'gzip, deflate, sdch',
  'accept-language' => 'zh-CN,zh;q=0.8',
  'cookie' => 'thinkphp_show_page_trace=0|0; pgv_pvi=7585390592; thinkphp_show_page_trace=0|0; PHPSESSID=g4v915jgomdc1o9ik3j6368mv3',
)
[ info ] [ PARAM ] array (
)
[ info ] [ BEHAVIOR ] Run app\admin\behavior\CheckLoginStatus @action_begin [ RunTime:0.000000s ]
[ info ] [ RUN ] app\admin\controller\Index->login[ E:\yzncms\apps\admin\controller\Index.php ]
[ info ] [ VIEW ] E:\yzncms/apps/admin\view\login.html [ array (
) ]
[ info ] [ LOG ] INIT File

---------------------------------------------------------------
[ 2017-03-28T11:11:34+08:00 ] 127.0.0.1 127.0.0.1 GET /admin/index/login.html
[ log ] www.yzncms.com/admin/index/login.html [运行时间：0.011001s][吞吐率：90.90req/s] [内存消耗：210.33kb] [文件加载：41]
[ info ] [ LANG ] E:\yzncms\thinkphp\lang\zh-cn.php
[ info ] [ ROUTE ] array (
  'type' => 'module',
  'module' => 
  array (
    0 => 'admin',
    1 => 'index',
    2 => 'login',
  ),
)
[ info ] [ HEADER ] array (
  'host' => 'www.yzncms.com',
  'connection' => 'keep-alive',
  'pragma' => 'no-cache',
  'cache-control' => 'no-cache',
  'accept' => 'text/html,application/xhtml+xml,application/xml;q=0.9,image/webp,*/*;q=0.8',
  'upgrade-insecure-requests' => '1',
  'user-agent' => 'Mozilla/5.0 (Windows NT 6.1; WOW64) AppleWebKit/537.36 (KHTML, like Gecko) Chrome/45.0.2454.101 Safari/537.36',
  'referer' => 'http://www.yzncms.com/admin/index/checklogin.html',
  'accept-encoding' => 'gzip, deflate, sdch',
  'accept-language' => 'zh-CN,zh;q=0.8',
  'cookie' => 'thinkphp_show_page_trace=0|0; pgv_pvi=7585390592; thinkphp_show_page_trace=0|0; PHPSESSID=g4v915jgomdc1o9ik3j6368mv3',
)
[ info ] [ PARAM ] array (
)
[ info ] [ BEHAVIOR ] Run app\admin\behavior\CheckLoginStatus @action_begin [ RunTime:0.000000s ]
[ info ] [ RUN ] app\admin\controller\Index->login[ E:\yzncms\apps\admin\controller\Index.php ]
[ info ] [ VIEW ] E:\yzncms/apps/admin\view\login.html [ array (
) ]
[ info ] [ LOG ] INIT File

---------------------------------------------------------------
[ 2017-03-28T11:11:34+08:00 ] 127.0.0.1 127.0.0.1 GET /admin/index/login.html
[ log ] www.yzncms.com/admin/index/login.html [运行时间：0.010001s][吞吐率：99.99req/s] [内存消耗：210.33kb] [文件加载：41]
[ info ] [ LANG ] E:\yzncms\thinkphp\lang\zh-cn.php
[ info ] [ ROUTE ] array (
  'type' => 'module',
  'module' => 
  array (
    0 => 'admin',
    1 => 'index',
    2 => 'login',
  ),
)
[ info ] [ HEADER ] array (
  'host' => 'www.yzncms.com',
  'connection' => 'keep-alive',
  'pragma' => 'no-cache',
  'cache-control' => 'no-cache',
  'accept' => 'text/html,application/xhtml+xml,application/xml;q=0.9,image/webp,*/*;q=0.8',
  'upgrade-insecure-requests' => '1',
  'user-agent' => 'Mozilla/5.0 (Windows NT 6.1; WOW64) AppleWebKit/537.36 (KHTML, like Gecko) Chrome/45.0.2454.101 Safari/537.36',
  'referer' => 'http://www.yzncms.com/admin/index/checklogin.html',
  'accept-encoding' => 'gzip, deflate, sdch',
  'accept-language' => 'zh-CN,zh;q=0.8',
  'cookie' => 'thinkphp_show_page_trace=0|0; pgv_pvi=7585390592; thinkphp_show_page_trace=0|0; PHPSESSID=g4v915jgomdc1o9ik3j6368mv3',
)
[ info ] [ PARAM ] array (
)
[ info ] [ BEHAVIOR ] Run app\admin\behavior\CheckLoginStatus @action_begin [ RunTime:0.001000s ]
[ info ] [ RUN ] app\admin\controller\Index->login[ E:\yzncms\apps\admin\controller\Index.php ]
[ info ] [ VIEW ] E:\yzncms/apps/admin\view\login.html [ array (
) ]
[ info ] [ LOG ] INIT File

---------------------------------------------------------------
[ 2017-03-28T11:11:34+08:00 ] 127.0.0.1 127.0.0.1 GET /admin/index/login.html
[ log ] www.yzncms.com/admin/index/login.html [运行时间：0.010000s][吞吐率：100.00req/s] [内存消耗：210.33kb] [文件加载：41]
[ info ] [ LANG ] E:\yzncms\thinkphp\lang\zh-cn.php
[ info ] [ ROUTE ] array (
  'type' => 'module',
  'module' => 
  array (
    0 => 'admin',
    1 => 'index',
    2 => 'login',
  ),
)
[ info ] [ HEADER ] array (
  'host' => 'www.yzncms.com',
  'connection' => 'keep-alive',
  'pragma' => 'no-cache',
  'cache-control' => 'no-cache',
  'accept' => 'text/html,application/xhtml+xml,application/xml;q=0.9,image/webp,*/*;q=0.8',
  'upgrade-insecure-requests' => '1',
  'user-agent' => 'Mozilla/5.0 (Windows NT 6.1; WOW64) AppleWebKit/537.36 (KHTML, like Gecko) Chrome/45.0.2454.101 Safari/537.36',
  'referer' => 'http://www.yzncms.com/admin/index/checklogin.html',
  'accept-encoding' => 'gzip, deflate, sdch',
  'accept-language' => 'zh-CN,zh;q=0.8',
  'cookie' => 'thinkphp_show_page_trace=0|0; pgv_pvi=7585390592; thinkphp_show_page_trace=0|0; PHPSESSID=g4v915jgomdc1o9ik3j6368mv3',
)
[ info ] [ PARAM ] array (
)
[ info ] [ BEHAVIOR ] Run app\admin\behavior\CheckLoginStatus @action_begin [ RunTime:0.001000s ]
[ info ] [ RUN ] app\admin\controller\Index->login[ E:\yzncms\apps\admin\controller\Index.php ]
[ info ] [ VIEW ] E:\yzncms/apps/admin\view\login.html [ array (
) ]
[ info ] [ LOG ] INIT File

---------------------------------------------------------------
[ 2017-03-28T11:11:34+08:00 ] 127.0.0.1 127.0.0.1 GET /admin/index/login.html
[ log ] www.yzncms.com/admin/index/login.html [运行时间：0.008001s][吞吐率：124.99req/s] [内存消耗：210.33kb] [文件加载：41]
[ info ] [ LANG ] E:\yzncms\thinkphp\lang\zh-cn.php
[ info ] [ ROUTE ] array (
  'type' => 'module',
  'module' => 
  array (
    0 => 'admin',
    1 => 'index',
    2 => 'login',
  ),
)
[ info ] [ HEADER ] array (
  'host' => 'www.yzncms.com',
  'connection' => 'keep-alive',
  'pragma' => 'no-cache',
  'cache-control' => 'no-cache',
  'accept' => 'text/html,application/xhtml+xml,application/xml;q=0.9,image/webp,*/*;q=0.8',
  'upgrade-insecure-requests' => '1',
  'user-agent' => 'Mozilla/5.0 (Windows NT 6.1; WOW64) AppleWebKit/537.36 (KHTML, like Gecko) Chrome/45.0.2454.101 Safari/537.36',
  'referer' => 'http://www.yzncms.com/admin/index/checklogin.html',
  'accept-encoding' => 'gzip, deflate, sdch',
  'accept-language' => 'zh-CN,zh;q=0.8',
  'cookie' => 'thinkphp_show_page_trace=0|0; pgv_pvi=7585390592; thinkphp_show_page_trace=0|0; PHPSESSID=g4v915jgomdc1o9ik3j6368mv3',
)
[ info ] [ PARAM ] array (
)
[ info ] [ BEHAVIOR ] Run app\admin\behavior\CheckLoginStatus @action_begin [ RunTime:0.000000s ]
[ info ] [ RUN ] app\admin\controller\Index->login[ E:\yzncms\apps\admin\controller\Index.php ]
[ info ] [ VIEW ] E:\yzncms/apps/admin\view\login.html [ array (
) ]
[ info ] [ LOG ] INIT File

---------------------------------------------------------------
[ 2017-03-28T11:11:34+08:00 ] 127.0.0.1 127.0.0.1 GET /admin/index/login.html
[ log ] www.yzncms.com/admin/index/login.html [运行时间：0.010001s][吞吐率：99.99req/s] [内存消耗：210.33kb] [文件加载：41]
[ info ] [ LANG ] E:\yzncms\thinkphp\lang\zh-cn.php
[ info ] [ ROUTE ] array (
  'type' => 'module',
  'module' => 
  array (
    0 => 'admin',
    1 => 'index',
    2 => 'login',
  ),
)
[ info ] [ HEADER ] array (
  'host' => 'www.yzncms.com',
  'connection' => 'keep-alive',
  'pragma' => 'no-cache',
  'cache-control' => 'no-cache',
  'accept' => 'text/html,application/xhtml+xml,application/xml;q=0.9,image/webp,*/*;q=0.8',
  'upgrade-insecure-requests' => '1',
  'user-agent' => 'Mozilla/5.0 (Windows NT 6.1; WOW64) AppleWebKit/537.36 (KHTML, like Gecko) Chrome/45.0.2454.101 Safari/537.36',
  'referer' => 'http://www.yzncms.com/admin/index/checklogin.html',
  'accept-encoding' => 'gzip, deflate, sdch',
  'accept-language' => 'zh-CN,zh;q=0.8',
  'cookie' => 'thinkphp_show_page_trace=0|0; pgv_pvi=7585390592; thinkphp_show_page_trace=0|0; PHPSESSID=g4v915jgomdc1o9ik3j6368mv3',
)
[ info ] [ PARAM ] array (
)
[ info ] [ BEHAVIOR ] Run app\admin\behavior\CheckLoginStatus @action_begin [ RunTime:0.000000s ]
[ info ] [ RUN ] app\admin\controller\Index->login[ E:\yzncms\apps\admin\controller\Index.php ]
[ info ] [ VIEW ] E:\yzncms/apps/admin\view\login.html [ array (
) ]
[ info ] [ LOG ] INIT File

---------------------------------------------------------------
[ 2017-03-28T11:11:40+08:00 ] 127.0.0.1 127.0.0.1 POST /admin/index/checklogin.html
[ log ] www.yzncms.com/admin/index/checklogin.html [运行时间：0.033001s][吞吐率：30.30req/s] [内存消耗：375.52kb] [文件加载：48]
[ info ] [ LANG ] E:\yzncms\thinkphp\lang\zh-cn.php
[ info ] [ ROUTE ] array (
  'type' => 'module',
  'module' => 
  array (
    0 => 'admin',
    1 => 'index',
    2 => 'checklogin',
  ),
)
[ info ] [ HEADER ] array (
  'host' => 'www.yzncms.com',
  'connection' => 'keep-alive',
  'content-length' => '37',
  'cache-control' => 'max-age=0',
  'accept' => 'text/html,application/xhtml+xml,application/xml;q=0.9,image/webp,*/*;q=0.8',
  'origin' => 'http://www.yzncms.com',
  'upgrade-insecure-requests' => '1',
  'user-agent' => 'Mozilla/5.0 (Windows NT 6.1; WOW64) AppleWebKit/537.36 (KHTML, like Gecko) Chrome/45.0.2454.101 Safari/537.36',
  'content-type' => 'application/x-www-form-urlencoded',
  'referer' => 'http://www.yzncms.com/admin/index/login.html',
  'accept-encoding' => 'gzip, deflate',
  'accept-language' => 'zh-CN,zh;q=0.8',
  'cookie' => 'thinkphp_show_page_trace=0|0; pgv_pvi=7585390592; thinkphp_show_page_trace=0|0; PHPSESSID=g4v915jgomdc1o9ik3j6368mv3',
)
[ info ] [ PARAM ] array (
  'username' => '45454',
  'password' => '4545',
  'captcha' => '',
)
[ info ] [ BEHAVIOR ] Run app\admin\behavior\CheckLoginStatus @action_begin [ RunTime:0.001000s ]
[ info ] [ RUN ] app\admin\controller\Index->checkLogin[ E:\yzncms\apps\admin\controller\Index.php ]
[ info ] [ DB ] INIT mysql
[ info ] [ VIEW ] E:\yzncms/apps/admin\view\public\dispatch_jump.tpl [ array (
  0 => 'code',
  1 => 'msg',
  2 => 'data',
  3 => 'url',
  4 => 'wait',
) ]
[ info ] [ LOG ] INIT File
[ sql ] [ DB ] CONNECT:[ UseTime:0.001000s ] mysql:dbname=yzncms;host=127.0.0.1;charset=utf8
[ sql ] [ SQL ] SHOW COLUMNS FROM `yzn_admin` [ RunTime:0.011001s ]
[ sql ] [ SQL ] SELECT * FROM `yzn_admin` WHERE  `username` = '45454' LIMIT 1 [ RunTime:0.000000s ]

---------------------------------------------------------------
[ 2017-03-28T11:11:48+08:00 ] 127.0.0.1 127.0.0.1 POST /admin/index/checklogin.html
[ log ] www.yzncms.com/admin/index/checklogin.html [运行时间：0.025002s][吞吐率：40.00req/s] [内存消耗：374.37kb] [文件加载：48]
[ info ] [ LANG ] E:\yzncms\thinkphp\lang\zh-cn.php
[ info ] [ ROUTE ] array (
  'type' => 'module',
  'module' => 
  array (
    0 => 'admin',
    1 => 'index',
    2 => 'checklogin',
  ),
)
[ info ] [ HEADER ] array (
  'host' => 'www.yzncms.com',
  'connection' => 'keep-alive',
  'content-length' => '38',
  'cache-control' => 'max-age=0',
  'accept' => 'text/html,application/xhtml+xml,application/xml;q=0.9,image/webp,*/*;q=0.8',
  'origin' => 'http://www.yzncms.com',
  'upgrade-insecure-requests' => '1',
  'user-agent' => 'Mozilla/5.0 (Windows NT 6.1; WOW64) AppleWebKit/537.36 (KHTML, like Gecko) Chrome/45.0.2454.101 Safari/537.36',
  'content-type' => 'application/x-www-form-urlencoded',
  'referer' => 'http://www.yzncms.com/admin/index/login.html',
  'accept-encoding' => 'gzip, deflate',
  'accept-language' => 'zh-CN,zh;q=0.8',
  'cookie' => 'thinkphp_show_page_trace=0|0; pgv_pvi=7585390592; thinkphp_show_page_trace=0|0; PHPSESSID=g4v915jgomdc1o9ik3j6368mv3',
)
[ info ] [ PARAM ] array (
  'username' => 'admin',
  'password' => '45465',
  'captcha' => '',
)
[ info ] [ BEHAVIOR ] Run app\admin\behavior\CheckLoginStatus @action_begin [ RunTime:0.001000s ]
[ info ] [ RUN ] app\admin\controller\Index->checkLogin[ E:\yzncms\apps\admin\controller\Index.php ]
[ info ] [ DB ] INIT mysql
[ info ] [ VIEW ] E:\yzncms/apps/admin\view\public\dispatch_jump.tpl [ array (
  0 => 'code',
  1 => 'msg',
  2 => 'data',
  3 => 'url',
  4 => 'wait',
) ]
[ info ] [ LOG ] INIT File
[ sql ] [ DB ] CONNECT:[ UseTime:0.001000s ] mysql:dbname=yzncms;host=127.0.0.1;charset=utf8
[ sql ] [ SQL ] SHOW COLUMNS FROM `yzn_admin` [ RunTime:0.008000s ]
[ sql ] [ SQL ] SELECT * FROM `yzn_admin` WHERE  `username` = 'admin' LIMIT 1 [ RunTime:0.000000s ]

---------------------------------------------------------------
[ 2017-03-28T11:11:51+08:00 ] 127.0.0.1 127.0.0.1 POST /admin/index/checklogin.html
[ log ] www.yzncms.com/admin/index/checklogin.html [运行时间：0.019001s][吞吐率：52.63req/s] [内存消耗：352.14kb] [文件加载：48]
[ info ] [ LANG ] E:\yzncms\thinkphp\lang\zh-cn.php
[ info ] [ ROUTE ] array (
  'type' => 'module',
  'module' => 
  array (
    0 => 'admin',
    1 => 'index',
    2 => 'checklogin',
  ),
)
[ info ] [ HEADER ] array (
  'host' => 'www.yzncms.com',
  'connection' => 'keep-alive',
  'content-length' => '28',
  'cache-control' => 'max-age=0',
  'accept' => 'text/html,application/xhtml+xml,application/xml;q=0.9,image/webp,*/*;q=0.8',
  'origin' => 'http://www.yzncms.com',
  'upgrade-insecure-requests' => '1',
  'user-agent' => 'Mozilla/5.0 (Windows NT 6.1; WOW64) AppleWebKit/537.36 (KHTML, like Gecko) Chrome/45.0.2454.101 Safari/537.36',
  'content-type' => 'application/x-www-form-urlencoded',
  'referer' => 'http://www.yzncms.com/admin/index/login.html',
  'accept-encoding' => 'gzip, deflate',
  'accept-language' => 'zh-CN,zh;q=0.8',
  'cookie' => 'thinkphp_show_page_trace=0|0; pgv_pvi=7585390592; thinkphp_show_page_trace=0|0; PHPSESSID=g4v915jgomdc1o9ik3j6368mv3',
)
[ info ] [ PARAM ] array (
  'username' => '',
  'password' => '',
  'captcha' => '',
)
[ info ] [ BEHAVIOR ] Run app\admin\behavior\CheckLoginStatus @action_begin [ RunTime:0.000000s ]
[ info ] [ RUN ] app\admin\controller\Index->checkLogin[ E:\yzncms\apps\admin\controller\Index.php ]
[ info ] [ DB ] INIT mysql
[ info ] [ VIEW ] E:\yzncms/apps/admin\view\public\dispatch_jump.tpl [ array (
  0 => 'code',
  1 => 'msg',
  2 => 'data',
  3 => 'url',
  4 => 'wait',
) ]
[ info ] [ LOG ] INIT File

---------------------------------------------------------------
[ 2017-03-28T11:12:01+08:00 ] 127.0.0.1 127.0.0.1 POST /admin/index/checklogin.html
[ log ] www.yzncms.com/admin/index/checklogin.html [运行时间：0.024001s][吞吐率：41.67req/s] [内存消耗：374.38kb] [文件加载：48]
[ info ] [ LANG ] E:\yzncms\thinkphp\lang\zh-cn.php
[ info ] [ ROUTE ] array (
  'type' => 'module',
  'module' => 
  array (
    0 => 'admin',
    1 => 'index',
    2 => 'checklogin',
  ),
)
[ info ] [ HEADER ] array (
  'host' => 'www.yzncms.com',
  'connection' => 'keep-alive',
  'content-length' => '41',
  'cache-control' => 'max-age=0',
  'accept' => 'text/html,application/xhtml+xml,application/xml;q=0.9,image/webp,*/*;q=0.8',
  'origin' => 'http://www.yzncms.com',
  'upgrade-insecure-requests' => '1',
  'user-agent' => 'Mozilla/5.0 (Windows NT 6.1; WOW64) AppleWebKit/537.36 (KHTML, like Gecko) Chrome/45.0.2454.101 Safari/537.36',
  'content-type' => 'application/x-www-form-urlencoded',
  'referer' => 'http://www.yzncms.com/admin/index/login.html',
  'accept-encoding' => 'gzip, deflate',
  'accept-language' => 'zh-CN,zh;q=0.8',
  'cookie' => 'thinkphp_show_page_trace=0|0; pgv_pvi=7585390592; thinkphp_show_page_trace=0|0; PHPSESSID=g4v915jgomdc1o9ik3j6368mv3',
)
[ info ] [ PARAM ] array (
  'username' => 'admin',
  'password' => '66552432',
  'captcha' => '',
)
[ info ] [ BEHAVIOR ] Run app\admin\behavior\CheckLoginStatus @action_begin [ RunTime:0.000000s ]
[ info ] [ RUN ] app\admin\controller\Index->checkLogin[ E:\yzncms\apps\admin\controller\Index.php ]
[ info ] [ DB ] INIT mysql
[ info ] [ VIEW ] E:\yzncms/apps/admin\view\public\dispatch_jump.tpl [ array (
  0 => 'code',
  1 => 'msg',
  2 => 'data',
  3 => 'url',
  4 => 'wait',
) ]
[ info ] [ LOG ] INIT File
[ sql ] [ DB ] CONNECT:[ UseTime:0.001000s ] mysql:dbname=yzncms;host=127.0.0.1;charset=utf8
[ sql ] [ SQL ] SHOW COLUMNS FROM `yzn_admin` [ RunTime:0.007001s ]
[ sql ] [ SQL ] SELECT * FROM `yzn_admin` WHERE  `username` = 'admin' LIMIT 1 [ RunTime:0.000000s ]

---------------------------------------------------------------
[ 2017-03-28T11:12:09+08:00 ] 127.0.0.1 127.0.0.1 POST /admin/index/checklogin.html
[ log ] www.yzncms.com/admin/index/checklogin.html [运行时间：0.032002s][吞吐率：31.25req/s] [内存消耗：352.15kb] [文件加载：50]
[ info ] [ LANG ] E:\yzncms\thinkphp\lang\zh-cn.php
[ info ] [ ROUTE ] array (
  'type' => 'module',
  'module' => 
  array (
    0 => 'admin',
    1 => 'index',
    2 => 'checklogin',
  ),
)
[ info ] [ HEADER ] array (
  'host' => 'www.yzncms.com',
  'connection' => 'keep-alive',
  'content-length' => '39',
  'cache-control' => 'max-age=0',
  'accept' => 'text/html,application/xhtml+xml,application/xml;q=0.9,image/webp,*/*;q=0.8',
  'origin' => 'http://www.yzncms.com',
  'upgrade-insecure-requests' => '1',
  'user-agent' => 'Mozilla/5.0 (Windows NT 6.1; WOW64) AppleWebKit/537.36 (KHTML, like Gecko) Chrome/45.0.2454.101 Safari/537.36',
  'content-type' => 'application/x-www-form-urlencoded',
  'referer' => 'http://www.yzncms.com/admin/index/login.html',
  'accept-encoding' => 'gzip, deflate',
  'accept-language' => 'zh-CN,zh;q=0.8',
  'cookie' => 'thinkphp_show_page_trace=0|0; pgv_pvi=7585390592; thinkphp_show_page_trace=0|0; PHPSESSID=g4v915jgomdc1o9ik3j6368mv3',
)
[ info ] [ PARAM ] array (
  'username' => 'admin',
  'password' => '123456',
  'captcha' => '',
)
[ info ] [ BEHAVIOR ] Run app\admin\behavior\CheckLoginStatus @action_begin [ RunTime:0.000000s ]
[ info ] [ RUN ] app\admin\controller\Index->checkLogin[ E:\yzncms\apps\admin\controller\Index.php ]
[ info ] [ DB ] INIT mysql
[ info ] [ LOG ] INIT File
[ sql ] [ DB ] CONNECT:[ UseTime:0.001000s ] mysql:dbname=yzncms;host=127.0.0.1;charset=utf8
[ sql ] [ SQL ] SHOW COLUMNS FROM `yzn_admin` [ RunTime:0.009000s ]
[ sql ] [ SQL ] SELECT * FROM `yzn_admin` WHERE  `username` = 'admin' LIMIT 1 [ RunTime:0.000000s ]
[ error ] [8]未定义变量: user[E:\yzncms\apps\admin\model\Admin.php:36]

---------------------------------------------------------------
